<?xml version="1.0" encoding="UTF-8" standalone="yes"?><!DOCTYPE report PUBLIC "-//JACOCO//DTD Report 1.1//EN" "report.dtd"><report name="LinkedList"><sessioninfo id="DESKTOP-0MJAK24-186b39f8" start="1653475290945" dump="1653475292906"/><package name="com/github/coderodde/util/benchmark"><class name="com/github/coderodde/util/benchmark/LinkedListBenchmark$BenchmarkChoice" sourcefilename="LinkedListBenchmark.java"><method name="&lt;clinit&gt;" desc="()V" line="92"><counter type="INSTRUCTION" missed="15" covered="0"/><counter type="LINE" missed="1" covered="0"/><counter type="COMPLEXITY" missed="1" covered="0"/><counter type="METHOD" missed="1" covered="0"/></method><counter type="INSTRUCTION" missed="15" covered="0"/><counter type="LINE" missed="1" covered="0"/><counter type="COMPLEXITY" missed="1" covered="0"/><counter type="METHOD" missed="1" covered="0"/><counter type="CLASS" missed="1" covered="0"/></class><class name="com/github/coderodde/util/benchmark/LinkedListBenchmark" sourcefilename="LinkedListBenchmark.java"><method name="&lt;init&gt;" desc="(J)V" line="40"><counter type="INSTRUCTION" missed="59" covered="0"/><counter type="BRANCH" missed="2" covered="0"/><counter type="LINE" missed="14" covered="0"/><counter type="COMPLEXITY" missed="2" covered="0"/><counter type="METHOD" missed="1" covered="0"/></method><method name="warmup" desc="()V" line="61"><counter type="INSTRUCTION" missed="4" covered="0"/><counter type="LINE" missed="2" covered="0"/><counter type="COMPLEXITY" missed="1" covered="0"/><counter type="METHOD" missed="1" covered="0"/></method><method name="benchmark" desc="()V" line="65"><counter type="INSTRUCTION" missed="4" covered="0"/><counter type="LINE" missed="2" covered="0"/><counter type="COMPLEXITY" missed="1" covered="0"/><counter type="METHOD" missed="1" covered="0"/></method><method name="clear" desc="(Ljava/util/List;II)V" line="71"><counter type="INSTRUCTION" missed="12" covered="0"/><counter type="BRANCH" missed="2" covered="0"/><counter type="LINE" missed="3" covered="0"/><counter type="COMPLEXITY" missed="2" covered="0"/><counter type="METHOD" missed="1" covered="0"/></method><method name="getRandomInteger" desc="(Ljava/util/Random;)Ljava/lang/Integer;" line="77"><counter type="INSTRUCTION" missed="5" covered="0"/><counter type="LINE" missed="1" covered="0"/><counter type="COMPLEXITY" missed="1" covered="0"/><counter type="METHOD" missed="1" covered="0"/></method><method name="createRandomCollection" desc="(Ljava/util/Random;)Ljava/util/List;" line="81"><counter type="INSTRUCTION" missed="25" covered="0"/><counter type="BRANCH" missed="2" covered="0"/><counter type="LINE" missed="5" covered="0"/><counter type="COMPLEXITY" missed="2" covered="0"/><counter type="METHOD" missed="1" covered="0"/></method><method name="initRandomGenerators" desc="()V" line="95"><counter type="INSTRUCTION" missed="29" covered="0"/><counter type="LINE" missed="5" covered="0"/><counter type="COMPLEXITY" missed="1" covered="0"/><counter type="METHOD" missed="1" covered="0"/></method><method name="listsEqual" desc="()V" line="102"><counter type="INSTRUCTION" missed="24" covered="0"/><counter type="LINE" missed="2" covered="0"/><counter type="COMPLEXITY" missed="1" covered="0"/><counter type="METHOD" missed="1" covered="0"/></method><method name="listsEqual" desc="([Ljava/util/List;)V" line="109"><counter type="INSTRUCTION" missed="92" covered="0"/><counter type="BRANCH" missed="16" covered="0"/><counter type="LINE" missed="18" covered="0"/><counter type="COMPLEXITY" missed="9" covered="0"/><counter type="METHOD" missed="1" covered="0"/></method><method name="profile" desc="(Lcom/github/coderodde/util/benchmark/LinkedListBenchmark$BenchmarkChoice;)V" line="145"><counter type="INSTRUCTION" missed="42" covered="0"/><counter type="LINE" missed="21" covered="0"/><counter type="COMPLEXITY" missed="1" covered="0"/><counter type="METHOD" missed="1" covered="0"/></method><method name="zeroTimeDurationCounters" desc="()V" line="174"><counter type="INSTRUCTION" missed="16" covered="0"/><counter type="LINE" missed="6" covered="0"/><counter type="COMPLEXITY" missed="1" covered="0"/><counter type="METHOD" missed="1" covered="0"/></method><method name="resetLists" desc="()V" line="182"><counter type="INSTRUCTION" missed="21" covered="0"/><counter type="LINE" missed="5" covered="0"/><counter type="COMPLEXITY" missed="1" covered="0"/><counter type="METHOD" missed="1" covered="0"/></method><method name="profileAddFirst" desc="()V" line="189"><counter type="INSTRUCTION" missed="13" covered="0"/><counter type="LINE" missed="7" covered="0"/><counter type="COMPLEXITY" missed="1" covered="0"/><counter type="METHOD" missed="1" covered="0"/></method><method name="profileAddLast" desc="()V" line="199"><counter type="INSTRUCTION" missed="13" covered="0"/><counter type="LINE" missed="7" covered="0"/><counter type="COMPLEXITY" missed="1" covered="0"/><counter type="METHOD" missed="1" covered="0"/></method><method name="profileAddViaIndex" desc="()V" line="209"><counter type="INSTRUCTION" missed="13" covered="0"/><counter type="LINE" missed="7" covered="0"/><counter type="COMPLEXITY" missed="1" covered="0"/><counter type="METHOD" missed="1" covered="0"/></method><method name="profileAddCollection" desc="()V" line="219"><counter type="INSTRUCTION" missed="13" covered="0"/><counter type="LINE" missed="7" covered="0"/><counter type="COMPLEXITY" missed="1" covered="0"/><counter type="METHOD" missed="1" covered="0"/></method><method name="profileGet" desc="()V" line="229"><counter type="INSTRUCTION" missed="13" covered="0"/><counter type="LINE" missed="7" covered="0"/><counter type="COMPLEXITY" missed="1" covered="0"/><counter type="METHOD" missed="1" covered="0"/></method><method name="profileRemoveFirst" desc="()V" line="240"><counter type="INSTRUCTION" missed="13" covered="0"/><counter type="LINE" missed="7" covered="0"/><counter type="COMPLEXITY" missed="1" covered="0"/><counter type="METHOD" missed="1" covered="0"/></method><method name="profileRemoveLast" desc="()V" line="250"><counter type="INSTRUCTION" missed="13" covered="0"/><counter type="LINE" missed="7" covered="0"/><counter type="COMPLEXITY" missed="1" covered="0"/><counter type="METHOD" missed="1" covered="0"/></method><method name="profileAppendCollection" desc="()V" line="260"><counter type="INSTRUCTION" missed="13" covered="0"/><counter type="LINE" missed="7" covered="0"/><counter type="COMPLEXITY" missed="1" covered="0"/><counter type="METHOD" missed="1" covered="0"/></method><method name="profileRemoveViaIndex" desc="()V" line="270"><counter type="INSTRUCTION" missed="13" covered="0"/><counter type="LINE" missed="7" covered="0"/><counter type="COMPLEXITY" missed="1" covered="0"/><counter type="METHOD" missed="1" covered="0"/></method><method name="profileRemoveObject" desc="()V" line="280"><counter type="INSTRUCTION" missed="13" covered="0"/><counter type="LINE" missed="7" covered="0"/><counter type="COMPLEXITY" missed="1" covered="0"/><counter type="METHOD" missed="1" covered="0"/></method><method name="profileListIteratorAddition" desc="()V" line="290"><counter type="INSTRUCTION" missed="13" covered="0"/><counter type="LINE" missed="7" covered="0"/><counter type="COMPLEXITY" missed="1" covered="0"/><counter type="METHOD" missed="1" covered="0"/></method><method name="profileListIteratorRemoval" desc="()V" line="300"><counter type="INSTRUCTION" missed="13" covered="0"/><counter type="LINE" missed="7" covered="0"/><counter type="COMPLEXITY" missed="1" covered="0"/><counter type="METHOD" missed="1" covered="0"/></method><method name="profileStream" desc="()V" line="310"><counter type="INSTRUCTION" missed="13" covered="0"/><counter type="LINE" missed="7" covered="0"/><counter type="COMPLEXITY" missed="1" covered="0"/><counter type="METHOD" missed="1" covered="0"/></method><method name="profileParallelStream" desc="()V" line="320"><counter type="INSTRUCTION" missed="25" covered="0"/><counter type="LINE" missed="11" covered="0"/><counter type="COMPLEXITY" missed="1" covered="0"/><counter type="METHOD" missed="1" covered="0"/></method><method name="profileRemoveAll" desc="()V" line="335"><counter type="INSTRUCTION" missed="81" covered="0"/><counter type="BRANCH" missed="2" covered="0"/><counter type="LINE" missed="20" covered="0"/><counter type="COMPLEXITY" missed="2" covered="0"/><counter type="METHOD" missed="1" covered="0"/></method><method name="getIntegerArray" desc="(I)Ljava/util/List;" line="363"><counter type="INSTRUCTION" missed="23" covered="0"/><counter type="BRANCH" missed="2" covered="0"/><counter type="LINE" missed="5" covered="0"/><counter type="COMPLEXITY" missed="2" covered="0"/><counter type="METHOD" missed="1" covered="0"/></method><method name="profileSubListClear" desc="()V" line="374"><counter type="INSTRUCTION" missed="49" covered="0"/><counter type="LINE" missed="15" covered="0"/><counter type="COMPLEXITY" missed="1" covered="0"/><counter type="METHOD" missed="1" covered="0"/></method><method name="printTotalDurations" desc="()V" line="394"><counter type="INSTRUCTION" missed="40" covered="0"/><counter type="LINE" missed="10" covered="0"/><counter type="COMPLEXITY" missed="1" covered="0"/><counter type="METHOD" missed="1" covered="0"/></method><method name="profileAddFirst" desc="(Ljava/util/List;ILjava/util/Random;)J" line="422"><counter type="INSTRUCTION" missed="29" covered="0"/><counter type="BRANCH" missed="2" covered="0"/><counter type="LINE" missed="8" covered="0"/><counter type="COMPLEXITY" missed="2" covered="0"/><counter type="METHOD" missed="1" covered="0"/></method><method name="profileAddLast" desc="(Ljava/util/List;ILjava/util/Random;)J" line="444"><counter type="INSTRUCTION" missed="30" covered="0"/><counter type="BRANCH" missed="2" covered="0"/><counter type="LINE" missed="8" covered="0"/><counter type="COMPLEXITY" missed="2" covered="0"/><counter type="METHOD" missed="1" covered="0"/></method><method name="profileAddIndex" desc="(Ljava/util/List;ILjava/util/Random;)J" line="466"><counter type="INSTRUCTION" missed="36" covered="0"/><counter type="BRANCH" missed="2" covered="0"/><counter type="LINE" missed="10" covered="0"/><counter type="COMPLEXITY" missed="2" covered="0"/><counter type="METHOD" missed="1" covered="0"/></method><method name="profileAddCollection" desc="(Ljava/util/List;ILjava/util/Random;)J" line="490"><counter type="INSTRUCTION" missed="37" covered="0"/><counter type="BRANCH" missed="2" covered="0"/><counter type="LINE" missed="10" covered="0"/><counter type="COMPLEXITY" missed="2" covered="0"/><counter type="METHOD" missed="1" covered="0"/></method><method name="profileAppendCollection" desc="(Ljava/util/List;ILjava/util/Random;)J" line="515"><counter type="INSTRUCTION" missed="31" covered="0"/><counter type="BRANCH" missed="2" covered="0"/><counter type="LINE" missed="9" covered="0"/><counter type="COMPLEXITY" missed="2" covered="0"/><counter type="METHOD" missed="1" covered="0"/></method><method name="profileGet" desc="(Ljava/util/List;ILjava/util/Random;)J" line="534"><counter type="INSTRUCTION" missed="31" covered="0"/><counter type="BRANCH" missed="2" covered="0"/><counter type="LINE" missed="8" covered="0"/><counter type="COMPLEXITY" missed="2" covered="0"/><counter type="METHOD" missed="1" covered="0"/></method><method name="profileRemoveFirst" desc="(Ljava/util/List;)J" line="551"><counter type="INSTRUCTION" missed="45" covered="0"/><counter type="BRANCH" missed="6" covered="0"/><counter type="LINE" missed="11" covered="0"/><counter type="COMPLEXITY" missed="4" covered="0"/><counter type="METHOD" missed="1" covered="0"/></method><method name="profileRemoveLast" desc="(Ljava/util/List;)J" line="575"><counter type="INSTRUCTION" missed="48" covered="0"/><counter type="BRANCH" missed="6" covered="0"/><counter type="LINE" missed="11" covered="0"/><counter type="COMPLEXITY" missed="4" covered="0"/><counter type="METHOD" missed="1" covered="0"/></method><method name="profileRemoveViaIndex" desc="(Ljava/util/List;ILjava/util/Random;)J" line="603"><counter type="INSTRUCTION" missed="31" covered="0"/><counter type="BRANCH" missed="2" covered="0"/><counter type="LINE" missed="8" covered="0"/><counter type="COMPLEXITY" missed="2" covered="0"/><counter type="METHOD" missed="1" covered="0"/></method><method name="profileRemoveObject" desc="(Ljava/util/List;ILjava/util/Random;)J" line="625"><counter type="INSTRUCTION" missed="31" covered="0"/><counter type="BRANCH" missed="2" covered="0"/><counter type="LINE" missed="8" covered="0"/><counter type="COMPLEXITY" missed="2" covered="0"/><counter type="METHOD" missed="1" covered="0"/></method><method name="profileListIteratorRemoval" desc="(Ljava/util/List;)J" line="643"><counter type="INSTRUCTION" missed="44" covered="0"/><counter type="BRANCH" missed="4" covered="0"/><counter type="LINE" missed="17" covered="0"/><counter type="COMPLEXITY" missed="3" covered="0"/><counter type="METHOD" missed="1" covered="0"/></method><method name="profileListIteratorAddition" desc="(Ljava/util/List;Ljava/util/Random;)J" line="677"><counter type="INSTRUCTION" missed="51" covered="0"/><counter type="BRANCH" missed="4" covered="0"/><counter type="LINE" missed="18" covered="0"/><counter type="COMPLEXITY" missed="3" covered="0"/><counter type="METHOD" missed="1" covered="0"/></method><method name="profileStream" desc="(Ljava/util/List;)J" line="710"><counter type="INSTRUCTION" missed="31" covered="0"/><counter type="LINE" missed="10" covered="0"/><counter type="COMPLEXITY" missed="1" covered="0"/><counter type="METHOD" missed="1" covered="0"/></method><method name="profileParallelStream" desc="(Ljava/util/List;)J" line="729"><counter type="INSTRUCTION" missed="33" covered="0"/><counter type="LINE" missed="12" covered="0"/><counter type="COMPLEXITY" missed="1" covered="0"/><counter type="METHOD" missed="1" covered="0"/></method><method name="profileRemoveAll" desc="(Ljava/util/List;Ljava/util/Collection;)J" line="754"><counter type="INSTRUCTION" missed="47" covered="0"/><counter type="BRANCH" missed="6" covered="0"/><counter type="LINE" missed="13" covered="0"/><counter type="COMPLEXITY" missed="4" covered="0"/><counter type="METHOD" missed="1" covered="0"/></method><method name="profileSubListClear" desc="(Ljava/util/List;)J" line="778"><counter type="INSTRUCTION" missed="86" covered="0"/><counter type="BRANCH" missed="2" covered="0"/><counter type="LINE" missed="22" covered="0"/><counter type="COMPLEXITY" missed="2" covered="0"/><counter type="METHOD" missed="1" covered="0"/></method><method name="profileAddFirstRoddeListV2" desc="()V" line="832"><counter type="INSTRUCTION" missed="13" covered="0"/><counter type="LINE" missed="3" covered="0"/><counter type="COMPLEXITY" missed="1" covered="0"/><counter type="METHOD" missed="1" covered="0"/></method><method name="profileAddFirstLinkedList" desc="()V" line="840"><counter type="INSTRUCTION" missed="13" covered="0"/><counter type="LINE" missed="3" covered="0"/><counter type="COMPLEXITY" missed="1" covered="0"/><counter type="METHOD" missed="1" covered="0"/></method><method name="profileAddFirstArrayList" desc="()V" line="847"><counter type="INSTRUCTION" missed="13" covered="0"/><counter type="LINE" missed="3" covered="0"/><counter type="COMPLEXITY" missed="1" covered="0"/><counter type="METHOD" missed="1" covered="0"/></method><method name="profileAddFirstTreeList" desc="()V" line="854"><counter type="INSTRUCTION" missed="13" covered="0"/><counter type="LINE" missed="3" covered="0"/><counter type="COMPLEXITY" missed="1" covered="0"/><counter type="METHOD" missed="1" covered="0"/></method><method name="profileAddLastRoddeListV2" desc="()V" line="861"><counter type="INSTRUCTION" missed="13" covered="0"/><counter type="LINE" missed="3" covered="0"/><counter type="COMPLEXITY" missed="1" covered="0"/><counter type="METHOD" missed="1" covered="0"/></method><method name="profileAddLastLinkedList" desc="()V" line="866"><counter type="INSTRUCTION" missed="13" covered="0"/><counter type="LINE" missed="3" covered="0"/><counter type="COMPLEXITY" missed="1" covered="0"/><counter type="METHOD" missed="1" covered="0"/></method><method name="profileAddLastArrayList" desc="()V" line="874"><counter type="INSTRUCTION" missed="13" covered="0"/><counter type="LINE" missed="3" covered="0"/><counter type="COMPLEXITY" missed="1" covered="0"/><counter type="METHOD" missed="1" covered="0"/></method><method name="profileAddLastTreeList" desc="()V" line="881"><counter type="INSTRUCTION" missed="13" covered="0"/><counter type="LINE" missed="3" covered="0"/><counter type="COMPLEXITY" missed="1" covered="0"/><counter type="METHOD" missed="1" covered="0"/></method><method name="profileAddIndexRoddeListV2" desc="()V" line="888"><counter type="INSTRUCTION" missed="13" covered="0"/><counter type="LINE" missed="3" covered="0"/><counter type="COMPLEXITY" missed="1" covered="0"/><counter type="METHOD" missed="1" covered="0"/></method><method name="profileAddIndexLinkedList" desc="()V" line="895"><counter type="INSTRUCTION" missed="13" covered="0"/><counter type="LINE" missed="3" covered="0"/><counter type="COMPLEXITY" missed="1" covered="0"/><counter type="METHOD" missed="1" covered="0"/></method><method name="profileAddIndexArrayList" desc="()V" line="903"><counter type="INSTRUCTION" missed="13" covered="0"/><counter type="LINE" missed="3" covered="0"/><counter type="COMPLEXITY" missed="1" covered="0"/><counter type="METHOD" missed="1" covered="0"/></method><method name="profileAddIndexTreeList" desc="()V" line="911"><counter type="INSTRUCTION" missed="13" covered="0"/><counter type="LINE" missed="3" covered="0"/><counter type="COMPLEXITY" missed="1" covered="0"/><counter type="METHOD" missed="1" covered="0"/></method><method name="profileAddCollectionRoddeListV2" desc="()V" line="919"><counter type="INSTRUCTION" missed="13" covered="0"/><counter type="LINE" missed="3" covered="0"/><counter type="COMPLEXITY" missed="1" covered="0"/><counter type="METHOD" missed="1" covered="0"/></method><method name="profileAddCollectionLinkedList" desc="()V" line="927"><counter type="INSTRUCTION" missed="13" covered="0"/><counter type="LINE" missed="3" covered="0"/><counter type="COMPLEXITY" missed="1" covered="0"/><counter type="METHOD" missed="1" covered="0"/></method><method name="profileAddCollectionArrayList" desc="()V" line="935"><counter type="INSTRUCTION" missed="13" covered="0"/><counter type="LINE" missed="3" covered="0"/><counter type="COMPLEXITY" missed="1" covered="0"/><counter type="METHOD" missed="1" covered="0"/></method><method name="profileAddCollectionTreeList" desc="()V" line="943"><counter type="INSTRUCTION" missed="13" covered="0"/><counter type="LINE" missed="3" covered="0"/><counter type="COMPLEXITY" missed="1" covered="0"/><counter type="METHOD" missed="1" covered="0"/></method><method name="profileGetRoddeListV2" desc="()V" line="951"><counter type="INSTRUCTION" missed="13" covered="0"/><counter type="LINE" missed="3" covered="0"/><counter type="COMPLEXITY" missed="1" covered="0"/><counter type="METHOD" missed="1" covered="0"/></method><method name="profileGetLinkedList" desc="()V" line="956"><counter type="INSTRUCTION" missed="13" covered="0"/><counter type="LINE" missed="3" covered="0"/><counter type="COMPLEXITY" missed="1" covered="0"/><counter type="METHOD" missed="1" covered="0"/></method><method name="profileGetArrayList" desc="()V" line="963"><counter type="INSTRUCTION" missed="13" covered="0"/><counter type="LINE" missed="3" covered="0"/><counter type="COMPLEXITY" missed="1" covered="0"/><counter type="METHOD" missed="1" covered="0"/></method><method name="profileGetTreeList" desc="()V" line="970"><counter type="INSTRUCTION" missed="13" covered="0"/><counter type="LINE" missed="3" covered="0"/><counter type="COMPLEXITY" missed="1" covered="0"/><counter type="METHOD" missed="1" covered="0"/></method><method name="profileRemoveFirstRoddeListV2" desc="()V" line="975"><counter type="INSTRUCTION" missed="10" covered="0"/><counter type="LINE" missed="2" covered="0"/><counter type="COMPLEXITY" missed="1" covered="0"/><counter type="METHOD" missed="1" covered="0"/></method><method name="profileRemoveFirstLinkedList" desc="()V" line="979"><counter type="INSTRUCTION" missed="10" covered="0"/><counter type="LINE" missed="2" covered="0"/><counter type="COMPLEXITY" missed="1" covered="0"/><counter type="METHOD" missed="1" covered="0"/></method><method name="profileRemoveFirstArrayList" desc="()V" line="983"><counter type="INSTRUCTION" missed="10" covered="0"/><counter type="LINE" missed="2" covered="0"/><counter type="COMPLEXITY" missed="1" covered="0"/><counter type="METHOD" missed="1" covered="0"/></method><method name="profileRemoveFirstTreeList" desc="()V" line="987"><counter type="INSTRUCTION" missed="10" covered="0"/><counter type="LINE" missed="2" covered="0"/><counter type="COMPLEXITY" missed="1" covered="0"/><counter type="METHOD" missed="1" covered="0"/></method><method name="profileRemoveLastRoddeListV2" desc="()V" line="991"><counter type="INSTRUCTION" missed="10" covered="0"/><counter type="LINE" missed="2" covered="0"/><counter type="COMPLEXITY" missed="1" covered="0"/><counter type="METHOD" missed="1" covered="0"/></method><method name="profileRemoveLastLinkedList" desc="()V" line="995"><counter type="INSTRUCTION" missed="10" covered="0"/><counter type="LINE" missed="2" covered="0"/><counter type="COMPLEXITY" missed="1" covered="0"/><counter type="METHOD" missed="1" covered="0"/></method><method name="profileRemoveLastArrayList" desc="()V" line="999"><counter type="INSTRUCTION" missed="10" covered="0"/><counter type="LINE" missed="2" covered="0"/><counter type="COMPLEXITY" missed="1" covered="0"/><counter type="METHOD" missed="1" covered="0"/></method><method name="profileRemoveLastTreeList" desc="()V" line="1003"><counter type="INSTRUCTION" missed="10" covered="0"/><counter type="LINE" missed="2" covered="0"/><counter type="COMPLEXITY" missed="1" covered="0"/><counter type="METHOD" missed="1" covered="0"/></method><method name="profileAppendCollectionRoddeListV2" desc="()V" line="1007"><counter type="INSTRUCTION" missed="13" covered="0"/><counter type="LINE" missed="3" covered="0"/><counter type="COMPLEXITY" missed="1" covered="0"/><counter type="METHOD" missed="1" covered="0"/></method><method name="profileAppendCollectionLinkedList" desc="()V" line="1015"><counter type="INSTRUCTION" missed="13" covered="0"/><counter type="LINE" missed="3" covered="0"/><counter type="COMPLEXITY" missed="1" covered="0"/><counter type="METHOD" missed="1" covered="0"/></method><method name="profileAppendCollectionArrayList" desc="()V" line="1023"><counter type="INSTRUCTION" missed="13" covered="0"/><counter type="LINE" missed="3" covered="0"/><counter type="COMPLEXITY" missed="1" covered="0"/><counter type="METHOD" missed="1" covered="0"/></method><method name="profileAppendCollectionTreeList" desc="()V" line="1031"><counter type="INSTRUCTION" missed="13" covered="0"/><counter type="LINE" missed="3" covered="0"/><counter type="COMPLEXITY" missed="1" covered="0"/><counter type="METHOD" missed="1" covered="0"/></method><method name="profileRemoveViaIndexRoddeListV2" desc="()V" line="1039"><counter type="INSTRUCTION" missed="13" covered="0"/><counter type="LINE" missed="3" covered="0"/><counter type="COMPLEXITY" missed="1" covered="0"/><counter type="METHOD" missed="1" covered="0"/></method><method name="profileRemoveViaIndexLinkedList" desc="()V" line="1047"><counter type="INSTRUCTION" missed="13" covered="0"/><counter type="LINE" missed="3" covered="0"/><counter type="COMPLEXITY" missed="1" covered="0"/><counter type="METHOD" missed="1" covered="0"/></method><method name="profileRemoveViaIndexArrayList" desc="()V" line="1055"><counter type="INSTRUCTION" missed="13" covered="0"/><counter type="LINE" missed="3" covered="0"/><counter type="COMPLEXITY" missed="1" covered="0"/><counter type="METHOD" missed="1" covered="0"/></method><method name="profileRemoveViaIndexTreeList" desc="()V" line="1063"><counter type="INSTRUCTION" missed="13" covered="0"/><counter type="LINE" missed="3" covered="0"/><counter type="COMPLEXITY" missed="1" covered="0"/><counter type="METHOD" missed="1" covered="0"/></method><method name="profileRemoveObjectRoddeListV2" desc="()V" line="1071"><counter type="INSTRUCTION" missed="13" covered="0"/><counter type="LINE" missed="3" covered="0"/><counter type="COMPLEXITY" missed="1" covered="0"/><counter type="METHOD" missed="1" covered="0"/></method><method name="profileRemoveObjectLinkedList" desc="()V" line="1079"><counter type="INSTRUCTION" missed="13" covered="0"/><counter type="LINE" missed="3" covered="0"/><counter type="COMPLEXITY" missed="1" covered="0"/><counter type="METHOD" missed="1" covered="0"/></method><method name="profileRemoveObjectArrayList" desc="()V" line="1087"><counter type="INSTRUCTION" missed="13" covered="0"/><counter type="LINE" missed="3" covered="0"/><counter type="COMPLEXITY" missed="1" covered="0"/><counter type="METHOD" missed="1" covered="0"/></method><method name="profileRemoveObjectTreeList" desc="()V" line="1095"><counter type="INSTRUCTION" missed="13" covered="0"/><counter type="LINE" missed="3" covered="0"/><counter type="COMPLEXITY" missed="1" covered="0"/><counter type="METHOD" missed="1" covered="0"/></method><method name="profileListIteratorRemovalRoddeListV2" desc="()V" line="1103"><counter type="INSTRUCTION" missed="10" covered="0"/><counter type="LINE" missed="2" covered="0"/><counter type="COMPLEXITY" missed="1" covered="0"/><counter type="METHOD" missed="1" covered="0"/></method><method name="profileListIteratorRemovalLinkedList" desc="()V" line="1107"><counter type="INSTRUCTION" missed="10" covered="0"/><counter type="LINE" missed="2" covered="0"/><counter type="COMPLEXITY" missed="1" covered="0"/><counter type="METHOD" missed="1" covered="0"/></method><method name="profileListIteratorRemovalArrayList" desc="()V" line="1111"><counter type="INSTRUCTION" missed="10" covered="0"/><counter type="LINE" missed="2" covered="0"/><counter type="COMPLEXITY" missed="1" covered="0"/><counter type="METHOD" missed="1" covered="0"/></method><method name="profileListIteratorRemovalTreeList" desc="()V" line="1115"><counter type="INSTRUCTION" missed="10" covered="0"/><counter type="LINE" missed="2" covered="0"/><counter type="COMPLEXITY" missed="1" covered="0"/><counter type="METHOD" missed="1" covered="0"/></method><method name="profileListIteratorAdditionRoddeListV2" desc="()V" line="1119"><counter type="INSTRUCTION" missed="12" covered="0"/><counter type="LINE" missed="3" covered="0"/><counter type="COMPLEXITY" missed="1" covered="0"/><counter type="METHOD" missed="1" covered="0"/></method><method name="profileListIteratorAdditionLinkedList" desc="()V" line="1124"><counter type="INSTRUCTION" missed="12" covered="0"/><counter type="LINE" missed="3" covered="0"/><counter type="COMPLEXITY" missed="1" covered="0"/><counter type="METHOD" missed="1" covered="0"/></method><method name="profileListIteratorAdditionArrayList" desc="()V" line="1131"><counter type="INSTRUCTION" missed="12" covered="0"/><counter type="LINE" missed="3" covered="0"/><counter type="COMPLEXITY" missed="1" covered="0"/><counter type="METHOD" missed="1" covered="0"/></method><method name="profileListIteratorAdditionTreeList" desc="()V" line="1138"><counter type="INSTRUCTION" missed="12" covered="0"/><counter type="LINE" missed="3" covered="0"/><counter type="COMPLEXITY" missed="1" covered="0"/><counter type="METHOD" missed="1" covered="0"/></method><method name="profileStreamRoddeListV2" desc="()V" line="1143"><counter type="INSTRUCTION" missed="10" covered="0"/><counter type="LINE" missed="2" covered="0"/><counter type="COMPLEXITY" missed="1" covered="0"/><counter type="METHOD" missed="1" covered="0"/></method><method name="profileStreamLinkedList" desc="()V" line="1147"><counter type="INSTRUCTION" missed="10" covered="0"/><counter type="LINE" missed="2" covered="0"/><counter type="COMPLEXITY" missed="1" covered="0"/><counter type="METHOD" missed="1" covered="0"/></method><method name="profileStreamArrayList" desc="()V" line="1151"><counter type="INSTRUCTION" missed="10" covered="0"/><counter type="LINE" missed="2" covered="0"/><counter type="COMPLEXITY" missed="1" covered="0"/><counter type="METHOD" missed="1" covered="0"/></method><method name="profileStreamTreeList" desc="()V" line="1155"><counter type="INSTRUCTION" missed="10" covered="0"/><counter type="LINE" missed="2" covered="0"/><counter type="COMPLEXITY" missed="1" covered="0"/><counter type="METHOD" missed="1" covered="0"/></method><method name="profileParallelStreamRoddeList" desc="()V" line="1159"><counter type="INSTRUCTION" missed="10" covered="0"/><counter type="LINE" missed="2" covered="0"/><counter type="COMPLEXITY" missed="1" covered="0"/><counter type="METHOD" missed="1" covered="0"/></method><method name="profileParallelStreamLinkedList" desc="()V" line="1163"><counter type="INSTRUCTION" missed="10" covered="0"/><counter type="LINE" missed="2" covered="0"/><counter type="COMPLEXITY" missed="1" covered="0"/><counter type="METHOD" missed="1" covered="0"/></method><method name="profileParallelStreamArrayList" desc="()V" line="1167"><counter type="INSTRUCTION" missed="10" covered="0"/><counter type="LINE" missed="2" covered="0"/><counter type="COMPLEXITY" missed="1" covered="0"/><counter type="METHOD" missed="1" covered="0"/></method><method name="profileParallelStreamTreeList" desc="()V" line="1171"><counter type="INSTRUCTION" missed="10" covered="0"/><counter type="LINE" missed="2" covered="0"/><counter type="COMPLEXITY" missed="1" covered="0"/><counter type="METHOD" missed="1" covered="0"/></method><method name="profileRemoveAllRoddeList" desc="(Ljava/util/Collection;)V" line="1175"><counter type="INSTRUCTION" missed="11" covered="0"/><counter type="LINE" missed="2" covered="0"/><counter type="COMPLEXITY" missed="1" covered="0"/><counter type="METHOD" missed="1" covered="0"/></method><method name="profileRemoveAllLinkedList" desc="(Ljava/util/Collection;)V" line="1179"><counter type="INSTRUCTION" missed="11" covered="0"/><counter type="LINE" missed="2" covered="0"/><counter type="COMPLEXITY" missed="1" covered="0"/><counter type="METHOD" missed="1" covered="0"/></method><method name="profileRemoveAllArrayList" desc="(Ljava/util/Collection;)V" line="1183"><counter type="INSTRUCTION" missed="11" covered="0"/><counter type="LINE" missed="2" covered="0"/><counter type="COMPLEXITY" missed="1" covered="0"/><counter type="METHOD" missed="1" covered="0"/></method><method name="profileRemoveAllTreeList" desc="(Ljava/util/Collection;)V" line="1187"><counter type="INSTRUCTION" missed="11" covered="0"/><counter type="LINE" missed="2" covered="0"/><counter type="COMPLEXITY" missed="1" covered="0"/><counter type="METHOD" missed="1" covered="0"/></method><method name="profileSubListClearRoddeList" desc="()V" line="1191"><counter type="INSTRUCTION" missed="10" covered="0"/><counter type="LINE" missed="2" covered="0"/><counter type="COMPLEXITY" missed="1" covered="0"/><counter type="METHOD" missed="1" covered="0"/></method><method name="profileSubListClearLinkedList" desc="()V" line="1195"><counter type="INSTRUCTION" missed="10" covered="0"/><counter type="LINE" missed="2" covered="0"/><counter type="COMPLEXITY" missed="1" covered="0"/><counter type="METHOD" missed="1" covered="0"/></method><method name="profileSubListClearArrayList" desc="()V" line="1199"><counter type="INSTRUCTION" missed="10" covered="0"/><counter type="LINE" missed="2" covered="0"/><counter type="COMPLEXITY" missed="1" covered="0"/><counter type="METHOD" missed="1" covered="0"/></method><method name="profileSubListClearTreeList" desc="()V" line="1203"><counter type="INSTRUCTION" missed="10" covered="0"/><counter type="LINE" missed="2" covered="0"/><counter type="COMPLEXITY" missed="1" covered="0"/><counter type="METHOD" missed="1" covered="0"/></method><method name="printTitle" desc="(Lcom/github/coderodde/util/benchmark/LinkedListBenchmark$BenchmarkChoice;)V" line="1207"><counter type="INSTRUCTION" missed="13" covered="0"/><counter type="BRANCH" missed="3" covered="0"/><counter type="LINE" missed="5" covered="0"/><counter type="COMPLEXITY" missed="3" covered="0"/><counter type="METHOD" missed="1" covered="0"/></method><method name="clearGetLists" desc="()V" line="1219"><counter type="INSTRUCTION" missed="20" covered="0"/><counter type="BRANCH" missed="2" covered="0"/><counter type="LINE" missed="3" covered="0"/><counter type="COMPLEXITY" missed="2" covered="0"/><counter type="METHOD" missed="1" covered="0"/></method><method name="lambda$profileParallelStream$1" desc="(Ljava/lang/Integer;)Ljava/lang/Integer;" line="733"><counter type="INSTRUCTION" missed="6" covered="0"/><counter type="LINE" missed="1" covered="0"/><counter type="COMPLEXITY" missed="1" covered="0"/><counter type="METHOD" missed="1" covered="0"/></method><method name="lambda$profileStream$0" desc="(Ljava/lang/Integer;)Ljava/lang/Integer;" line="713"><counter type="INSTRUCTION" missed="6" covered="0"/><counter type="LINE" missed="1" covered="0"/><counter type="COMPLEXITY" missed="1" covered="0"/><counter type="METHOD" missed="1" covered="0"/></method><counter type="INSTRUCTION" missed="2154" covered="0"/><counter type="BRANCH" missed="75" covered="0"/><counter type="LINE" missed="591" covered="0"/><counter type="COMPLEXITY" missed="152" covered="0"/><counter type="METHOD" missed="114" covered="0"/><counter type="CLASS" missed="1" covered="0"/></class><class name="com/github/coderodde/util/benchmark/LinkedListBenchmarkRunner" sourcefilename="LinkedListBenchmarkRunner.java"><method name="main" desc="([Ljava/lang/String;)V" line="22"><counter type="INSTRUCTION" missed="20" covered="0"/><counter type="LINE" missed="8" covered="0"/><counter type="COMPLEXITY" missed="1" covered="0"/><counter type="METHOD" missed="1" covered="0"/></method><counter type="INSTRUCTION" missed="20" covered="0"/><counter type="LINE" missed="8" covered="0"/><counter type="COMPLEXITY" missed="1" covered="0"/><counter type="METHOD" missed="1" covered="0"/><counter type="CLASS" missed="1" covered="0"/></class><sourcefile name="LinkedListBenchmarkRunner.java"><line nr="22" mi="2" ci="0" mb="0" cb="0"/><line nr="24" mi="4" ci="0" mb="0" cb="0"/><line nr="25" mi="2" ci="0" mb="0" cb="0"/><line nr="27" mi="5" ci="0" mb="0" cb="0"/><line nr="29" mi="2" ci="0" mb="0" cb="0"/><line nr="30" mi="2" ci="0" mb="0" cb="0"/><line nr="31" mi="2" ci="0" mb="0" cb="0"/><line nr="32" mi="1" ci="0" mb="0" cb="0"/><counter type="INSTRUCTION" missed="20" covered="0"/><counter type="LINE" missed="8" covered="0"/><counter type="COMPLEXITY" missed="1" covered="0"/><counter type="METHOD" missed="1" covered="0"/><counter type="CLASS" missed="1" covered="0"/></sourcefile><sourcefile name="LinkedListBenchmark.java"><line nr="40" mi="5" ci="0" mb="0" cb="0"/><line nr="41" mi="5" ci="0" mb="0" cb="0"/><line nr="42" mi="5" ci="0" mb="0" cb="0"/><line nr="43" mi="5" ci="0" mb="0" cb="0"/><line nr="45" mi="3" ci="0" mb="0" cb="0"/><line nr="46" mi="3" ci="0" mb="0" cb="0"/><line nr="47" mi="3" ci="0" mb="0" cb="0"/><line nr="48" mi="3" ci="0" mb="0" cb="0"/><line nr="50" mi="4" ci="0" mb="0" cb="0"/><line nr="52" mi="2" ci="0" mb="0" cb="0"/><line nr="53" mi="3" ci="0" mb="0" cb="0"/><line nr="55" mi="9" ci="0" mb="2" cb="0"/><line nr="56" mi="8" ci="0" mb="0" cb="0"/><line nr="58" mi="1" ci="0" mb="0" cb="0"/><line nr="61" mi="3" ci="0" mb="0" cb="0"/><line nr="62" mi="1" ci="0" mb="0" cb="0"/><line nr="65" mi="3" ci="0" mb="0" cb="0"/><line nr="66" mi="1" ci="0" mb="0" cb="0"/><line nr="71" mi="7" ci="0" mb="2" cb="0"/><line nr="72" mi="4" ci="0" mb="0" cb="0"/><line nr="74" mi="1" ci="0" mb="0" cb="0"/><line nr="77" mi="5" ci="0" mb="0" cb="0"/><line nr="81" mi="6" ci="0" mb="0" cb="0"/><line nr="83" mi="5" ci="0" mb="0" cb="0"/><line nr="85" mi="7" ci="0" mb="2" cb="0"/><line nr="86" mi="5" ci="0" mb="0" cb="0"/><line nr="89" mi="2" ci="0" mb="0" cb="0"/><line nr="92" mi="15" ci="0" mb="0" cb="0"/><line nr="95" mi="7" ci="0" mb="0" cb="0"/><line nr="96" mi="7" ci="0" mb="0" cb="0"/><line nr="97" mi="7" ci="0" mb="0" cb="0"/><line nr="98" mi="7" ci="0" mb="0" cb="0"/><line nr="99" mi="1" ci="0" mb="0" cb="0"/><line nr="102" mi="23" ci="0" mb="0" cb="0"/><line nr="106" mi="1" ci="0" mb="0" cb="0"/><line nr="109" mi="4" ci="0" mb="2" cb="0"/><line nr="110" mi="5" ci="0" mb="0" cb="0"/><line nr="113" mi="10" ci="0" mb="2" cb="0"/><line nr="114" mi="12" ci="0" mb="2" cb="0"/><line nr="115" mi="5" ci="0" mb="0" cb="0"/><line nr="118" mi="5" ci="0" mb="0" cb="0"/><line nr="119" mi="8" ci="0" mb="0" cb="0"/><line nr="121" mi="2" ci="0" mb="0" cb="0"/><line nr="123" mi="6" ci="0" mb="4" cb="0"/><line nr="124" mi="4" ci="0" mb="0" cb="0"/><line nr="125" mi="4" ci="0" mb="0" cb="0"/><line nr="127" mi="4" ci="0" mb="2" cb="0"/><line nr="128" mi="9" ci="0" mb="0" cb="0"/><line nr="134" mi="1" ci="0" mb="0" cb="0"/><line nr="135" mi="1" ci="0" mb="0" cb="0"/><line nr="137" mi="6" ci="0" mb="4" cb="0"/><line nr="138" mi="5" ci="0" mb="0" cb="0"/><line nr="141" mi="1" ci="0" mb="0" cb="0"/><line nr="145" mi="3" ci="0" mb="0" cb="0"/><line nr="146" mi="2" ci="0" mb="0" cb="0"/><line nr="148" mi="2" ci="0" mb="0" cb="0"/><line nr="149" mi="2" ci="0" mb="0" cb="0"/><line nr="150" mi="2" ci="0" mb="0" cb="0"/><line nr="151" mi="2" ci="0" mb="0" cb="0"/><line nr="152" mi="2" ci="0" mb="0" cb="0"/><line nr="153" mi="2" ci="0" mb="0" cb="0"/><line nr="154" mi="2" ci="0" mb="0" cb="0"/><line nr="155" mi="2" ci="0" mb="0" cb="0"/><line nr="156" mi="2" ci="0" mb="0" cb="0"/><line nr="157" mi="2" ci="0" mb="0" cb="0"/><line nr="158" mi="2" ci="0" mb="0" cb="0"/><line nr="159" mi="2" ci="0" mb="0" cb="0"/><line nr="160" mi="2" ci="0" mb="0" cb="0"/><line nr="161" mi="2" ci="0" mb="0" cb="0"/><line nr="162" mi="2" ci="0" mb="0" cb="0"/><line nr="167" mi="2" ci="0" mb="0" cb="0"/><line nr="169" mi="2" ci="0" mb="0" cb="0"/><line nr="170" mi="2" ci="0" mb="0" cb="0"/><line nr="171" mi="1" ci="0" mb="0" cb="0"/><line nr="174" mi="3" ci="0" mb="0" cb="0"/><line nr="175" mi="3" ci="0" mb="0" cb="0"/><line nr="176" mi="3" ci="0" mb="0" cb="0"/><line nr="177" mi="3" ci="0" mb="0" cb="0"/><line nr="178" mi="3" ci="0" mb="0" cb="0"/><line nr="179" mi="1" ci="0" mb="0" cb="0"/><line nr="182" mi="5" ci="0" mb="0" cb="0"/><line nr="183" mi="5" ci="0" mb="0" cb="0"/><line nr="184" mi="5" ci="0" mb="0" cb="0"/><line nr="185" mi="5" ci="0" mb="0" cb="0"/><line nr="186" mi="1" ci="0" mb="0" cb="0"/><line nr="189" mi="2" ci="0" mb="0" cb="0"/><line nr="190" mi="2" ci="0" mb="0" cb="0"/><line nr="191" mi="2" ci="0" mb="0" cb="0"/><line nr="192" mi="2" ci="0" mb="0" cb="0"/><line nr="194" mi="2" ci="0" mb="0" cb="0"/><line nr="195" mi="2" ci="0" mb="0" cb="0"/><line nr="196" mi="1" ci="0" mb="0" cb="0"/><line nr="199" mi="2" ci="0" mb="0" cb="0"/><line nr="200" mi="2" ci="0" mb="0" cb="0"/><line nr="201" mi="2" ci="0" mb="0" cb="0"/><line nr="202" mi="2" ci="0" mb="0" cb="0"/><line nr="204" mi="2" ci="0" mb="0" cb="0"/><line nr="205" mi="2" ci="0" mb="0" cb="0"/><line nr="206" mi="1" ci="0" mb="0" cb="0"/><line nr="209" mi="2" ci="0" mb="0" cb="0"/><line nr="210" mi="2" ci="0" mb="0" cb="0"/><line nr="211" mi="2" ci="0" mb="0" cb="0"/><line nr="212" mi="2" ci="0" mb="0" cb="0"/><line nr="214" mi="2" ci="0" mb="0" cb="0"/><line nr="215" mi="2" ci="0" mb="0" cb="0"/><line nr="216" mi="1" ci="0" mb="0" cb="0"/><line nr="219" mi="2" ci="0" mb="0" cb="0"/><line nr="220" mi="2" ci="0" mb="0" cb="0"/><line nr="221" mi="2" ci="0" mb="0" cb="0"/><line nr="222" mi="2" ci="0" mb="0" cb="0"/><line nr="224" mi="2" ci="0" mb="0" cb="0"/><line nr="225" mi="2" ci="0" mb="0" cb="0"/><line nr="226" mi="1" ci="0" mb="0" cb="0"/><line nr="229" mi="2" ci="0" mb="0" cb="0"/><line nr="230" mi="2" ci="0" mb="0" cb="0"/><line nr="231" mi="2" ci="0" mb="0" cb="0"/><line nr="232" mi="2" ci="0" mb="0" cb="0"/><line nr="234" mi="2" ci="0" mb="0" cb="0"/><line nr="236" mi="2" ci="0" mb="0" cb="0"/><line nr="237" mi="1" ci="0" mb="0" cb="0"/><line nr="240" mi="2" ci="0" mb="0" cb="0"/><line nr="241" mi="2" ci="0" mb="0" cb="0"/><line nr="242" mi="2" ci="0" mb="0" cb="0"/><line nr="243" mi="2" ci="0" mb="0" cb="0"/><line nr="245" mi="2" ci="0" mb="0" cb="0"/><line nr="246" mi="2" ci="0" mb="0" cb="0"/><line nr="247" mi="1" ci="0" mb="0" cb="0"/><line nr="250" mi="2" ci="0" mb="0" cb="0"/><line nr="251" mi="2" ci="0" mb="0" cb="0"/><line nr="252" mi="2" ci="0" mb="0" cb="0"/><line nr="253" mi="2" ci="0" mb="0" cb="0"/><line nr="255" mi="2" ci="0" mb="0" cb="0"/><line nr="256" mi="2" ci="0" mb="0" cb="0"/><line nr="257" mi="1" ci="0" mb="0" cb="0"/><line nr="260" mi="2" ci="0" mb="0" cb="0"/><line nr="261" mi="2" ci="0" mb="0" cb="0"/><line nr="262" mi="2" ci="0" mb="0" cb="0"/><line nr="263" mi="2" ci="0" mb="0" cb="0"/><line nr="265" mi="2" ci="0" mb="0" cb="0"/><line nr="266" mi="2" ci="0" mb="0" cb="0"/><line nr="267" mi="1" ci="0" mb="0" cb="0"/><line nr="270" mi="2" ci="0" mb="0" cb="0"/><line nr="271" mi="2" ci="0" mb="0" cb="0"/><line nr="272" mi="2" ci="0" mb="0" cb="0"/><line nr="273" mi="2" ci="0" mb="0" cb="0"/><line nr="275" mi="2" ci="0" mb="0" cb="0"/><line nr="276" mi="2" ci="0" mb="0" cb="0"/><line nr="277" mi="1" ci="0" mb="0" cb="0"/><line nr="280" mi="2" ci="0" mb="0" cb="0"/><line nr="281" mi="2" ci="0" mb="0" cb="0"/><line nr="282" mi="2" ci="0" mb="0" cb="0"/><line nr="283" mi="2" ci="0" mb="0" cb="0"/><line nr="285" mi="2" ci="0" mb="0" cb="0"/><line nr="286" mi="2" ci="0" mb="0" cb="0"/><line nr="287" mi="1" ci="0" mb="0" cb="0"/><line nr="290" mi="2" ci="0" mb="0" cb="0"/><line nr="291" mi="2" ci="0" mb="0" cb="0"/><line nr="292" mi="2" ci="0" mb="0" cb="0"/><line nr="293" mi="2" ci="0" mb="0" cb="0"/><line nr="295" mi="2" ci="0" mb="0" cb="0"/><line nr="296" mi="2" ci="0" mb="0" cb="0"/><line nr="297" mi="1" ci="0" mb="0" cb="0"/><line nr="300" mi="2" ci="0" mb="0" cb="0"/><line nr="301" mi="2" ci="0" mb="0" cb="0"/><line nr="302" mi="2" ci="0" mb="0" cb="0"/><line nr="303" mi="2" ci="0" mb="0" cb="0"/><line nr="305" mi="2" ci="0" mb="0" cb="0"/><line nr="306" mi="2" ci="0" mb="0" cb="0"/><line nr="307" mi="1" ci="0" mb="0" cb="0"/><line nr="310" mi="2" ci="0" mb="0" cb="0"/><line nr="311" mi="2" ci="0" mb="0" cb="0"/><line nr="312" mi="2" ci="0" mb="0" cb="0"/><line nr="313" mi="2" ci="0" mb="0" cb="0"/><line nr="315" mi="2" ci="0" mb="0" cb="0"/><line nr="316" mi="2" ci="0" mb="0" cb="0"/><line nr="317" mi="1" ci="0" mb="0" cb="0"/><line nr="320" mi="2" ci="0" mb="0" cb="0"/><line nr="321" mi="2" ci="0" mb="0" cb="0"/><line nr="322" mi="2" ci="0" mb="0" cb="0"/><line nr="323" mi="2" ci="0" mb="0" cb="0"/><line nr="325" mi="3" ci="0" mb="0" cb="0"/><line nr="326" mi="3" ci="0" mb="0" cb="0"/><line nr="327" mi="3" ci="0" mb="0" cb="0"/><line nr="328" mi="3" ci="0" mb="0" cb="0"/><line nr="330" mi="2" ci="0" mb="0" cb="0"/><line nr="331" mi="2" ci="0" mb="0" cb="0"/><line nr="332" mi="1" ci="0" mb="0" cb="0"/><line nr="335" mi="3" ci="0" mb="0" cb="0"/><line nr="336" mi="3" ci="0" mb="0" cb="0"/><line nr="337" mi="3" ci="0" mb="0" cb="0"/><line nr="338" mi="3" ci="0" mb="0" cb="0"/><line nr="340" mi="6" ci="0" mb="0" cb="0"/><line nr="341" mi="6" ci="0" mb="0" cb="0"/><line nr="342" mi="6" ci="0" mb="0" cb="0"/><line nr="343" mi="6" ci="0" mb="0" cb="0"/><line nr="345" mi="4" ci="0" mb="0" cb="0"/><line nr="346" mi="8" ci="0" mb="0" cb="0"/><line nr="348" mi="7" ci="0" mb="2" cb="0"/><line nr="349" mi="4" ci="0" mb="0" cb="0"/><line nr="350" mi="5" ci="0" mb="0" cb="0"/><line nr="353" mi="3" ci="0" mb="0" cb="0"/><line nr="354" mi="3" ci="0" mb="0" cb="0"/><line nr="355" mi="3" ci="0" mb="0" cb="0"/><line nr="356" mi="3" ci="0" mb="0" cb="0"/><line nr="358" mi="2" ci="0" mb="0" cb="0"/><line nr="359" mi="2" ci="0" mb="0" cb="0"/><line nr="360" mi="1" ci="0" mb="0" cb="0"/><line nr="363" mi="5" ci="0" mb="0" cb="0"/><line nr="365" mi="7" ci="0" mb="2" cb="0"/><line nr="366" mi="7" ci="0" mb="0" cb="0"/><line nr="369" mi="2" ci="0" mb="0" cb="0"/><line nr="370" mi="2" ci="0" mb="0" cb="0"/><line nr="374" mi="3" ci="0" mb="0" cb="0"/><line nr="375" mi="3" ci="0" mb="0" cb="0"/><line nr="376" mi="3" ci="0" mb="0" cb="0"/><line nr="377" mi="3" ci="0" mb="0" cb="0"/><line nr="379" mi="6" ci="0" mb="0" cb="0"/><line nr="380" mi="6" ci="0" mb="0" cb="0"/><line nr="381" mi="6" ci="0" mb="0" cb="0"/><line nr="382" mi="6" ci="0" mb="0" cb="0"/><line nr="384" mi="2" ci="0" mb="0" cb="0"/><line nr="385" mi="2" ci="0" mb="0" cb="0"/><line nr="386" mi="2" ci="0" mb="0" cb="0"/><line nr="387" mi="2" ci="0" mb="0" cb="0"/><line nr="389" mi="2" ci="0" mb="0" cb="0"/><line nr="390" mi="2" ci="0" mb="0" cb="0"/><line nr="391" mi="1" ci="0" mb="0" cb="0"/><line nr="394" mi="3" ci="0" mb="0" cb="0"/><line nr="396" mi="4" ci="0" mb="0" cb="0"/><line nr="397" mi="5" ci="0" mb="0" cb="0"/><line nr="401" mi="4" ci="0" mb="0" cb="0"/><line nr="402" mi="5" ci="0" mb="0" cb="0"/><line nr="406" mi="4" ci="0" mb="0" cb="0"/><line nr="407" mi="5" ci="0" mb="0" cb="0"/><line nr="411" mi="4" ci="0" mb="0" cb="0"/><line nr="412" mi="5" ci="0" mb="0" cb="0"/><line nr="415" mi="1" ci="0" mb="0" cb="0"/><line nr="422" mi="2" ci="0" mb="0" cb="0"/><line nr="424" mi="7" ci="0" mb="2" cb="0"/><line nr="425" mi="5" ci="0" mb="0" cb="0"/><line nr="428" mi="2" ci="0" mb="0" cb="0"/><line nr="429" mi="4" ci="0" mb="0" cb="0"/><line nr="431" mi="3" ci="0" mb="0" cb="0"/><line nr="432" mi="4" ci="0" mb="0" cb="0"/><line nr="436" mi="2" ci="0" mb="0" cb="0"/><line nr="444" mi="2" ci="0" mb="0" cb="0"/><line nr="446" mi="7" ci="0" mb="2" cb="0"/><line nr="447" mi="6" ci="0" mb="0" cb="0"/><line nr="450" mi="2" ci="0" mb="0" cb="0"/><line nr="451" mi="4" ci="0" mb="0" cb="0"/><line nr="453" mi="3" ci="0" mb="0" cb="0"/><line nr="454" mi="4" ci="0" mb="0" cb="0"/><line nr="458" mi="2" ci="0" mb="0" cb="0"/><line nr="466" mi="2" ci="0" mb="0" cb="0"/><line nr="468" mi="7" ci="0" mb="2" cb="0"/><line nr="469" mi="5" ci="0" mb="0" cb="0"/><line nr="470" mi="3" ci="0" mb="0" cb="0"/><line nr="471" mi="4" ci="0" mb="0" cb="0"/><line nr="474" mi="2" ci="0" mb="0" cb="0"/><line nr="475" mi="4" ci="0" mb="0" cb="0"/><line nr="477" mi="3" ci="0" mb="0" cb="0"/><line nr="478" mi="4" ci="0" mb="0" cb="0"/><line nr="482" mi="2" ci="0" mb="0" cb="0"/><line nr="490" mi="2" ci="0" mb="0" cb="0"/><line nr="492" mi="7" ci="0" mb="2" cb="0"/><line nr="493" mi="3" ci="0" mb="0" cb="0"/><line nr="495" mi="5" ci="0" mb="0" cb="0"/><line nr="496" mi="5" ci="0" mb="0" cb="0"/><line nr="499" mi="2" ci="0" mb="0" cb="0"/><line nr="500" mi="4" ci="0" mb="0" cb="0"/><line nr="502" mi="3" ci="0" mb="0" cb="0"/><line nr="503" mi="4" ci="0" mb="0" cb="0"/><line nr="507" mi="2" ci="0" mb="0" cb="0"/><line nr="515" mi="2" ci="0" mb="0" cb="0"/><line nr="517" mi="7" ci="0" mb="2" cb="0"/><line nr="518" mi="3" ci="0" mb="0" cb="0"/><line nr="519" mi="4" ci="0" mb="0" cb="0"/><line nr="522" mi="2" ci="0" mb="0" cb="0"/><line nr="523" mi="4" ci="0" mb="0" cb="0"/><line nr="525" mi="3" ci="0" mb="0" cb="0"/><line nr="526" mi="4" ci="0" mb="0" cb="0"/><line nr="530" mi="2" ci="0" mb="0" cb="0"/><line nr="534" mi="2" ci="0" mb="0" cb="0"/><line nr="536" mi="7" ci="0" mb="2" cb="0"/><line nr="537" mi="7" ci="0" mb="0" cb="0"/><line nr="540" mi="2" ci="0" mb="0" cb="0"/><line nr="541" mi="4" ci="0" mb="0" cb="0"/><line nr="543" mi="3" ci="0" mb="0" cb="0"/><line nr="544" mi="4" ci="0" mb="0" cb="0"/><line nr="547" mi="2" ci="0" mb="0" cb="0"/><line nr="551" mi="2" ci="0" mb="0" cb="0"/><line nr="553" mi="5" ci="0" mb="2" cb="0"/><line nr="554" mi="8" ci="0" mb="2" cb="0"/><line nr="555" mi="4" ci="0" mb="0" cb="0"/><line nr="558" mi="7" ci="0" mb="2" cb="0"/><line nr="559" mi="4" ci="0" mb="0" cb="0"/><line nr="564" mi="2" ci="0" mb="0" cb="0"/><line nr="565" mi="4" ci="0" mb="0" cb="0"/><line nr="567" mi="3" ci="0" mb="0" cb="0"/><line nr="568" mi="4" ci="0" mb="0" cb="0"/><line nr="571" mi="2" ci="0" mb="0" cb="0"/><line nr="575" mi="2" ci="0" mb="0" cb="0"/><line nr="577" mi="5" ci="0" mb="2" cb="0"/><line nr="578" mi="8" ci="0" mb="2" cb="0"/><line nr="579" mi="7" ci="0" mb="0" cb="0"/><line nr="582" mi="7" ci="0" mb="2" cb="0"/><line nr="583" mi="4" ci="0" mb="0" cb="0"/><line nr="588" mi="2" ci="0" mb="0" cb="0"/><line nr="589" mi="4" ci="0" mb="0" cb="0"/><line nr="591" mi="3" ci="0" mb="0" cb="0"/><line nr="592" mi="4" ci="0" mb="0" cb="0"/><line nr="595" mi="2" ci="0" mb="0" cb="0"/><line nr="603" mi="2" ci="0" mb="0" cb="0"/><line nr="605" mi="7" ci="0" mb="2" cb="0"/><line nr="606" mi="7" ci="0" mb="0" cb="0"/><line nr="609" mi="2" ci="0" mb="0" cb="0"/><line nr="610" mi="4" ci="0" mb="0" cb="0"/><line nr="612" mi="3" ci="0" mb="0" cb="0"/><line nr="613" mi="4" ci="0" mb="0" cb="0"/><line nr="617" mi="2" ci="0" mb="0" cb="0"/><line nr="625" mi="2" ci="0" mb="0" cb="0"/><line nr="627" mi="7" ci="0" mb="2" cb="0"/><line nr="628" mi="7" ci="0" mb="0" cb="0"/><line nr="631" mi="2" ci="0" mb="0" cb="0"/><line nr="632" mi="4" ci="0" mb="0" cb="0"/><line nr="634" mi="3" ci="0" mb="0" cb="0"/><line nr="635" mi="4" ci="0" mb="0" cb="0"/><line nr="639" mi="2" ci="0" mb="0" cb="0"/><line nr="643" mi="2" ci="0" mb="0" cb="0"/><line nr="644" mi="3" ci="0" mb="0" cb="0"/><line nr="645" mi="2" ci="0" mb="0" cb="0"/><line nr="647" mi="3" ci="0" mb="2" cb="0"/><line nr="648" mi="3" ci="0" mb="0" cb="0"/><line nr="651" mi="4" ci="0" mb="2" cb="0"/><line nr="653" mi="2" ci="0" mb="0" cb="0"/><line nr="654" mi="1" ci="0" mb="0" cb="0"/><line nr="655" mi="4" ci="0" mb="0" cb="0"/><line nr="656" mi="2" ci="0" mb="0" cb="0"/><line nr="657" mi="1" ci="0" mb="0" cb="0"/><line nr="660" mi="2" ci="0" mb="0" cb="0"/><line nr="663" mi="2" ci="0" mb="0" cb="0"/><line nr="664" mi="4" ci="0" mb="0" cb="0"/><line nr="666" mi="3" ci="0" mb="0" cb="0"/><line nr="667" mi="4" ci="0" mb="0" cb="0"/><line nr="671" mi="2" ci="0" mb="0" cb="0"/><line nr="677" mi="2" ci="0" mb="0" cb="0"/><line nr="678" mi="4" ci="0" mb="0" cb="0"/><line nr="679" mi="2" ci="0" mb="0" cb="0"/><line nr="681" mi="3" ci="0" mb="2" cb="0"/><line nr="682" mi="3" ci="0" mb="0" cb="0"/><line nr="685" mi="4" ci="0" mb="2" cb="0"/><line nr="687" mi="5" ci="0" mb="0" cb="0"/><line nr="688" mi="3" ci="0" mb="0" cb="0"/><line nr="689" mi="1" ci="0" mb="0" cb="0"/><line nr="690" mi="4" ci="0" mb="0" cb="0"/><line nr="691" mi="2" ci="0" mb="0" cb="0"/><line nr="692" mi="1" ci="0" mb="0" cb="0"/><line nr="695" mi="2" ci="0" mb="0" cb="0"/><line nr="698" mi="2" ci="0" mb="0" cb="0"/><line nr="699" mi="4" ci="0" mb="0" cb="0"/><line nr="701" mi="3" ci="0" mb="0" cb="0"/><line nr="702" mi="4" ci="0" mb="0" cb="0"/><line nr="706" mi="2" ci="0" mb="0" cb="0"/><line nr="710" mi="2" ci="0" mb="0" cb="0"/><line nr="712" mi="1" ci="0" mb="0" cb="0"/><line nr="713" mi="13" ci="0" mb="0" cb="0"/><line nr="715" mi="2" ci="0" mb="0" cb="0"/><line nr="716" mi="4" ci="0" mb="0" cb="0"/><line nr="718" mi="2" ci="0" mb="0" cb="0"/><line nr="719" mi="4" ci="0" mb="0" cb="0"/><line nr="721" mi="3" ci="0" mb="0" cb="0"/><line nr="722" mi="4" ci="0" mb="0" cb="0"/><line nr="725" mi="2" ci="0" mb="0" cb="0"/><line nr="729" mi="2" ci="0" mb="0" cb="0"/><line nr="731" mi="2" ci="0" mb="0" cb="0"/><line nr="732" mi="3" ci="0" mb="0" cb="0"/><line nr="733" mi="7" ci="0" mb="0" cb="0"/><line nr="734" mi="4" ci="0" mb="0" cb="0"/><line nr="736" mi="2" ci="0" mb="0" cb="0"/><line nr="737" mi="4" ci="0" mb="0" cb="0"/><line nr="739" mi="2" ci="0" mb="0" cb="0"/><line nr="740" mi="4" ci="0" mb="0" cb="0"/><line nr="742" mi="3" ci="0" mb="0" cb="0"/><line nr="743" mi="4" ci="0" mb="0" cb="0"/><line nr="746" mi="2" ci="0" mb="0" cb="0"/><line nr="754" mi="6" ci="0" mb="4" cb="0"/><line nr="755" mi="2" ci="0" mb="0" cb="0"/><line nr="757" mi="10" ci="0" mb="2" cb="0"/><line nr="758" mi="4" ci="0" mb="0" cb="0"/><line nr="759" mi="1" ci="0" mb="0" cb="0"/><line nr="761" mi="3" ci="0" mb="0" cb="0"/><line nr="763" mi="2" ci="0" mb="0" cb="0"/><line nr="764" mi="4" ci="0" mb="0" cb="0"/><line nr="765" mi="2" ci="0" mb="0" cb="0"/><line nr="768" mi="4" ci="0" mb="0" cb="0"/><line nr="770" mi="3" ci="0" mb="0" cb="0"/><line nr="771" mi="4" ci="0" mb="0" cb="0"/><line nr="774" mi="2" ci="0" mb="0" cb="0"/><line nr="778" mi="3" ci="0" mb="0" cb="0"/><line nr="787" mi="5" ci="0" mb="2" cb="0"/><line nr="788" mi="5" ci="0" mb="0" cb="0"/><line nr="789" mi="7" ci="0" mb="0" cb="0"/><line nr="791" mi="2" ci="0" mb="0" cb="0"/><line nr="794" mi="4" ci="0" mb="0" cb="0"/><line nr="796" mi="2" ci="0" mb="0" cb="0"/><line nr="797" mi="5" ci="0" mb="0" cb="0"/><line nr="800" mi="4" ci="0" mb="0" cb="0"/><line nr="802" mi="3" ci="0" mb="0" cb="0"/><line nr="804" mi="5" ci="0" mb="0" cb="0"/><line nr="805" mi="7" ci="0" mb="0" cb="0"/><line nr="807" mi="2" ci="0" mb="0" cb="0"/><line nr="810" mi="5" ci="0" mb="0" cb="0"/><line nr="812" mi="2" ci="0" mb="0" cb="0"/><line nr="813" mi="5" ci="0" mb="0" cb="0"/><line nr="816" mi="5" ci="0" mb="0" cb="0"/><line nr="818" mi="2" ci="0" mb="0" cb="0"/><line nr="821" mi="4" ci="0" mb="0" cb="0"/><line nr="823" mi="3" ci="0" mb="0" cb="0"/><line nr="824" mi="4" ci="0" mb="0" cb="0"/><line nr="828" mi="2" ci="0" mb="0" cb="0"/><line nr="832" mi="9" ci="0" mb="0" cb="0"/><line nr="833" mi="3" ci="0" mb="0" cb="0"/><line nr="837" mi="1" ci="0" mb="0" cb="0"/><line nr="840" mi="9" ci="0" mb="0" cb="0"/><line nr="841" mi="3" ci="0" mb="0" cb="0"/><line nr="844" mi="1" ci="0" mb="0" cb="0"/><line nr="847" mi="9" ci="0" mb="0" cb="0"/><line nr="848" mi="3" ci="0" mb="0" cb="0"/><line nr="851" mi="1" ci="0" mb="0" cb="0"/><line nr="854" mi="9" ci="0" mb="0" cb="0"/><line nr="855" mi="3" ci="0" mb="0" cb="0"/><line nr="858" mi="1" ci="0" mb="0" cb="0"/><line nr="861" mi="9" ci="0" mb="0" cb="0"/><line nr="862" mi="3" ci="0" mb="0" cb="0"/><line nr="863" mi="1" ci="0" mb="0" cb="0"/><line nr="866" mi="9" ci="0" mb="0" cb="0"/><line nr="867" mi="3" ci="0" mb="0" cb="0"/><line nr="871" mi="1" ci="0" mb="0" cb="0"/><line nr="874" mi="9" ci="0" mb="0" cb="0"/><line nr="875" mi="3" ci="0" mb="0" cb="0"/><line nr="878" mi="1" ci="0" mb="0" cb="0"/><line nr="881" mi="9" ci="0" mb="0" cb="0"/><line nr="882" mi="3" ci="0" mb="0" cb="0"/><line nr="885" mi="1" ci="0" mb="0" cb="0"/><line nr="888" mi="9" ci="0" mb="0" cb="0"/><line nr="889" mi="3" ci="0" mb="0" cb="0"/><line nr="892" mi="1" ci="0" mb="0" cb="0"/><line nr="895" mi="9" ci="0" mb="0" cb="0"/><line nr="896" mi="3" ci="0" mb="0" cb="0"/><line nr="900" mi="1" ci="0" mb="0" cb="0"/><line nr="903" mi="9" ci="0" mb="0" cb="0"/><line nr="904" mi="3" ci="0" mb="0" cb="0"/><line nr="908" mi="1" ci="0" mb="0" cb="0"/><line nr="911" mi="9" ci="0" mb="0" cb="0"/><line nr="912" mi="3" ci="0" mb="0" cb="0"/><line nr="916" mi="1" ci="0" mb="0" cb="0"/><line nr="919" mi="9" ci="0" mb="0" cb="0"/><line nr="920" mi="3" ci="0" mb="0" cb="0"/><line nr="924" mi="1" ci="0" mb="0" cb="0"/><line nr="927" mi="9" ci="0" mb="0" cb="0"/><line nr="928" mi="3" ci="0" mb="0" cb="0"/><line nr="932" mi="1" ci="0" mb="0" cb="0"/><line nr="935" mi="9" ci="0" mb="0" cb="0"/><line nr="936" mi="3" ci="0" mb="0" cb="0"/><line nr="940" mi="1" ci="0" mb="0" cb="0"/><line nr="943" mi="9" ci="0" mb="0" cb="0"/><line nr="944" mi="3" ci="0" mb="0" cb="0"/><line nr="948" mi="1" ci="0" mb="0" cb="0"/><line nr="951" mi="9" ci="0" mb="0" cb="0"/><line nr="952" mi="3" ci="0" mb="0" cb="0"/><line nr="953" mi="1" ci="0" mb="0" cb="0"/><line nr="956" mi="9" ci="0" mb="0" cb="0"/><line nr="957" mi="3" ci="0" mb="0" cb="0"/><line nr="960" mi="1" ci="0" mb="0" cb="0"/><line nr="963" mi="9" ci="0" mb="0" cb="0"/><line nr="964" mi="3" ci="0" mb="0" cb="0"/><line nr="967" mi="1" ci="0" mb="0" cb="0"/><line nr="970" mi="9" ci="0" mb="0" cb="0"/><line nr="971" mi="3" ci="0" mb="0" cb="0"/><line nr="972" mi="1" ci="0" mb="0" cb="0"/><line nr="975" mi="9" ci="0" mb="0" cb="0"/><line nr="976" mi="1" ci="0" mb="0" cb="0"/><line nr="979" mi="9" ci="0" mb="0" cb="0"/><line nr="980" mi="1" ci="0" mb="0" cb="0"/><line nr="983" mi="9" ci="0" mb="0" cb="0"/><line nr="984" mi="1" ci="0" mb="0" cb="0"/><line nr="987" mi="9" ci="0" mb="0" cb="0"/><line nr="988" mi="1" ci="0" mb="0" cb="0"/><line nr="991" mi="9" ci="0" mb="0" cb="0"/><line nr="992" mi="1" ci="0" mb="0" cb="0"/><line nr="995" mi="9" ci="0" mb="0" cb="0"/><line nr="996" mi="1" ci="0" mb="0" cb="0"/><line nr="999" mi="9" ci="0" mb="0" cb="0"/><line nr="1000" mi="1" ci="0" mb="0" cb="0"/><line nr="1003" mi="9" ci="0" mb="0" cb="0"/><line nr="1004" mi="1" ci="0" mb="0" cb="0"/><line nr="1007" mi="9" ci="0" mb="0" cb="0"/><line nr="1008" mi="3" ci="0" mb="0" cb="0"/><line nr="1012" mi="1" ci="0" mb="0" cb="0"/><line nr="1015" mi="9" ci="0" mb="0" cb="0"/><line nr="1016" mi="3" ci="0" mb="0" cb="0"/><line nr="1020" mi="1" ci="0" mb="0" cb="0"/><line nr="1023" mi="9" ci="0" mb="0" cb="0"/><line nr="1024" mi="3" ci="0" mb="0" cb="0"/><line nr="1028" mi="1" ci="0" mb="0" cb="0"/><line nr="1031" mi="9" ci="0" mb="0" cb="0"/><line nr="1032" mi="3" ci="0" mb="0" cb="0"/><line nr="1036" mi="1" ci="0" mb="0" cb="0"/><line nr="1039" mi="9" ci="0" mb="0" cb="0"/><line nr="1040" mi="3" ci="0" mb="0" cb="0"/><line nr="1044" mi="1" ci="0" mb="0" cb="0"/><line nr="1047" mi="9" ci="0" mb="0" cb="0"/><line nr="1048" mi="3" ci="0" mb="0" cb="0"/><line nr="1052" mi="1" ci="0" mb="0" cb="0"/><line nr="1055" mi="9" ci="0" mb="0" cb="0"/><line nr="1056" mi="3" ci="0" mb="0" cb="0"/><line nr="1060" mi="1" ci="0" mb="0" cb="0"/><line nr="1063" mi="9" ci="0" mb="0" cb="0"/><line nr="1064" mi="3" ci="0" mb="0" cb="0"/><line nr="1068" mi="1" ci="0" mb="0" cb="0"/><line nr="1071" mi="9" ci="0" mb="0" cb="0"/><line nr="1072" mi="3" ci="0" mb="0" cb="0"/><line nr="1076" mi="1" ci="0" mb="0" cb="0"/><line nr="1079" mi="9" ci="0" mb="0" cb="0"/><line nr="1080" mi="3" ci="0" mb="0" cb="0"/><line nr="1084" mi="1" ci="0" mb="0" cb="0"/><line nr="1087" mi="9" ci="0" mb="0" cb="0"/><line nr="1088" mi="3" ci="0" mb="0" cb="0"/><line nr="1092" mi="1" ci="0" mb="0" cb="0"/><line nr="1095" mi="9" ci="0" mb="0" cb="0"/><line nr="1096" mi="3" ci="0" mb="0" cb="0"/><line nr="1100" mi="1" ci="0" mb="0" cb="0"/><line nr="1103" mi="9" ci="0" mb="0" cb="0"/><line nr="1104" mi="1" ci="0" mb="0" cb="0"/><line nr="1107" mi="9" ci="0" mb="0" cb="0"/><line nr="1108" mi="1" ci="0" mb="0" cb="0"/><line nr="1111" mi="9" ci="0" mb="0" cb="0"/><line nr="1112" mi="1" ci="0" mb="0" cb="0"/><line nr="1115" mi="9" ci="0" mb="0" cb="0"/><line nr="1116" mi="1" ci="0" mb="0" cb="0"/><line nr="1119" mi="8" ci="0" mb="0" cb="0"/><line nr="1120" mi="3" ci="0" mb="0" cb="0"/><line nr="1121" mi="1" ci="0" mb="0" cb="0"/><line nr="1124" mi="8" ci="0" mb="0" cb="0"/><line nr="1125" mi="3" ci="0" mb="0" cb="0"/><line nr="1128" mi="1" ci="0" mb="0" cb="0"/><line nr="1131" mi="8" ci="0" mb="0" cb="0"/><line nr="1132" mi="3" ci="0" mb="0" cb="0"/><line nr="1135" mi="1" ci="0" mb="0" cb="0"/><line nr="1138" mi="8" ci="0" mb="0" cb="0"/><line nr="1139" mi="3" ci="0" mb="0" cb="0"/><line nr="1140" mi="1" ci="0" mb="0" cb="0"/><line nr="1143" mi="9" ci="0" mb="0" cb="0"/><line nr="1144" mi="1" ci="0" mb="0" cb="0"/><line nr="1147" mi="9" ci="0" mb="0" cb="0"/><line nr="1148" mi="1" ci="0" mb="0" cb="0"/><line nr="1151" mi="9" ci="0" mb="0" cb="0"/><line nr="1152" mi="1" ci="0" mb="0" cb="0"/><line nr="1155" mi="9" ci="0" mb="0" cb="0"/><line nr="1156" mi="1" ci="0" mb="0" cb="0"/><line nr="1159" mi="9" ci="0" mb="0" cb="0"/><line nr="1160" mi="1" ci="0" mb="0" cb="0"/><line nr="1163" mi="9" ci="0" mb="0" cb="0"/><line nr="1164" mi="1" ci="0" mb="0" cb="0"/><line nr="1167" mi="9" ci="0" mb="0" cb="0"/><line nr="1168" mi="1" ci="0" mb="0" cb="0"/><line nr="1171" mi="9" ci="0" mb="0" cb="0"/><line nr="1172" mi="1" ci="0" mb="0" cb="0"/><line nr="1175" mi="10" ci="0" mb="0" cb="0"/><line nr="1176" mi="1" ci="0" mb="0" cb="0"/><line nr="1179" mi="10" ci="0" mb="0" cb="0"/><line nr="1180" mi="1" ci="0" mb="0" cb="0"/><line nr="1183" mi="10" ci="0" mb="0" cb="0"/><line nr="1184" mi="1" ci="0" mb="0" cb="0"/><line nr="1187" mi="10" ci="0" mb="0" cb="0"/><line nr="1188" mi="1" ci="0" mb="0" cb="0"/><line nr="1191" mi="9" ci="0" mb="0" cb="0"/><line nr="1192" mi="1" ci="0" mb="0" cb="0"/><line nr="1195" mi="9" ci="0" mb="0" cb="0"/><line nr="1196" mi="1" ci="0" mb="0" cb="0"/><line nr="1199" mi="9" ci="0" mb="0" cb="0"/><line nr="1200" mi="1" ci="0" mb="0" cb="0"/><line nr="1203" mi="9" ci="0" mb="0" cb="0"/><line nr="1204" mi="1" ci="0" mb="0" cb="0"/><line nr="1207" mi="5" ci="0" mb="3" cb="0"/><line nr="1209" mi="3" ci="0" mb="0" cb="0"/><line nr="1210" mi="1" ci="0" mb="0" cb="0"/><line nr="1213" mi="3" ci="0" mb="0" cb="0"/><line nr="1216" mi="1" ci="0" mb="0" cb="0"/><line nr="1219" mi="17" ci="0" mb="2" cb="0"/><line nr="1220" mi="2" ci="0" mb="0" cb="0"/><line nr="1222" mi="1" ci="0" mb="0" cb="0"/><counter type="INSTRUCTION" missed="2169" covered="0"/><counter type="BRANCH" missed="75" covered="0"/><counter type="LINE" missed="592" covered="0"/><counter type="COMPLEXITY" missed="153" covered="0"/><counter type="METHOD" missed="115" covered="0"/><counter type="CLASS" missed="2" covered="0"/></sourcefile><counter type="INSTRUCTION" missed="2189" covered="0"/><counter type="BRANCH" missed="75" covered="0"/><counter type="LINE" missed="600" covered="0"/><counter type="COMPLEXITY" missed="154" covered="0"/><counter type="METHOD" missed="116" covered="0"/><counter type="CLASS" missed="3" covered="0"/></package><package name="com/github/coderodde/util"><class name="com/github/coderodde/util/Finger" sourcefilename="Finger.java"><method name="&lt;init&gt;" desc="(Lcom/github/coderodde/util/Node;I)V" line="11"><counter type="INSTRUCTION" missed="0" covered="9"/><counter type="LINE" missed="0" covered="4"/><counter type="COMPLEXITY" missed="0" covered="1"/><counter type="METHOD" missed="0" covered="1"/></method><method name="toString" desc="()Ljava/lang/String;" line="18"><counter type="INSTRUCTION" missed="12" covered="0"/><counter type="BRANCH" missed="2" covered="0"/><counter type="LINE" missed="2" covered="0"/><counter type="COMPLEXITY" missed="2" covered="0"/><counter type="METHOD" missed="1" covered="0"/></method><method name="rewindLeft" desc="(I)V" line="25"><counter type="INSTRUCTION" missed="0" covered="19"/><counter type="BRANCH" missed="0" covered="2"/><counter type="LINE" missed="0" covered="4"/><counter type="COMPLEXITY" missed="0" covered="2"/><counter type="METHOD" missed="0" covered="1"/></method><method name="rewindRight" desc="(I)V" line="34"><counter type="INSTRUCTION" missed="0" covered="19"/><counter type="BRANCH" missed="0" covered="2"/><counter type="LINE" missed="0" covered="4"/><counter type="COMPLEXITY" missed="0" covered="2"/><counter type="METHOD" missed="0" covered="1"/></method><counter type="INSTRUCTION" missed="12" covered="47"/><counter type="BRANCH" missed="2" covered="4"/><counter type="LINE" missed="2" covered="12"/><counter type="COMPLEXITY" missed="2" covered="5"/><counter type="METHOD" missed="1" covered="3"/><counter type="CLASS" missed="0" covered="1"/></class><class name="com/github/coderodde/util/IndexedLinkedList$DescendingIterator" sourcefilename="IndexedLinkedList.java"><method name="&lt;init&gt;" desc="(Lcom/github/coderodde/util/IndexedLinkedList;)V" line="1396"><counter type="INSTRUCTION" missed="0" covered="23"/><counter type="LINE" missed="0" covered="4"/><counter type="COMPLEXITY" missed="0" covered="1"/><counter type="METHOD" missed="0" covered="1"/></method><method name="hasNext" desc="()Z" line="1405"><counter type="INSTRUCTION" missed="0" covered="8"/><counter type="BRANCH" missed="0" covered="2"/><counter type="LINE" missed="0" covered="1"/><counter type="COMPLEXITY" missed="0" covered="2"/><counter type="METHOD" missed="0" covered="1"/></method><method name="next" desc="()Ljava/lang/Object;" line="1410"><counter type="INSTRUCTION" missed="4" covered="24"/><counter type="BRANCH" missed="1" covered="1"/><counter type="LINE" missed="1" covered="6"/><counter type="COMPLEXITY" missed="1" covered="1"/><counter type="METHOD" missed="0" covered="1"/></method><method name="remove" desc="()V" line="1424"><counter type="INSTRUCTION" missed="4" covered="24"/><counter type="BRANCH" missed="1" covered="1"/><counter type="LINE" missed="1" covered="6"/><counter type="COMPLEXITY" missed="1" covered="1"/><counter type="METHOD" missed="0" covered="1"/></method><method name="forEachRemaining" desc="(Ljava/util/function/Consumer;)V" line="1437"><counter type="INSTRUCTION" missed="0" covered="32"/><counter type="BRANCH" missed="1" covered="3"/><counter type="LINE" missed="0" covered="7"/><counter type="COMPLEXITY" missed="1" covered="2"/><counter type="METHOD" missed="0" covered="1"/></method><method name="checkForComodification" desc="()V" line="1449"><counter type="INSTRUCTION" missed="4" covered="7"/><counter type="BRANCH" missed="1" covered="1"/><counter type="LINE" missed="1" covered="2"/><counter type="COMPLEXITY" missed="1" covered="1"/><counter type="METHOD" missed="0" covered="1"/></method><counter type="INSTRUCTION" missed="12" covered="118"/><counter type="BRANCH" missed="4" covered="8"/><counter type="LINE" missed="3" covered="26"/><counter type="COMPLEXITY" missed="4" covered="8"/><counter type="METHOD" missed="0" covered="6"/><counter type="CLASS" missed="0" covered="1"/></class><class name="com/github/coderodde/util/IndexedLinkedList$LinkedListSpliterator" sourcefilename="IndexedLinkedList.java"><method name="&lt;init&gt;" desc="(Lcom/github/coderodde/util/IndexedLinkedList;Lcom/github/coderodde/util/Node;JJI)V" line="2510"><counter type="INSTRUCTION" missed="0" covered="18"/><counter type="LINE" missed="0" covered="7"/><counter type="COMPLEXITY" missed="0" covered="1"/><counter type="METHOD" missed="0" covered="1"/></method><method name="tryAdvance" desc="(Ljava/util/function/Consumer;)Z" line="2520"><counter type="INSTRUCTION" missed="0" covered="44"/><counter type="BRANCH" missed="0" covered="6"/><counter type="LINE" missed="0" covered="11"/><counter type="COMPLEXITY" missed="0" covered="4"/><counter type="METHOD" missed="0" covered="1"/></method><method name="forEachRemaining" desc="(Ljava/util/function/Consumer;)V" line="2542"><counter type="INSTRUCTION" missed="0" covered="43"/><counter type="BRANCH" missed="0" covered="4"/><counter type="LINE" missed="0" covered="11"/><counter type="COMPLEXITY" missed="0" covered="3"/><counter type="METHOD" missed="0" covered="1"/></method><method name="trySplit" desc="()Ljava/util/Spliterator;" line="2561"><counter type="INSTRUCTION" missed="0" covered="60"/><counter type="BRANCH" missed="0" covered="4"/><counter type="LINE" missed="0" covered="13"/><counter type="COMPLEXITY" missed="0" covered="3"/><counter type="METHOD" missed="0" covered="1"/></method><method name="estimateSize" desc="()J" line="2593"><counter type="INSTRUCTION" missed="0" covered="6"/><counter type="LINE" missed="0" covered="1"/><counter type="COMPLEXITY" missed="0" covered="1"/><counter type="METHOD" missed="0" covered="1"/></method><method name="getExactSizeIfKnown" desc="()J" line="2598"><counter type="INSTRUCTION" missed="0" covered="3"/><counter type="LINE" missed="0" covered="1"/><counter type="COMPLEXITY" missed="0" covered="1"/><counter type="METHOD" missed="0" covered="1"/></method><method name="characteristics" desc="()I" line="2603"><counter type="INSTRUCTION" missed="0" covered="2"/><counter type="LINE" missed="0" covered="1"/><counter type="COMPLEXITY" missed="0" covered="1"/><counter type="METHOD" missed="0" covered="1"/></method><method name="hasCharacteristics" desc="(I)Z" line="2610"><counter type="INSTRUCTION" missed="0" covered="6"/><counter type="BRANCH" missed="0" covered="2"/><counter type="LINE" missed="0" covered="3"/><counter type="COMPLEXITY" missed="0" covered="2"/><counter type="METHOD" missed="0" covered="1"/></method><counter type="INSTRUCTION" missed="0" covered="182"/><counter type="BRANCH" missed="0" covered="16"/><counter type="LINE" missed="0" covered="48"/><counter type="COMPLEXITY" missed="0" covered="16"/><counter type="METHOD" missed="0" covered="8"/><counter type="CLASS" missed="0" covered="1"/></class><class name="com/github/coderodde/util/IndexedLinkedList$EnhancedSubList$1" sourcefilename="IndexedLinkedList.java"><method name="&lt;init&gt;" desc="(Lcom/github/coderodde/util/IndexedLinkedList$EnhancedSubList;I)V" line="2744"><counter type="INSTRUCTION" missed="21" covered="0"/><counter type="LINE" missed="3" covered="0"/><counter type="COMPLEXITY" missed="1" covered="0"/><counter type="METHOD" missed="1" covered="0"/></method><method name="hasNext" desc="()Z" line="2749"><counter type="INSTRUCTION" missed="10" covered="0"/><counter type="BRANCH" missed="2" covered="0"/><counter type="LINE" missed="1" covered="0"/><counter type="COMPLEXITY" missed="2" covered="0"/><counter type="METHOD" missed="1" covered="0"/></method><method name="next" desc="()Ljava/lang/Object;" line="2753"><counter type="INSTRUCTION" missed="11" covered="0"/><counter type="BRANCH" missed="2" covered="0"/><counter type="LINE" missed="3" covered="0"/><counter type="COMPLEXITY" missed="2" covered="0"/><counter type="METHOD" missed="1" covered="0"/></method><method name="hasPrevious" desc="()Z" line="2761"><counter type="INSTRUCTION" missed="7" covered="0"/><counter type="BRANCH" missed="2" covered="0"/><counter type="LINE" missed="1" covered="0"/><counter type="COMPLEXITY" missed="2" covered="0"/><counter type="METHOD" missed="1" covered="0"/></method><method name="previous" desc="()Ljava/lang/Object;" line="2765"><counter type="INSTRUCTION" missed="11" covered="0"/><counter type="BRANCH" missed="2" covered="0"/><counter type="LINE" missed="3" covered="0"/><counter type="COMPLEXITY" missed="2" covered="0"/><counter type="METHOD" missed="1" covered="0"/></method><method name="nextIndex" desc="()I" line="2773"><counter type="INSTRUCTION" missed="8" covered="0"/><counter type="LINE" missed="1" covered="0"/><counter type="COMPLEXITY" missed="1" covered="0"/><counter type="METHOD" missed="1" covered="0"/></method><method name="previousIndex" desc="()I" line="2777"><counter type="INSTRUCTION" missed="8" covered="0"/><counter type="LINE" missed="1" covered="0"/><counter type="COMPLEXITY" missed="1" covered="0"/><counter type="METHOD" missed="1" covered="0"/></method><method name="remove" desc="()V" line="2781"><counter type="INSTRUCTION" missed="8" covered="0"/><counter type="LINE" missed="3" covered="0"/><counter type="COMPLEXITY" missed="1" covered="0"/><counter type="METHOD" missed="1" covered="0"/></method><method name="set" desc="(Ljava/lang/Object;)V" line="2786"><counter type="INSTRUCTION" missed="5" covered="0"/><counter type="LINE" missed="2" covered="0"/><counter type="COMPLEXITY" missed="1" covered="0"/><counter type="METHOD" missed="1" covered="0"/></method><method name="add" desc="(Ljava/lang/Object;)V" line="2790"><counter type="INSTRUCTION" missed="9" covered="0"/><counter type="LINE" missed="3" covered="0"/><counter type="COMPLEXITY" missed="1" covered="0"/><counter type="METHOD" missed="1" covered="0"/></method><counter type="INSTRUCTION" missed="98" covered="0"/><counter type="BRANCH" missed="8" covered="0"/><counter type="LINE" missed="21" covered="0"/><counter type="COMPLEXITY" missed="14" covered="0"/><counter type="METHOD" missed="10" covered="0"/><counter type="CLASS" missed="1" covered="0"/></class><class name="com/github/coderodde/util/IndexedLinkedList" sourcefilename="IndexedLinkedList.java"><method name="&lt;init&gt;" desc="()V" line="482"><counter type="INSTRUCTION" missed="0" covered="9"/><counter type="LINE" missed="0" covered="3"/><counter type="COMPLEXITY" missed="0" covered="1"/><counter type="METHOD" missed="0" covered="1"/></method><method name="&lt;init&gt;" desc="(Ljava/util/Collection;)V" line="497"><counter type="INSTRUCTION" missed="0" covered="7"/><counter type="LINE" missed="0" covered="3"/><counter type="COMPLEXITY" missed="0" covered="1"/><counter type="METHOD" missed="0" covered="1"/></method><method name="add" desc="(Ljava/lang/Object;)Z" line="511"><counter type="INSTRUCTION" missed="0" covered="5"/><counter type="LINE" missed="0" covered="2"/><counter type="COMPLEXITY" missed="0" covered="1"/><counter type="METHOD" missed="0" covered="1"/></method><method name="add" desc="(ILjava/lang/Object;)V" line="526"><counter type="INSTRUCTION" missed="0" covered="19"/><counter type="BRANCH" missed="0" covered="2"/><counter type="LINE" missed="0" covered="5"/><counter type="COMPLEXITY" missed="0" covered="2"/><counter type="METHOD" missed="0" covered="1"/></method><method name="addAll" desc="(Ljava/util/Collection;)Z" line="549"><counter type="INSTRUCTION" missed="0" covered="6"/><counter type="LINE" missed="0" covered="1"/><counter type="COMPLEXITY" missed="0" covered="1"/><counter type="METHOD" missed="0" covered="1"/></method><method name="addAll" desc="(ILjava/util/Collection;)Z" line="566"><counter type="INSTRUCTION" missed="0" covered="38"/><counter type="BRANCH" missed="0" covered="8"/><counter type="LINE" missed="0" covered="11"/><counter type="COMPLEXITY" missed="0" covered="5"/><counter type="METHOD" missed="0" covered="1"/></method><method name="addFirst" desc="(Ljava/lang/Object;)V" line="589"><counter type="INSTRUCTION" missed="0" covered="4"/><counter type="LINE" missed="0" covered="2"/><counter type="COMPLEXITY" missed="0" covered="1"/><counter type="METHOD" missed="0" covered="1"/></method><method name="addLast" desc="(Ljava/lang/Object;)V" line="596"><counter type="INSTRUCTION" missed="0" covered="4"/><counter type="LINE" missed="0" covered="2"/><counter type="COMPLEXITY" missed="0" covered="1"/><counter type="METHOD" missed="0" covered="1"/></method><method name="checkInvarant" desc="()V" line="616"><counter type="INSTRUCTION" missed="36" covered="82"/><counter type="BRANCH" missed="5" covered="11"/><counter type="LINE" missed="5" covered="18"/><counter type="COMPLEXITY" missed="5" covered="4"/><counter type="METHOD" missed="0" covered="1"/></method><method name="clear" desc="()V" line="678"><counter type="INSTRUCTION" missed="0" covered="39"/><counter type="BRANCH" missed="0" covered="2"/><counter type="LINE" missed="0" covered="12"/><counter type="COMPLEXITY" missed="0" covered="2"/><counter type="METHOD" missed="0" covered="1"/></method><method name="clone" desc="()Ljava/lang/Object;" line="696"><counter type="INSTRUCTION" missed="5" covered="0"/><counter type="LINE" missed="1" covered="0"/><counter type="COMPLEXITY" missed="1" covered="0"/><counter type="METHOD" missed="1" covered="0"/></method><method name="contains" desc="(Ljava/lang/Object;)Z" line="704"><counter type="INSTRUCTION" missed="0" covered="8"/><counter type="BRANCH" missed="0" covered="2"/><counter type="LINE" missed="0" covered="1"/><counter type="COMPLEXITY" missed="0" covered="2"/><counter type="METHOD" missed="0" covered="1"/></method><method name="containsAll" desc="(Ljava/util/Collection;)Z" line="709"><counter type="INSTRUCTION" missed="18" covered="0"/><counter type="BRANCH" missed="4" covered="0"/><counter type="LINE" missed="5" covered="0"/><counter type="COMPLEXITY" missed="3" covered="0"/><counter type="METHOD" missed="1" covered="0"/></method><method name="descendingIterator" desc="()Ljava/util/Iterator;" line="723"><counter type="INSTRUCTION" missed="0" covered="5"/><counter type="LINE" missed="0" covered="1"/><counter type="COMPLEXITY" missed="0" covered="1"/><counter type="METHOD" missed="0" covered="1"/></method><method name="element" desc="()Ljava/lang/Object;" line="731"><counter type="INSTRUCTION" missed="0" covered="3"/><counter type="LINE" missed="0" covered="1"/><counter type="COMPLEXITY" missed="0" covered="1"/><counter type="METHOD" missed="0" covered="1"/></method><method name="equals" desc="(Ljava/lang/Object;)Z" line="739"><counter type="INSTRUCTION" missed="0" covered="28"/><counter type="BRANCH" missed="0" covered="4"/><counter type="LINE" missed="0" covered="9"/><counter type="COMPLEXITY" missed="0" covered="3"/><counter type="METHOD" missed="0" covered="1"/></method><method name="get" desc="(I)Ljava/lang/Object;" line="761"><counter type="INSTRUCTION" missed="0" covered="8"/><counter type="LINE" missed="0" covered="2"/><counter type="COMPLEXITY" missed="0" covered="1"/><counter type="METHOD" missed="0" covered="1"/></method><method name="getFirst" desc="()Ljava/lang/Object;" line="770"><counter type="INSTRUCTION" missed="0" covered="12"/><counter type="BRANCH" missed="0" covered="2"/><counter type="LINE" missed="0" covered="3"/><counter type="COMPLEXITY" missed="0" covered="2"/><counter type="METHOD" missed="0" covered="1"/></method><method name="getLast" desc="()Ljava/lang/Object;" line="783"><counter type="INSTRUCTION" missed="0" covered="12"/><counter type="BRANCH" missed="0" covered="2"/><counter type="LINE" missed="0" covered="3"/><counter type="COMPLEXITY" missed="0" covered="2"/><counter type="METHOD" missed="0" covered="1"/></method><method name="hashCode" desc="()I" line="792"><counter type="INSTRUCTION" missed="14" covered="0"/><counter type="LINE" missed="4" covered="0"/><counter type="COMPLEXITY" missed="1" covered="0"/><counter type="METHOD" missed="1" covered="0"/></method><method name="indexOf" desc="(Ljava/lang/Object;)I" line="803"><counter type="INSTRUCTION" missed="0" covered="7"/><counter type="LINE" missed="0" covered="1"/><counter type="COMPLEXITY" missed="0" covered="1"/><counter type="METHOD" missed="0" covered="1"/></method><method name="isEmpty" desc="()Z" line="811"><counter type="INSTRUCTION" missed="0" covered="7"/><counter type="BRANCH" missed="0" covered="2"/><counter type="LINE" missed="0" covered="1"/><counter type="COMPLEXITY" missed="0" covered="2"/><counter type="METHOD" missed="0" covered="1"/></method><method name="iterator" desc="()Ljava/util/Iterator;" line="819"><counter type="INSTRUCTION" missed="0" covered="5"/><counter type="LINE" missed="0" covered="1"/><counter type="COMPLEXITY" missed="0" covered="1"/><counter type="METHOD" missed="0" covered="1"/></method><method name="lastIndexOf" desc="(Ljava/lang/Object;)I" line="827"><counter type="INSTRUCTION" missed="0" covered="7"/><counter type="LINE" missed="0" covered="1"/><counter type="COMPLEXITY" missed="0" covered="1"/><counter type="METHOD" missed="0" covered="1"/></method><method name="listIterator" desc="()Ljava/util/ListIterator;" line="832"><counter type="INSTRUCTION" missed="0" covered="6"/><counter type="LINE" missed="0" covered="1"/><counter type="COMPLEXITY" missed="0" covered="1"/><counter type="METHOD" missed="0" covered="1"/></method><method name="listIterator" desc="(I)Ljava/util/ListIterator;" line="840"><counter type="INSTRUCTION" missed="0" covered="6"/><counter type="LINE" missed="0" covered="1"/><counter type="COMPLEXITY" missed="0" covered="1"/><counter type="METHOD" missed="0" covered="1"/></method><method name="offer" desc="(Ljava/lang/Object;)Z" line="848"><counter type="INSTRUCTION" missed="0" covered="4"/><counter type="LINE" missed="0" covered="1"/><counter type="COMPLEXITY" missed="0" covered="1"/><counter type="METHOD" missed="0" covered="1"/></method><method name="offerFirst" desc="(Ljava/lang/Object;)Z" line="856"><counter type="INSTRUCTION" missed="0" covered="5"/><counter type="LINE" missed="0" covered="2"/><counter type="COMPLEXITY" missed="0" covered="1"/><counter type="METHOD" missed="0" covered="1"/></method><method name="offerLast" desc="(Ljava/lang/Object;)Z" line="865"><counter type="INSTRUCTION" missed="0" covered="5"/><counter type="LINE" missed="0" covered="2"/><counter type="COMPLEXITY" missed="0" covered="1"/><counter type="METHOD" missed="0" covered="1"/></method><method name="optimize" desc="()V
[...]
2022" mi="0" ci="5" mb="0" cb="0"/><line nr="2024" mi="0" ci="4" mb="0" cb="0"/><line nr="2025" mi="0" ci="5" mb="0" cb="2"/><line nr="2026" mi="0" ci="2" mb="0" cb="0"/><line nr="2027" mi="0" ci="9" mb="0" cb="0"/><line nr="2030" mi="0" ci="5" mb="0" cb="0"/><line nr="2032" mi="0" ci="2" mb="0" cb="2"/><line nr="2033" mi="0" ci="9" mb="0" cb="0"/><line nr="2037" mi="0" ci="3" mb="0" cb="0"/><line nr="2038" mi="0" ci="2" mb="0" cb="0"/><line nr="2040" mi="0" ci="3" mb="0" cb="2"/><line nr="2041" mi="0" ci="2" mb="0" cb="0"/><line nr="2043" mi="0" ci="1" mb="0" cb="0"/><line nr="2048" mi="0" ci="4" mb="0" cb="0"/><line nr="2050" mi="0" ci="2" mb="0" cb="2"/><line nr="2051" mi="0" ci="1" mb="0" cb="0"/><line nr="2054" mi="0" ci="4" mb="1" cb="1"/><line nr="2055" mi="2" ci="0" mb="0" cb="0"/><line nr="2056" mi="1" ci="0" mb="0" cb="0"/><line nr="2059" mi="0" ci="4" mb="0" cb="0"/><line nr="2061" mi="0" ci="6" mb="0" cb="0"/><line nr="2062" mi="0" ci="2" mb="0" cb="0"/><line nr="2063" mi="0" ci="5" mb="0" cb="0"/><line nr="2064" mi="0" ci="5" mb="0" cb="0"/><line nr="2065" mi="0" ci="6" mb="0" cb="0"/><line nr="2066" mi="0" ci="3" mb="0" cb="0"/><line nr="2068" mi="0" ci="4" mb="0" cb="0"/><line nr="2069" mi="0" ci="4" mb="0" cb="0"/><line nr="2071" mi="0" ci="2" mb="0" cb="2"/><line nr="2072" mi="0" ci="2" mb="0" cb="2"/><line nr="2073" mi="0" ci="6" mb="0" cb="0"/><line nr="2077" mi="0" ci="4" mb="0" cb="0"/><line nr="2082" mi="0" ci="5" mb="0" cb="0"/><line nr="2083" mi="0" ci="6" mb="0" cb="0"/><line nr="2084" mi="0" ci="4" mb="0" cb="0"/><line nr="2085" mi="0" ci="1" mb="0" cb="0"/><line nr="2087" mi="0" ci="2" mb="0" cb="2"/><line nr="2088" mi="0" ci="4" mb="0" cb="0"/><line nr="2089" mi="0" ci="2" mb="0" cb="0"/><line nr="2096" mi="0" ci="5" mb="0" cb="0"/><line nr="2100" mi="0" ci="6" mb="0" cb="0"/><line nr="2101" mi="0" ci="4" mb="0" cb="0"/><line nr="2102" mi="0" ci="1" mb="0" cb="0"/><line nr="2103" mi="0" ci="4" mb="0" cb="0"/><line nr="2106" mi="0" ci="6" mb="0" cb="0"/><line nr="2109" mi="0" ci="6" mb="0" cb="0"/><line nr="2112" mi="0" ci="4" mb="0" cb="0"/><line nr="2115" mi="0" ci="5" mb="0" cb="0"/><line nr="2118" mi="0" ci="5" mb="0" cb="0"/><line nr="2120" mi="0" ci="6" mb="0" cb="0"/><line nr="2124" mi="0" ci="4" mb="0" cb="0"/><line nr="2128" mi="0" ci="6" mb="0" cb="0"/><line nr="2129" mi="0" ci="6" mb="0" cb="0"/><line nr="2130" mi="0" ci="1" mb="0" cb="0"/><line nr="2136" mi="0" ci="5" mb="0" cb="0"/><line nr="2137" mi="0" ci="1" mb="0" cb="0"/><line nr="2138" mi="0" ci="2" mb="0" cb="0"/><line nr="2140" mi="0" ci="6" mb="0" cb="0"/><line nr="2141" mi="0" ci="5" mb="0" cb="0"/><line nr="2142" mi="0" ci="2" mb="0" cb="0"/><line nr="2144" mi="0" ci="5" mb="0" cb="0"/><line nr="2145" mi="0" ci="7" mb="0" cb="0"/><line nr="2146" mi="0" ci="3" mb="0" cb="0"/><line nr="2147" mi="0" ci="2" mb="0" cb="0"/><line nr="2149" mi="0" ci="9" mb="0" cb="2"/><line nr="2150" mi="0" ci="7" mb="0" cb="0"/><line nr="2152" mi="0" ci="3" mb="0" cb="2"/><line nr="2153" mi="0" ci="2" mb="0" cb="2"/><line nr="2154" mi="0" ci="1" mb="0" cb="0"/><line nr="2155" mi="0" ci="1" mb="0" cb="0"/><line nr="2156" mi="0" ci="2" mb="0" cb="0"/><line nr="2157" mi="0" ci="7" mb="0" cb="0"/><line nr="2161" mi="0" ci="3" mb="0" cb="0"/><line nr="2162" mi="0" ci="3" mb="0" cb="0"/><line nr="2163" mi="0" ci="3" mb="0" cb="0"/><line nr="2164" mi="0" ci="3" mb="0" cb="0"/><line nr="2165" mi="0" ci="2" mb="0" cb="0"/><line nr="2168" mi="0" ci="3" mb="0" cb="0"/><line nr="2169" mi="0" ci="3" mb="0" cb="0"/><line nr="2170" mi="0" ci="3" mb="0" cb="0"/><line nr="2171" mi="0" ci="3" mb="0" cb="0"/><line nr="2173" mi="0" ci="2" mb="0" cb="2"/><line nr="2175" mi="0" ci="1" mb="0" cb="0"/><line nr="2178" mi="0" ci="2" mb="0" cb="2"/><line nr="2179" mi="0" ci="2" mb="1" cb="1"/><line nr="2180" mi="0" ci="3" mb="0" cb="0"/><line nr="2181" mi="0" ci="4" mb="0" cb="0"/><line nr="2183" mi="3" ci="0" mb="0" cb="0"/><line nr="2184" mi="4" ci="0" mb="0" cb="0"/><line nr="2187" mi="0" ci="3" mb="0" cb="0"/><line nr="2188" mi="0" ci="3" mb="0" cb="0"/><line nr="2191" mi="0" ci="6" mb="0" cb="0"/><line nr="2193" mi="0" ci="6" mb="0" cb="0"/><line nr="2195" mi="0" ci="1" mb="0" cb="0"/><line nr="2200" mi="0" ci="3" mb="0" cb="0"/><line nr="2201" mi="0" ci="2" mb="0" cb="0"/><line nr="2203" mi="0" ci="9" mb="0" cb="2"/><line nr="2204" mi="0" ci="3" mb="0" cb="0"/><line nr="2205" mi="0" ci="3" mb="0" cb="0"/><line nr="2206" mi="0" ci="3" mb="0" cb="0"/><line nr="2207" mi="0" ci="3" mb="0" cb="0"/><line nr="2208" mi="0" ci="2" mb="0" cb="0"/><line nr="2211" mi="0" ci="3" mb="0" cb="0"/><line nr="2212" mi="0" ci="3" mb="0" cb="0"/><line nr="2213" mi="0" ci="3" mb="0" cb="0"/><line nr="2214" mi="0" ci="3" mb="0" cb="0"/><line nr="2216" mi="0" ci="2" mb="0" cb="2"/><line nr="2217" mi="0" ci="2" mb="0" cb="2"/><line nr="2218" mi="0" ci="3" mb="0" cb="0"/><line nr="2219" mi="0" ci="4" mb="0" cb="0"/><line nr="2221" mi="0" ci="3" mb="0" cb="0"/><line nr="2222" mi="0" ci="4" mb="0" cb="0"/><line nr="2225" mi="0" ci="3" mb="0" cb="0"/><line nr="2226" mi="0" ci="3" mb="0" cb="0"/><line nr="2228" mi="0" ci="1" mb="0" cb="0"/><line nr="2232" mi="3" ci="0" mb="0" cb="0"/><line nr="2233" mi="3" ci="0" mb="0" cb="0"/><line nr="2234" mi="4" ci="0" mb="0" cb="0"/><line nr="2236" mi="7" ci="0" mb="4" cb="0"/><line nr="2237" mi="6" ci="0" mb="0" cb="0"/><line nr="2238" mi="2" ci="0" mb="0" cb="0"/><line nr="2241" mi="4" ci="0" mb="2" cb="0"/><line nr="2242" mi="4" ci="0" mb="0" cb="0"/><line nr="2244" mi="1" ci="0" mb="0" cb="0"/><line nr="2251" mi="0" ci="1" mb="0" cb="0"/><line nr="2252" mi="0" ci="6" mb="0" cb="0"/><line nr="2254" mi="0" ci="2" mb="1" cb="1"/><line nr="2255" mi="11" ci="0" mb="0" cb="0"/><line nr="2256" mi="1" ci="0" mb="0" cb="0"/><line nr="2259" mi="0" ci="4" mb="0" cb="0"/><line nr="2260" mi="0" ci="4" mb="0" cb="0"/><line nr="2261" mi="0" ci="4" mb="0" cb="0"/><line nr="2262" mi="0" ci="2" mb="0" cb="0"/><line nr="2264" mi="0" ci="7" mb="0" cb="2"/><line nr="2265" mi="0" ci="3" mb="0" cb="0"/><line nr="2268" mi="0" ci="4" mb="0" cb="0"/><line nr="2270" mi="0" ci="6" mb="0" cb="0"/><line nr="2274" mi="0" ci="10" mb="0" cb="0"/><line nr="2276" mi="0" ci="7" mb="0" cb="2"/><line nr="2277" mi="0" ci="4" mb="0" cb="0"/><line nr="2279" mi="0" ci="7" mb="0" cb="2"/><line nr="2280" mi="0" ci="3" mb="0" cb="0"/><line nr="2283" mi="0" ci="10" mb="0" cb="0"/><line nr="2285" mi="0" ci="1" mb="0" cb="0"/><line nr="2291" mi="0" ci="1" mb="0" cb="0"/><line nr="2292" mi="0" ci="6" mb="0" cb="0"/><line nr="2294" mi="0" ci="2" mb="0" cb="2"/><line nr="2295" mi="0" ci="3" mb="0" cb="0"/><line nr="2296" mi="0" ci="2" mb="0" cb="0"/><line nr="2298" mi="0" ci="5" mb="0" cb="0"/><line nr="2299" mi="0" ci="1" mb="0" cb="0"/><line nr="2302" mi="0" ci="4" mb="0" cb="0"/><line nr="2303" mi="0" ci="4" mb="0" cb="0"/><line nr="2304" mi="0" ci="4" mb="0" cb="0"/><line nr="2305" mi="0" ci="2" mb="0" cb="0"/><line nr="2307" mi="0" ci="7" mb="0" cb="2"/><line nr="2308" mi="0" ci="3" mb="0" cb="0"/><line nr="2311" mi="0" ci="3" mb="0" cb="0"/><line nr="2312" mi="0" ci="2" mb="0" cb="0"/><line nr="2314" mi="0" ci="6" mb="0" cb="0"/><line nr="2318" mi="0" ci="9" mb="0" cb="0"/><line nr="2320" mi="0" ci="7" mb="0" cb="2"/><line nr="2321" mi="0" ci="4" mb="0" cb="0"/><line nr="2323" mi="0" ci="7" mb="0" cb="2"/><line nr="2324" mi="0" ci="3" mb="0" cb="0"/><line nr="2327" mi="0" ci="11" mb="0" cb="0"/><line nr="2330" mi="0" ci="1" mb="0" cb="0"/><line nr="2334" mi="0" ci="1" mb="0" cb="0"/><line nr="2335" mi="0" ci="6" mb="0" cb="0"/><line nr="2337" mi="0" ci="2" mb="0" cb="2"/><line nr="2338" mi="0" ci="5" mb="0" cb="0"/><line nr="2339" mi="0" ci="1" mb="0" cb="0"/><line nr="2342" mi="0" ci="6" mb="0" cb="0"/><line nr="2344" mi="0" ci="4" mb="0" cb="0"/><line nr="2345" mi="0" ci="4" mb="0" cb="0"/><line nr="2346" mi="0" ci="2" mb="0" cb="0"/><line nr="2347" mi="0" ci="2" mb="0" cb="0"/><line nr="2349" mi="0" ci="7" mb="0" cb="2"/><line nr="2350" mi="0" ci="3" mb="0" cb="0"/><line nr="2353" mi="0" ci="2" mb="0" cb="0"/><line nr="2355" mi="0" ci="10" mb="0" cb="0"/><line nr="2357" mi="0" ci="7" mb="0" cb="2"/><line nr="2358" mi="0" ci="4" mb="0" cb="0"/><line nr="2360" mi="0" ci="7" mb="0" cb="2"/><line nr="2361" mi="0" ci="3" mb="0" cb="0"/><line nr="2364" mi="0" ci="10" mb="0" cb="0"/><line nr="2366" mi="0" ci="1" mb="0" cb="0"/><line nr="2370" mi="0" ci="3" mb="0" cb="0"/><line nr="2372" mi="0" ci="2" mb="1" cb="1"/><line nr="2373" mi="1" ci="0" mb="0" cb="0"/><line nr="2376" mi="0" ci="5" mb="0" cb="0"/><line nr="2377" mi="0" ci="4" mb="0" cb="0"/><line nr="2378" mi="0" ci="2" mb="0" cb="0"/><line nr="2379" mi="0" ci="6" mb="0" cb="0"/><line nr="2383" mi="0" ci="3" mb="0" cb="0"/><line nr="2385" mi="0" ci="7" mb="0" cb="2"/><line nr="2386" mi="0" ci="3" mb="0" cb="0"/><line nr="2389" mi="0" ci="9" mb="0" cb="0"/><line nr="2391" mi="0" ci="7" mb="0" cb="2"/><line nr="2392" mi="0" ci="4" mb="0" cb="0"/><line nr="2394" mi="0" ci="7" mb="0" cb="2"/><line nr="2395" mi="0" ci="3" mb="0" cb="0"/><line nr="2398" mi="0" ci="9" mb="0" cb="0"/><line nr="2400" mi="0" ci="1" mb="0" cb="0"/><line nr="2404" mi="0" ci="3" mb="0" cb="0"/><line nr="2405" mi="0" ci="3" mb="0" cb="0"/><line nr="2406" mi="0" ci="7" mb="0" cb="0"/><line nr="2408" mi="0" ci="3" mb="0" cb="0"/><line nr="2410" mi="0" ci="10" mb="0" cb="2"/><line nr="2411" mi="0" ci="6" mb="0" cb="0"/><line nr="2412" mi="0" ci="3" mb="0" cb="0"/><line nr="2413" mi="0" ci="3" mb="0" cb="0"/><line nr="2414" mi="0" ci="2" mb="0" cb="0"/><line nr="2417" mi="0" ci="3" mb="0" cb="0"/><line nr="2418" mi="0" ci="3" mb="0" cb="0"/><line nr="2420" mi="0" ci="3" mb="0" cb="0"/><line nr="2421" mi="0" ci="6" mb="0" cb="0"/><line nr="2422" mi="0" ci="6" mb="0" cb="0"/><line nr="2425" mi="0" ci="5" mb="0" cb="0"/><line nr="2426" mi="0" ci="1" mb="0" cb="0"/><line nr="2430" mi="0" ci="3" mb="0" cb="0"/><line nr="2432" mi="0" ci="2" mb="0" cb="2"/><line nr="2433" mi="0" ci="8" mb="0" cb="2"/><line nr="2434" mi="0" ci="3" mb="0" cb="0"/><line nr="2437" mi="0" ci="3" mb="0" cb="0"/><line nr="2439" mi="0" ci="7" mb="0" cb="2"/><line nr="2440" mi="0" ci="3" mb="0" cb="0"/><line nr="2444" mi="0" ci="2" mb="0" cb="0"/><line nr="2450" mi="0" ci="6" mb="0" cb="0"/><line nr="2451" mi="0" ci="4" mb="0" cb="0"/><line nr="2452" mi="0" ci="1" mb="0" cb="0"/><line nr="2456" mi="0" ci="3" mb="0" cb="0"/><line nr="2458" mi="0" ci="7" mb="0" cb="0"/><line nr="2459" mi="0" ci="3" mb="0" cb="0"/><line nr="2461" mi="0" ci="10" mb="0" cb="2"/><line nr="2462" mi="0" ci="6" mb="0" cb="0"/><line nr="2463" mi="0" ci="3" mb="0" cb="0"/><line nr="2464" mi="0" ci="3" mb="0" cb="0"/><line nr="2465" mi="0" ci="2" mb="0" cb="0"/><line nr="2468" mi="0" ci="3" mb="0" cb="0"/><line nr="2469" mi="0" ci="4" mb="0" cb="0"/><line nr="2470" mi="0" ci="6" mb="0" cb="0"/><line nr="2472" mi="0" ci="4" mb="0" cb="0"/><line nr="2473" mi="0" ci="1" mb="0" cb="0"/><line nr="2477" mi="0" ci="3" mb="0" cb="0"/><line nr="2478" mi="0" ci="3" mb="0" cb="0"/><line nr="2480" mi="0" ci="2" mb="0" cb="2"/><line nr="2481" mi="0" ci="4" mb="0" cb="0"/><line nr="2483" mi="0" ci="3" mb="0" cb="0"/><line nr="2484" mi="0" ci="3" mb="0" cb="0"/><line nr="2487" mi="0" ci="2" mb="0" cb="2"/><line nr="2488" mi="0" ci="4" mb="0" cb="0"/><line nr="2490" mi="0" ci="3" mb="0" cb="0"/><line nr="2491" mi="0" ci="3" mb="0" cb="0"/><line nr="2493" mi="0" ci="1" mb="0" cb="0"/><line nr="2510" mi="0" ci="2" mb="0" cb="0"/><line nr="2511" mi="0" ci="3" mb="0" cb="0"/><line nr="2512" mi="0" ci="3" mb="0" cb="0"/><line nr="2513" mi="0" ci="3" mb="0" cb="0"/><line nr="2514" mi="0" ci="3" mb="0" cb="0"/><line nr="2515" mi="0" ci="3" mb="0" cb="0"/><line nr="2516" mi="0" ci="1" mb="0" cb="0"/><line nr="2520" mi="0" ci="2" mb="0" cb="2"/><line nr="2521" mi="0" ci="4" mb="0" cb="0"/><line nr="2524" mi="0" ci="6" mb="0" cb="2"/><line nr="2525" mi="0" ci="2" mb="0" cb="0"/><line nr="2528" mi="0" ci="6" mb="0" cb="0"/><line nr="2529" mi="0" ci="4" mb="0" cb="0"/><line nr="2530" mi="0" ci="3" mb="0" cb="0"/><line nr="2531" mi="0" ci="5" mb="0" cb="0"/><line nr="2533" mi="0" ci="6" mb="0" cb="2"/><line nr="2534" mi="0" ci="4" mb="0" cb="0"/><line nr="2537" mi="0" ci="2" mb="0" cb="0"/><line nr="2542" mi="0" ci="3" mb="0" cb="0"/><line nr="2544" mi="0" ci="3" mb="0" cb="0"/><line nr="2545" mi="0" ci="5" mb="0" cb="2"/><line nr="2546" mi="0" ci="5" mb="0" cb="0"/><line nr="2547" mi="0" ci="4" mb="0" cb="0"/><line nr="2548" mi="0" ci="3" mb="0" cb="0"/><line nr="2549" mi="0" ci="5" mb="0" cb="0"/><line nr="2552" mi="0" ci="4" mb="0" cb="0"/><line nr="2554" mi="0" ci="6" mb="0" cb="2"/><line nr="2555" mi="0" ci="4" mb="0" cb="0"/><line nr="2557" mi="0" ci="1" mb="0" cb="0"/><line nr="2561" mi="0" ci="3" mb="0" cb="0"/><line nr="2563" mi="0" ci="4" mb="0" cb="2"/><line nr="2564" mi="0" ci="2" mb="0" cb="0"/><line nr="2567" mi="0" ci="4" mb="0" cb="0"/><line nr="2569" mi="0" ci="4" mb="0" cb="2"/><line nr="2570" mi="0" ci="2" mb="0" cb="0"/><line nr="2573" mi="0" ci="4" mb="0" cb="0"/><line nr="2574" mi="0" ci="3" mb="0" cb="0"/><line nr="2576" mi="0" ci="6" mb="0" cb="0"/><line nr="2577" mi="0" ci="6" mb="0" cb="0"/><line nr="2579" mi="0" ci="3" mb="0" cb="0"/><line nr="2581" mi="0" ci="8" mb="0" cb="0"/><line nr="2583" mi="0" ci="11" mb="0" cb="0"/><line nr="2593" mi="0" ci="6" mb="0" cb="0"/><line nr="2598" mi="0" ci="3" mb="0" cb="0"/><line nr="2603" mi="0" ci="2" mb="0" cb="0"/><line nr="2610" mi="0" ci="3" mb="0" cb="2"/><line nr="2613" mi="0" ci="2" mb="0" cb="0"/><line nr="2615" mi="0" ci="1" mb="0" cb="0"/><line nr="2628" mi="0" ci="2" mb="0" cb="0"/><line nr="2629" mi="0" ci="3" mb="0" cb="0"/><line nr="2630" mi="0" ci="3" mb="0" cb="0"/><line nr="2631" mi="0" ci="3" mb="0" cb="0"/><line nr="2632" mi="0" ci="5" mb="0" cb="0"/><line nr="2633" mi="0" ci="4" mb="0" cb="0"/><line nr="2634" mi="0" ci="1" mb="0" cb="0"/><line nr="2636" mi="0" ci="2" mb="0" cb="0"/><line nr="2637" mi="0" ci="4" mb="0" cb="0"/><line nr="2638" mi="0" ci="3" mb="0" cb="0"/><line nr="2639" mi="0" ci="6" mb="0" cb="0"/><line nr="2640" mi="0" ci="5" mb="0" cb="0"/><line nr="2641" mi="0" ci="5" mb="0" cb="0"/><line nr="2642" mi="0" ci="1" mb="0" cb="0"/><line nr="2646" mi="4" ci="0" mb="0" cb="0"/><line nr="2647" mi="2" ci="0" mb="0" cb="0"/><line nr="2648" mi="9" ci="0" mb="0" cb="0"/><line nr="2649" mi="3" ci="0" mb="0" cb="0"/><line nr="2650" mi="2" ci="0" mb="0" cb="0"/><line nr="2655" mi="0" ci="3" mb="0" cb="0"/><line nr="2656" mi="0" ci="2" mb="0" cb="0"/><line nr="2657" mi="0" ci="8" mb="0" cb="0"/><line nr="2658" mi="0" ci="3" mb="0" cb="0"/><line nr="2659" mi="0" ci="1" mb="0" cb="0"/><line nr="2663" mi="6" ci="0" mb="0" cb="0"/><line nr="2668" mi="3" ci="0" mb="0" cb="0"/><line nr="2669" mi="3" ci="0" mb="0" cb="0"/><line nr="2671" mi="2" ci="0" mb="2" cb="0"/><line nr="2672" mi="2" ci="0" mb="0" cb="0"/><line nr="2675" mi="2" ci="0" mb="0" cb="0"/><line nr="2676" mi="9" ci="0" mb="0" cb="0"/><line nr="2677" mi="3" ci="0" mb="0" cb="0"/><line nr="2678" mi="2" ci="0" mb="0" cb="0"/><line nr="2683" mi="0" ci="2" mb="0" cb="0"/><line nr="2684" mi="0" ci="10" mb="0" cb="0"/><line nr="2685" mi="0" ci="5" mb="0" cb="0"/><line nr="2686" mi="0" ci="1" mb="0" cb="0"/><line nr="2690" mi="8" ci="0" mb="2" cb="0"/><line nr="2695" mi="5" ci="0" mb="0" cb="0"/><line nr="2700" mi="3" ci="0" mb="0" cb="0"/><line nr="2701" mi="1" ci="0" mb="0" cb="0"/><line nr="2705" mi="5" ci="0" mb="0" cb="0"/><line nr="2706" mi="2" ci="0" mb="0" cb="0"/><line nr="2707" mi="8" ci="0" mb="0" cb="0"/><line nr="2712" mi="12" ci="0" mb="0" cb="0"/><line nr="2713" mi="2" ci="0" mb="0" cb="0"/><line nr="2714" mi="9" ci="0" mb="2" cb="0"/><line nr="2719" mi="7" ci="0" mb="2" cb="0"/><line nr="2724" mi="3" ci="0" mb="0" cb="0"/><line nr="2729" mi="12" ci="0" mb="0" cb="0"/><line nr="2730" mi="2" ci="0" mb="0" cb="0"/><line nr="2731" mi="9" ci="0" mb="2" cb="0"/><line nr="2736" mi="3" ci="0" mb="0" cb="0"/><line nr="2741" mi="2" ci="0" mb="0" cb="0"/><line nr="2742" mi="3" ci="0" mb="0" cb="0"/><line nr="2744" mi="14" ci="0" mb="0" cb="0"/><line nr="2745" mi="11" ci="0" mb="0" cb="0"/><line nr="2746" mi="2" ci="0" mb="0" cb="0"/><line nr="2749" mi="10" ci="0" mb="2" cb="0"/><line nr="2753" mi="3" ci="0" mb="2" cb="0"/><line nr="2754" mi="4" ci="0" mb="0" cb="0"/><line nr="2757" mi="4" ci="0" mb="0" cb="0"/><line nr="2761" mi="7" ci="0" mb="2" cb="0"/><line nr="2765" mi="3" ci="0" mb="2" cb="0"/><line nr="2766" mi="4" ci="0" mb="0" cb="0"/><line nr="2769" mi="4" ci="0" mb="0" cb="0"/><line nr="2773" mi="8" ci="0" mb="0" cb="0"/><line nr="2777" mi="8" ci="0" mb="0" cb="0"/><line nr="2781" mi="3" ci="0" mb="0" cb="0"/><line nr="2782" mi="4" ci="0" mb="0" cb="0"/><line nr="2783" mi="1" ci="0" mb="0" cb="0"/><line nr="2786" mi="4" ci="0" mb="0" cb="0"/><line nr="2787" mi="1" ci="0" mb="0" cb="0"/><line nr="2790" mi="4" ci="0" mb="0" cb="0"/><line nr="2791" mi="4" ci="0" mb="0" cb="0"/><line nr="2792" mi="1" ci="0" mb="0" cb="0"/><line nr="2799" mi="3" ci="0" mb="0" cb="0"/><line nr="2804" mi="5" ci="0" mb="0" cb="0"/><line nr="2809" mi="5" ci="0" mb="0" cb="0"/><line nr="2810" mi="2" ci="0" mb="0" cb="0"/><line nr="2811" mi="8" ci="0" mb="0" cb="0"/><line nr="2812" mi="3" ci="0" mb="0" cb="0"/><line nr="2813" mi="2" ci="0" mb="0" cb="0"/><line nr="2818" mi="5" ci="0" mb="0" cb="0"/><line nr="2823" mi="4" ci="0" mb="0" cb="0"/><line nr="2827" mi="11" ci="0" mb="0" cb="0"/><line nr="2828" mi="1" ci="0" mb="0" cb="0"/><line nr="2832" mi="5" ci="0" mb="0" cb="0"/><line nr="2836" mi="5" ci="0" mb="0" cb="0"/><line nr="2837" mi="2" ci="0" mb="0" cb="0"/><line nr="2838" mi="9" ci="0" mb="0" cb="0"/><line nr="2842" mi="0" ci="2" mb="0" cb="0"/><line nr="2843" mi="0" ci="3" mb="0" cb="0"/><line nr="2849" mi="3" ci="0" mb="0" cb="0"/><line nr="2850" mi="3" ci="0" mb="0" cb="0"/><line nr="2851" mi="6" ci="0" mb="0" cb="0"/><line nr="2853" mi="4" ci="0" mb="2" cb="0"/><line nr="2854" mi="4" ci="0" mb="0" cb="0"/><line nr="2859" mi="6" ci="0" mb="0" cb="0"/><line nr="2860" mi="1" ci="0" mb="0" cb="0"/><line nr="2864" mi="3" ci="0" mb="0" cb="0"/><line nr="2869" mi="0" ci="5" mb="0" cb="0"/><line nr="2870" mi="0" ci="7" mb="0" cb="0"/><line nr="2875" mi="5" ci="0" mb="0" cb="0"/><line nr="2880" mi="4" ci="0" mb="0" cb="0"/><line nr="2885" mi="5" ci="0" mb="0" cb="0"/><line nr="2889" mi="0" ci="6" mb="0" cb="2"/><line nr="2890" mi="0" ci="4" mb="0" cb="0"/><line nr="2891" mi="0" ci="1" mb="0" cb="0"/><line nr="2894" mi="0" ci="2" mb="1" cb="1"/><line nr="2895" mi="5" ci="0" mb="0" cb="0"/><line nr="2898" mi="0" ci="4" mb="1" cb="1"/><line nr="2899" mi="8" ci="0" mb="0" cb="0"/><line nr="2902" mi="0" ci="1" mb="0" cb="0"/><line nr="2905" mi="0" ci="2" mb="0" cb="0"/><line nr="2908" mi="0" ci="6" mb="0" cb="0"/><line nr="2909" mi="0" ci="5" mb="0" cb="0"/><line nr="2910" mi="0" ci="3" mb="0" cb="0"/><line nr="2911" mi="0" ci="2" mb="1" cb="1"/><line nr="2912" mi="0" ci="1" mb="0" cb="0"/><counter type="INSTRUCTION" missed="831" covered="4293"/><counter type="BRANCH" missed="88" covered="384"/><counter type="LINE" missed="181" covered="1003"/><counter type="COMPLEXITY" missed="108" covered="330"/><counter type="METHOD" missed="48" covered="153"/><counter type="CLASS" missed="1" covered="7"/></sourcefile><counter type="INSTRUCTION" missed="847" covered="4346"/><counter type="BRANCH" missed="90" covered="388"/><counter type="LINE" missed="184" covered="1018"/><counter type="COMPLEXITY" missed="111" covered="336"/><counter type="METHOD" missed="50" covered="157"/><counter type="CLASS" missed="1" covered="9"/></package><counter type="INSTRUCTION" missed="3036" covered="4346"/><counter type="BRANCH" missed="165" covered="388"/><counter type="LINE" missed="784" covered="1018"/><counter type="COMPLEXITY" missed="265" covered="336"/><counter type="METHOD" missed="166" covered="157"/><counter type="CLASS" missed="4" covered="9"/></report>