<?xml version="1.0" encoding="UTF-8" standalone="yes"?><!DOCTYPE report PUBLIC "-//JACOCO//DTD Report 1.1//EN" "report.dtd"><report name="LinkedList"><sessioninfo id="DESKTOP-0MJAK24-b0750113" start="1653560802324" dump="1653560804187"/><package name="com/github/coderodde/util/benchmark"><class name="com/github/coderodde/util/benchmark/LinkedListBenchmark$BenchmarkChoice" sourcefilename="LinkedListBenchmark.java"><method name="&lt;clinit&gt;" desc="()V" line="100"><counter type="INSTRUCTION" missed="15" covered="0"/><counter type="LINE" missed="1" covered="0"/><counter type="COMPLEXITY" missed="1" covered="0"/><counter type="METHOD" missed="1" covered="0"/></method><counter type="INSTRUCTION" missed="15" covered="0"/><counter type="LINE" missed="1" covered="0"/><counter type="COMPLEXITY" missed="1" covered="0"/><counter type="METHOD" missed="1" covered="0"/><counter type="CLASS" missed="1" covered="0"/></class><class name="com/github/coderodde/util/benchmark/LinkedListBenchmark" sourcefilename="LinkedListBenchmark.java"><method name="&lt;init&gt;" desc="(JZZ)V" line="40"><counter type="INSTRUCTION" missed="65" covered="0"/><counter type="BRANCH" missed="2" covered="0"/><counter type="LINE" missed="16" covered="0"/><counter type="COMPLEXITY" missed="2" covered="0"/><counter type="METHOD" missed="1" covered="0"/></method><method name="warmup" desc="()V" line="69"><counter type="INSTRUCTION" missed="4" covered="0"/><counter type="LINE" missed="2" covered="0"/><counter type="COMPLEXITY" missed="1" covered="0"/><counter type="METHOD" missed="1" covered="0"/></method><method name="benchmark" desc="()V" line="73"><counter type="INSTRUCTION" missed="4" covered="0"/><counter type="LINE" missed="2" covered="0"/><counter type="COMPLEXITY" missed="1" covered="0"/><counter type="METHOD" missed="1" covered="0"/></method><method name="clear" desc="(Ljava/util/List;II)V" line="79"><counter type="INSTRUCTION" missed="12" covered="0"/><counter type="BRANCH" missed="2" covered="0"/><counter type="LINE" missed="3" covered="0"/><counter type="COMPLEXITY" missed="2" covered="0"/><counter type="METHOD" missed="1" covered="0"/></method><method name="getRandomInteger" desc="(Ljava/util/Random;)Ljava/lang/Integer;" line="85"><counter type="INSTRUCTION" missed="5" covered="0"/><counter type="LINE" missed="1" covered="0"/><counter type="COMPLEXITY" missed="1" covered="0"/><counter type="METHOD" missed="1" covered="0"/></method><method name="createRandomCollection" desc="(Ljava/util/Random;)Ljava/util/List;" line="89"><counter type="INSTRUCTION" missed="25" covered="0"/><counter type="BRANCH" missed="2" covered="0"/><counter type="LINE" missed="5" covered="0"/><counter type="COMPLEXITY" missed="2" covered="0"/><counter type="METHOD" missed="1" covered="0"/></method><method name="initRandomGenerators" desc="()V" line="103"><counter type="INSTRUCTION" missed="29" covered="0"/><counter type="LINE" missed="5" covered="0"/><counter type="COMPLEXITY" missed="1" covered="0"/><counter type="METHOD" missed="1" covered="0"/></method><method name="listsEqual" desc="()V" line="110"><counter type="INSTRUCTION" missed="24" covered="0"/><counter type="LINE" missed="2" covered="0"/><counter type="COMPLEXITY" missed="1" covered="0"/><counter type="METHOD" missed="1" covered="0"/></method><method name="listsEqual" desc="([Ljava/util/List;)V" line="117"><counter type="INSTRUCTION" missed="92" covered="0"/><counter type="BRANCH" missed="16" covered="0"/><counter type="LINE" missed="18" covered="0"/><counter type="COMPLEXITY" missed="9" covered="0"/><counter type="METHOD" missed="1" covered="0"/></method><method name="profile" desc="(Lcom/github/coderodde/util/benchmark/LinkedListBenchmark$BenchmarkChoice;)V" line="153"><counter type="INSTRUCTION" missed="50" covered="0"/><counter type="BRANCH" missed="4" covered="0"/><counter type="LINE" missed="24" covered="0"/><counter type="COMPLEXITY" missed="3" covered="0"/><counter type="METHOD" missed="1" covered="0"/></method><method name="zeroTimeDurationCounters" desc="()V" line="186"><counter type="INSTRUCTION" missed="16" covered="0"/><counter type="LINE" missed="6" covered="0"/><counter type="COMPLEXITY" missed="1" covered="0"/><counter type="METHOD" missed="1" covered="0"/></method><method name="resetLists" desc="()V" line="194"><counter type="INSTRUCTION" missed="21" covered="0"/><counter type="LINE" missed="5" covered="0"/><counter type="COMPLEXITY" missed="1" covered="0"/><counter type="METHOD" missed="1" covered="0"/></method><method name="profileAddFirst" desc="()V" line="201"><counter type="INSTRUCTION" missed="13" covered="0"/><counter type="LINE" missed="7" covered="0"/><counter type="COMPLEXITY" missed="1" covered="0"/><counter type="METHOD" missed="1" covered="0"/></method><method name="profileAddLast" desc="()V" line="211"><counter type="INSTRUCTION" missed="13" covered="0"/><counter type="LINE" missed="7" covered="0"/><counter type="COMPLEXITY" missed="1" covered="0"/><counter type="METHOD" missed="1" covered="0"/></method><method name="profileAddViaIndex" desc="()V" line="221"><counter type="INSTRUCTION" missed="13" covered="0"/><counter type="LINE" missed="7" covered="0"/><counter type="COMPLEXITY" missed="1" covered="0"/><counter type="METHOD" missed="1" covered="0"/></method><method name="profileAddCollection" desc="()V" line="231"><counter type="INSTRUCTION" missed="13" covered="0"/><counter type="LINE" missed="7" covered="0"/><counter type="COMPLEXITY" missed="1" covered="0"/><counter type="METHOD" missed="1" covered="0"/></method><method name="profileGet" desc="()V" line="241"><counter type="INSTRUCTION" missed="13" covered="0"/><counter type="LINE" missed="7" covered="0"/><counter type="COMPLEXITY" missed="1" covered="0"/><counter type="METHOD" missed="1" covered="0"/></method><method name="profileRemoveFirst" desc="()V" line="252"><counter type="INSTRUCTION" missed="13" covered="0"/><counter type="LINE" missed="7" covered="0"/><counter type="COMPLEXITY" missed="1" covered="0"/><counter type="METHOD" missed="1" covered="0"/></method><method name="profileRemoveLast" desc="()V" line="262"><counter type="INSTRUCTION" missed="13" covered="0"/><counter type="LINE" missed="7" covered="0"/><counter type="COMPLEXITY" missed="1" covered="0"/><counter type="METHOD" missed="1" covered="0"/></method><method name="profileAppendCollection" desc="()V" line="272"><counter type="INSTRUCTION" missed="13" covered="0"/><counter type="LINE" missed="7" covered="0"/><counter type="COMPLEXITY" missed="1" covered="0"/><counter type="METHOD" missed="1" covered="0"/></method><method name="profileRemoveViaIndex" desc="()V" line="282"><counter type="INSTRUCTION" missed="13" covered="0"/><counter type="LINE" missed="7" covered="0"/><counter type="COMPLEXITY" missed="1" covered="0"/><counter type="METHOD" missed="1" covered="0"/></method><method name="profileRemoveObject" desc="()V" line="292"><counter type="INSTRUCTION" missed="13" covered="0"/><counter type="LINE" missed="7" covered="0"/><counter type="COMPLEXITY" missed="1" covered="0"/><counter type="METHOD" missed="1" covered="0"/></method><method name="profileListIteratorAddition" desc="()V" line="302"><counter type="INSTRUCTION" missed="13" covered="0"/><counter type="LINE" missed="7" covered="0"/><counter type="COMPLEXITY" missed="1" covered="0"/><counter type="METHOD" missed="1" covered="0"/></method><method name="profileListIteratorRemoval" desc="()V" line="312"><counter type="INSTRUCTION" missed="13" covered="0"/><counter type="LINE" missed="7" covered="0"/><counter type="COMPLEXITY" missed="1" covered="0"/><counter type="METHOD" missed="1" covered="0"/></method><method name="profileStream" desc="()V" line="322"><counter type="INSTRUCTION" missed="13" covered="0"/><counter type="LINE" missed="7" covered="0"/><counter type="COMPLEXITY" missed="1" covered="0"/><counter type="METHOD" missed="1" covered="0"/></method><method name="profileParallelStream" desc="()V" line="332"><counter type="INSTRUCTION" missed="25" covered="0"/><counter type="LINE" missed="11" covered="0"/><counter type="COMPLEXITY" missed="1" covered="0"/><counter type="METHOD" missed="1" covered="0"/></method><method name="profileRemoveAll" desc="()V" line="347"><counter type="INSTRUCTION" missed="81" covered="0"/><counter type="BRANCH" missed="2" covered="0"/><counter type="LINE" missed="20" covered="0"/><counter type="COMPLEXITY" missed="2" covered="0"/><counter type="METHOD" missed="1" covered="0"/></method><method name="getIntegerArray" desc="(I)Ljava/util/List;" line="375"><counter type="INSTRUCTION" missed="23" covered="0"/><counter type="BRANCH" missed="2" covered="0"/><counter type="LINE" missed="5" covered="0"/><counter type="COMPLEXITY" missed="2" covered="0"/><counter type="METHOD" missed="1" covered="0"/></method><method name="profileSubListClear" desc="()V" line="386"><counter type="INSTRUCTION" missed="49" covered="0"/><counter type="LINE" missed="15" covered="0"/><counter type="COMPLEXITY" missed="1" covered="0"/><counter type="METHOD" missed="1" covered="0"/></method><method name="printTotalDurations" desc="()V" line="406"><counter type="INSTRUCTION" missed="40" covered="0"/><counter type="LINE" missed="10" covered="0"/><counter type="COMPLEXITY" missed="1" covered="0"/><counter type="METHOD" missed="1" covered="0"/></method><method name="profileAddFirst" desc="(Ljava/util/List;ILjava/util/Random;)J" line="434"><counter type="INSTRUCTION" missed="29" covered="0"/><counter type="BRANCH" missed="2" covered="0"/><counter type="LINE" missed="8" covered="0"/><counter type="COMPLEXITY" missed="2" covered="0"/><counter type="METHOD" missed="1" covered="0"/></method><method name="profileAddLast" desc="(Ljava/util/List;ILjava/util/Random;)J" line="456"><counter type="INSTRUCTION" missed="30" covered="0"/><counter type="BRANCH" missed="2" covered="0"/><counter type="LINE" missed="8" covered="0"/><counter type="COMPLEXITY" missed="2" covered="0"/><counter type="METHOD" missed="1" covered="0"/></method><method name="profileAddIndex" desc="(Ljava/util/List;ILjava/util/Random;)J" line="478"><counter type="INSTRUCTION" missed="36" covered="0"/><counter type="BRANCH" missed="2" covered="0"/><counter type="LINE" missed="10" covered="0"/><counter type="COMPLEXITY" missed="2" covered="0"/><counter type="METHOD" missed="1" covered="0"/></method><method name="profileAddCollection" desc="(Ljava/util/List;ILjava/util/Random;)J" line="502"><counter type="INSTRUCTION" missed="37" covered="0"/><counter type="BRANCH" missed="2" covered="0"/><counter type="LINE" missed="10" covered="0"/><counter type="COMPLEXITY" missed="2" covered="0"/><counter type="METHOD" missed="1" covered="0"/></method><method name="profileAppendCollection" desc="(Ljava/util/List;ILjava/util/Random;)J" line="527"><counter type="INSTRUCTION" missed="31" covered="0"/><counter type="BRANCH" missed="2" covered="0"/><counter type="LINE" missed="9" covered="0"/><counter type="COMPLEXITY" missed="2" covered="0"/><counter type="METHOD" missed="1" covered="0"/></method><method name="profileGet" desc="(Ljava/util/List;ILjava/util/Random;)J" line="546"><counter type="INSTRUCTION" missed="31" covered="0"/><counter type="BRANCH" missed="2" covered="0"/><counter type="LINE" missed="8" covered="0"/><counter type="COMPLEXITY" missed="2" covered="0"/><counter type="METHOD" missed="1" covered="0"/></method><method name="profileRemoveFirst" desc="(Ljava/util/List;)J" line="563"><counter type="INSTRUCTION" missed="45" covered="0"/><counter type="BRANCH" missed="6" covered="0"/><counter type="LINE" missed="11" covered="0"/><counter type="COMPLEXITY" missed="4" covered="0"/><counter type="METHOD" missed="1" covered="0"/></method><method name="profileRemoveLast" desc="(Ljava/util/List;)J" line="590"><counter type="INSTRUCTION" missed="50" covered="0"/><counter type="BRANCH" missed="6" covered="0"/><counter type="LINE" missed="13" covered="0"/><counter type="COMPLEXITY" missed="4" covered="0"/><counter type="METHOD" missed="1" covered="0"/></method><method name="profileRemoveViaIndex" desc="(Ljava/util/List;ILjava/util/Random;)J" line="622"><counter type="INSTRUCTION" missed="31" covered="0"/><counter type="BRANCH" missed="2" covered="0"/><counter type="LINE" missed="8" covered="0"/><counter type="COMPLEXITY" missed="2" covered="0"/><counter type="METHOD" missed="1" covered="0"/></method><method name="profileRemoveObject" desc="(Ljava/util/List;ILjava/util/Random;)J" line="644"><counter type="INSTRUCTION" missed="31" covered="0"/><counter type="BRANCH" missed="2" covered="0"/><counter type="LINE" missed="8" covered="0"/><counter type="COMPLEXITY" missed="2" covered="0"/><counter type="METHOD" missed="1" covered="0"/></method><method name="profileListIteratorRemoval" desc="(Ljava/util/List;)J" line="662"><counter type="INSTRUCTION" missed="44" covered="0"/><counter type="BRANCH" missed="4" covered="0"/><counter type="LINE" missed="17" covered="0"/><counter type="COMPLEXITY" missed="3" covered="0"/><counter type="METHOD" missed="1" covered="0"/></method><method name="profileListIteratorAddition" desc="(Ljava/util/List;Ljava/util/Random;)J" line="696"><counter type="INSTRUCTION" missed="51" covered="0"/><counter type="BRANCH" missed="4" covered="0"/><counter type="LINE" missed="18" covered="0"/><counter type="COMPLEXITY" missed="3" covered="0"/><counter type="METHOD" missed="1" covered="0"/></method><method name="profileStream" desc="(Ljava/util/List;)J" line="729"><counter type="INSTRUCTION" missed="31" covered="0"/><counter type="LINE" missed="10" covered="0"/><counter type="COMPLEXITY" missed="1" covered="0"/><counter type="METHOD" missed="1" covered="0"/></method><method name="profileParallelStream" desc="(Ljava/util/List;)J" line="748"><counter type="INSTRUCTION" missed="33" covered="0"/><counter type="LINE" missed="12" covered="0"/><counter type="COMPLEXITY" missed="1" covered="0"/><counter type="METHOD" missed="1" covered="0"/></method><method name="profileRemoveAll" desc="(Ljava/util/List;Ljava/util/Collection;)J" line="773"><counter type="INSTRUCTION" missed="47" covered="0"/><counter type="BRANCH" missed="6" covered="0"/><counter type="LINE" missed="13" covered="0"/><counter type="COMPLEXITY" missed="4" covered="0"/><counter type="METHOD" missed="1" covered="0"/></method><method name="profileSubListClear" desc="(Ljava/util/List;)J" line="797"><counter type="INSTRUCTION" missed="86" covered="0"/><counter type="BRANCH" missed="2" covered="0"/><counter type="LINE" missed="22" covered="0"/><counter type="COMPLEXITY" missed="2" covered="0"/><counter type="METHOD" missed="1" covered="0"/></method><method name="profileAddFirstRoddeListV2" desc="()V" line="851"><counter type="INSTRUCTION" missed="13" covered="0"/><counter type="LINE" missed="3" covered="0"/><counter type="COMPLEXITY" missed="1" covered="0"/><counter type="METHOD" missed="1" covered="0"/></method><method name="profileAddFirstLinkedList" desc="()V" line="859"><counter type="INSTRUCTION" missed="13" covered="0"/><counter type="LINE" missed="3" covered="0"/><counter type="COMPLEXITY" missed="1" covered="0"/><counter type="METHOD" missed="1" covered="0"/></method><method name="profileAddFirstArrayList" desc="()V" line="866"><counter type="INSTRUCTION" missed="13" covered="0"/><counter type="LINE" missed="3" covered="0"/><counter type="COMPLEXITY" missed="1" covered="0"/><counter type="METHOD" missed="1" covered="0"/></method><method name="profileAddFirstTreeList" desc="()V" line="873"><counter type="INSTRUCTION" missed="13" covered="0"/><counter type="LINE" missed="3" covered="0"/><counter type="COMPLEXITY" missed="1" covered="0"/><counter type="METHOD" missed="1" covered="0"/></method><method name="profileAddLastRoddeListV2" desc="()V" line="880"><counter type="INSTRUCTION" missed="13" covered="0"/><counter type="LINE" missed="3" covered="0"/><counter type="COMPLEXITY" missed="1" covered="0"/><counter type="METHOD" missed="1" covered="0"/></method><method name="profileAddLastLinkedList" desc="()V" line="885"><counter type="INSTRUCTION" missed="13" covered="0"/><counter type="LINE" missed="3" covered="0"/><counter type="COMPLEXITY" missed="1" covered="0"/><counter type="METHOD" missed="1" covered="0"/></method><method name="profileAddLastArrayList" desc="()V" line="893"><counter type="INSTRUCTION" missed="13" covered="0"/><counter type="LINE" missed="3" covered="0"/><counter type="COMPLEXITY" missed="1" covered="0"/><counter type="METHOD" missed="1" covered="0"/></method><method name="profileAddLastTreeList" desc="()V" line="900"><counter type="INSTRUCTION" missed="13" covered="0"/><counter type="LINE" missed="3" covered="0"/><counter type="COMPLEXITY" missed="1" covered="0"/><counter type="METHOD" missed="1" covered="0"/></method><method name="profileAddIndexRoddeListV2" desc="()V" line="907"><counter type="INSTRUCTION" missed="13" covered="0"/><counter type="LINE" missed="3" covered="0"/><counter type="COMPLEXITY" missed="1" covered="0"/><counter type="METHOD" missed="1" covered="0"/></method><method name="profileAddIndexLinkedList" desc="()V" line="914"><counter type="INSTRUCTION" missed="13" covered="0"/><counter type="LINE" missed="3" covered="0"/><counter type="COMPLEXITY" missed="1" covered="0"/><counter type="METHOD" missed="1" covered="0"/></method><method name="profileAddIndexArrayList" desc="()V" line="922"><counter type="INSTRUCTION" missed="13" covered="0"/><counter type="LINE" missed="3" covered="0"/><counter type="COMPLEXITY" missed="1" covered="0"/><counter type="METHOD" missed="1" covered="0"/></method><method name="profileAddIndexTreeList" desc="()V" line="930"><counter type="INSTRUCTION" missed="13" covered="0"/><counter type="LINE" missed="3" covered="0"/><counter type="COMPLEXITY" missed="1" covered="0"/><counter type="METHOD" missed="1" covered="0"/></method><method name="profileAddCollectionRoddeListV2" desc="()V" line="938"><counter type="INSTRUCTION" missed="13" covered="0"/><counter type="LINE" missed="3" covered="0"/><counter type="COMPLEXITY" missed="1" covered="0"/><counter type="METHOD" missed="1" covered="0"/></method><method name="profileAddCollectionLinkedList" desc="()V" line="946"><counter type="INSTRUCTION" missed="13" covered="0"/><counter type="LINE" missed="3" covered="0"/><counter type="COMPLEXITY" missed="1" covered="0"/><counter type="METHOD" missed="1" covered="0"/></method><method name="profileAddCollectionArrayList" desc="()V" line="954"><counter type="INSTRUCTION" missed="13" covered="0"/><counter type="LINE" missed="3" covered="0"/><counter type="COMPLEXITY" missed="1" covered="0"/><counter type="METHOD" missed="1" covered="0"/></method><method name="profileAddCollectionTreeList" desc="()V" line="962"><counter type="INSTRUCTION" missed="13" covered="0"/><counter type="LINE" missed="3" covered="0"/><counter type="COMPLEXITY" missed="1" covered="0"/><counter type="METHOD" missed="1" covered="0"/></method><method name="profileGetRoddeListV2" desc="()V" line="970"><counter type="INSTRUCTION" missed="13" covered="0"/><counter type="LINE" missed="3" covered="0"/><counter type="COMPLEXITY" missed="1" covered="0"/><counter type="METHOD" missed="1" covered="0"/></method><method name="profileGetLinkedList" desc="()V" line="975"><counter type="INSTRUCTION" missed="13" covered="0"/><counter type="LINE" missed="3" covered="0"/><counter type="COMPLEXITY" missed="1" covered="0"/><counter type="METHOD" missed="1" covered="0"/></method><method name="profileGetArrayList" desc="()V" line="982"><counter type="INSTRUCTION" missed="13" covered="0"/><counter type="LINE" missed="3" covered="0"/><counter type="COMPLEXITY" missed="1" covered="0"/><counter type="METHOD" missed="1" covered="0"/></method><method name="profileGetTreeList" desc="()V" line="989"><counter type="INSTRUCTION" missed="13" covered="0"/><counter type="LINE" missed="3" covered="0"/><counter type="COMPLEXITY" missed="1" covered="0"/><counter type="METHOD" missed="1" covered="0"/></method><method name="profileRemoveFirstRoddeListV2" desc="()V" line="994"><counter type="INSTRUCTION" missed="10" covered="0"/><counter type="LINE" missed="2" covered="0"/><counter type="COMPLEXITY" missed="1" covered="0"/><counter type="METHOD" missed="1" covered="0"/></method><method name="profileRemoveFirstLinkedList" desc="()V" line="998"><counter type="INSTRUCTION" missed="10" covered="0"/><counter type="LINE" missed="2" covered="0"/><counter type="COMPLEXITY" missed="1" covered="0"/><counter type="METHOD" missed="1" covered="0"/></method><method name="profileRemoveFirstArrayList" desc="()V" line="1002"><counter type="INSTRUCTION" missed="10" covered="0"/><counter type="LINE" missed="2" covered="0"/><counter type="COMPLEXITY" missed="1" covered="0"/><counter type="METHOD" missed="1" covered="0"/></method><method name="profileRemoveFirstTreeList" desc="()V" line="1006"><counter type="INSTRUCTION" missed="10" covered="0"/><counter type="LINE" missed="2" covered="0"/><counter type="COMPLEXITY" missed="1" covered="0"/><counter type="METHOD" missed="1" covered="0"/></method><method name="profileRemoveLastRoddeList" desc="()V" line="1010"><counter type="INSTRUCTION" missed="10" covered="0"/><counter type="LINE" missed="2" covered="0"/><counter type="COMPLEXITY" missed="1" covered="0"/><counter type="METHOD" missed="1" covered="0"/></method><method name="profileRemoveLastLinkedList" desc="()V" line="1014"><counter type="INSTRUCTION" missed="10" covered="0"/><counter type="LINE" missed="2" covered="0"/><counter type="COMPLEXITY" missed="1" covered="0"/><counter type="METHOD" missed="1" covered="0"/></method><method name="profileRemoveLastArrayList" desc="()V" line="1018"><counter type="INSTRUCTION" missed="10" covered="0"/><counter type="LINE" missed="2" covered="0"/><counter type="COMPLEXITY" missed="1" covered="0"/><counter type="METHOD" missed="1" covered="0"/></method><method name="profileRemoveLastTreeList" desc="()V" line="1022"><counter type="INSTRUCTION" missed="10" covered="0"/><counter type="LINE" missed="2" covered="0"/><counter type="COMPLEXITY" missed="1" covered="0"/><counter type="METHOD" missed="1" covered="0"/></method><method name="profileAppendCollectionRoddeListV2" desc="()V" line="1026"><counter type="INSTRUCTION" missed="13" covered="0"/><counter type="LINE" missed="3" covered="0"/><counter type="COMPLEXITY" missed="1" covered="0"/><counter type="METHOD" missed="1" covered="0"/></method><method name="profileAppendCollectionLinkedList" desc="()V" line="1034"><counter type="INSTRUCTION" missed="13" covered="0"/><counter type="LINE" missed="3" covered="0"/><counter type="COMPLEXITY" missed="1" covered="0"/><counter type="METHOD" missed="1" covered="0"/></method><method name="profileAppendCollectionArrayList" desc="()V" line="1042"><counter type="INSTRUCTION" missed="13" covered="0"/><counter type="LINE" missed="3" covered="0"/><counter type="COMPLEXITY" missed="1" covered="0"/><counter type="METHOD" missed="1" covered="0"/></method><method name="profileAppendCollectionTreeList" desc="()V" line="1050"><counter type="INSTRUCTION" missed="13" covered="0"/><counter type="LINE" missed="3" covered="0"/><counter type="COMPLEXITY" missed="1" covered="0"/><counter type="METHOD" missed="1" covered="0"/></method><method name="profileRemoveViaIndexRoddeListV2" desc="()V" line="1058"><counter type="INSTRUCTION" missed="13" covered="0"/><counter type="LINE" missed="3" covered="0"/><counter type="COMPLEXITY" missed="1" covered="0"/><counter type="METHOD" missed="1" covered="0"/></method><method name="profileRemoveViaIndexLinkedList" desc="()V" line="1066"><counter type="INSTRUCTION" missed="13" covered="0"/><counter type="LINE" missed="3" covered="0"/><counter type="COMPLEXITY" missed="1" covered="0"/><counter type="METHOD" missed="1" covered="0"/></method><method name="profileRemoveViaIndexArrayList" desc="()V" line="1074"><counter type="INSTRUCTION" missed="13" covered="0"/><counter type="LINE" missed="3" covered="0"/><counter type="COMPLEXITY" missed="1" covered="0"/><counter type="METHOD" missed="1" covered="0"/></method><method name="profileRemoveViaIndexTreeList" desc="()V" line="1082"><counter type="INSTRUCTION" missed="13" covered="0"/><counter type="LINE" missed="3" covered="0"/><counter type="COMPLEXITY" missed="1" covered="0"/><counter type="METHOD" missed="1" covered="0"/></method><method name="profileRemoveObjectRoddeListV2" desc="()V" line="1090"><counter type="INSTRUCTION" missed="13" covered="0"/><counter type="LINE" missed="3" covered="0"/><counter type="COMPLEXITY" missed="1" covered="0"/><counter type="METHOD" missed="1" covered="0"/></method><method name="profileRemoveObjectLinkedList" desc="()V" line="1098"><counter type="INSTRUCTION" missed="13" covered="0"/><counter type="LINE" missed="3" covered="0"/><counter type="COMPLEXITY" missed="1" covered="0"/><counter type="METHOD" missed="1" covered="0"/></method><method name="profileRemoveObjectArrayList" desc="()V" line="1106"><counter type="INSTRUCTION" missed="13" covered="0"/><counter type="LINE" missed="3" covered="0"/><counter type="COMPLEXITY" missed="1" covered="0"/><counter type="METHOD" missed="1" covered="0"/></method><method name="profileRemoveObjectTreeList" desc="()V" line="1114"><counter type="INSTRUCTION" missed="13" covered="0"/><counter type="LINE" missed="3" covered="0"/><counter type="COMPLEXITY" missed="1" covered="0"/><counter type="METHOD" missed="1" covered="0"/></method><method name="profileListIteratorRemovalRoddeListV2" desc="()V" line="1122"><counter type="INSTRUCTION" missed="10" covered="0"/><counter type="LINE" missed="2" covered="0"/><counter type="COMPLEXITY" missed="1" covered="0"/><counter type="METHOD" missed="1" covered="0"/></method><method name="profileListIteratorRemovalLinkedList" desc="()V" line="1126"><counter type="INSTRUCTION" missed="10" covered="0"/><counter type="LINE" missed="2" covered="0"/><counter type="COMPLEXITY" missed="1" covered="0"/><counter type="METHOD" missed="1" covered="0"/></method><method name="profileListIteratorRemovalArrayList" desc="()V" line="1130"><counter type="INSTRUCTION" missed="10" covered="0"/><counter type="LINE" missed="2" covered="0"/><counter type="COMPLEXITY" missed="1" covered="0"/><counter type="METHOD" missed="1" covered="0"/></method><method name="profileListIteratorRemovalTreeList" desc="()V" line="1134"><counter type="INSTRUCTION" missed="10" covered="0"/><counter type="LINE" missed="2" covered="0"/><counter type="COMPLEXITY" missed="1" covered="0"/><counter type="METHOD" missed="1" covered="0"/></method><method name="profileListIteratorAdditionRoddeListV2" desc="()V" line="1138"><counter type="INSTRUCTION" missed="12" covered="0"/><counter type="LINE" missed="3" covered="0"/><counter type="COMPLEXITY" missed="1" covered="0"/><counter type="METHOD" missed="1" covered="0"/></method><method name="profileListIteratorAdditionLinkedList" desc="()V" line="1143"><counter type="INSTRUCTION" missed="12" covered="0"/><counter type="LINE" missed="3" covered="0"/><counter type="COMPLEXITY" missed="1" covered="0"/><counter type="METHOD" missed="1" covered="0"/></method><method name="profileListIteratorAdditionArrayList" desc="()V" line="1150"><counter type="INSTRUCTION" missed="12" covered="0"/><counter type="LINE" missed="3" covered="0"/><counter type="COMPLEXITY" missed="1" covered="0"/><counter type="METHOD" missed="1" covered="0"/></method><method name="profileListIteratorAdditionTreeList" desc="()V" line="1157"><counter type="INSTRUCTION" missed="12" covered="0"/><counter type="LINE" missed="3" covered="0"/><counter type="COMPLEXITY" missed="1" covered="0"/><counter type="METHOD" missed="1" covered="0"/></method><method name="profileStreamRoddeListV2" desc="()V" line="1162"><counter type="INSTRUCTION" missed="10" covered="0"/><counter type="LINE" missed="2" covered="0"/><counter type="COMPLEXITY" missed="1" covered="0"/><counter type="METHOD" missed="1" covered="0"/></method><method name="profileStreamLinkedList" desc="()V" line="1166"><counter type="INSTRUCTION" missed="10" covered="0"/><counter type="LINE" missed="2" covered="0"/><counter type="COMPLEXITY" missed="1" covered="0"/><counter type="METHOD" missed="1" covered="0"/></method><method name="profileStreamArrayList" desc="()V" line="1170"><counter type="INSTRUCTION" missed="10" covered="0"/><counter type="LINE" missed="2" covered="0"/><counter type="COMPLEXITY" missed="1" covered="0"/><counter type="METHOD" missed="1" covered="0"/></method><method name="profileStreamTreeList" desc="()V" line="1174"><counter type="INSTRUCTION" missed="10" covered="0"/><counter type="LINE" missed="2" covered="0"/><counter type="COMPLEXITY" missed="1" covered="0"/><counter type="METHOD" missed="1" covered="0"/></method><method name="profileParallelStreamRoddeList" desc="()V" line="1178"><counter type="INSTRUCTION" missed="10" covered="0"/><counter type="LINE" missed="2" covered="0"/><counter type="COMPLEXITY" missed="1" covered="0"/><counter type="METHOD" missed="1" covered="0"/></method><method name="profileParallelStreamLinkedList" desc="()V" line="1182"><counter type="INSTRUCTION" missed="10" covered="0"/><counter type="LINE" missed="2" covered="0"/><counter type="COMPLEXITY" missed="1" covered="0"/><counter type="METHOD" missed="1" covered="0"/></method><method name="profileParallelStreamArrayList" desc="()V" line="1186"><counter type="INSTRUCTION" missed="10" covered="0"/><counter type="LINE" missed="2" covered="0"/><counter type="COMPLEXITY" missed="1" covered="0"/><counter type="METHOD" missed="1" covered="0"/></method><method name="profileParallelStreamTreeList" desc="()V" line="1190"><counter type="INSTRUCTION" missed="10" covered="0"/><counter type="LINE" missed="2" covered="0"/><counter type="COMPLEXITY" missed="1" covered="0"/><counter type="METHOD" missed="1" covered="0"/></method><method name="profileRemoveAllRoddeList" desc="(Ljava/util/Collection;)V" line="1194"><counter type="INSTRUCTION" missed="11" covered="0"/><counter type="LINE" missed="2" covered="0"/><counter type="COMPLEXITY" missed="1" covered="0"/><counter type="METHOD" missed="1" covered="0"/></method><method name="profileRemoveAllLinkedList" desc="(Ljava/util/Collection;)V" line="1198"><counter type="INSTRUCTION" missed="11" covered="0"/><counter type="LINE" missed="2" covered="0"/><counter type="COMPLEXITY" missed="1" covered="0"/><counter type="METHOD" missed="1" covered="0"/></method><method name="profileRemoveAllArrayList" desc="(Ljava/util/Collection;)V" line="1202"><counter type="INSTRUCTION" missed="11" covered="0"/><counter type="LINE" missed="2" covered="0"/><counter type="COMPLEXITY" missed="1" covered="0"/><counter type="METHOD" missed="1" covered="0"/></method><method name="profileRemoveAllTreeList" desc="(Ljava/util/Collection;)V" line="1206"><counter type="INSTRUCTION" missed="11" covered="0"/><counter type="LINE" missed="2" covered="0"/><counter type="COMPLEXITY" missed="1" covered="0"/><counter type="METHOD" missed="1" covered="0"/></method><method name="profileSubListClearRoddeList" desc="()V" line="1210"><counter type="INSTRUCTION" missed="10" covered="0"/><counter type="LINE" missed="2" covered="0"/><counter type="COMPLEXITY" missed="1" covered="0"/><counter type="METHOD" missed="1" covered="0"/></method><method name="profileSubListClearLinkedList" desc="()V" line="1214"><counter type="INSTRUCTION" missed="10" covered="0"/><counter type="LINE" missed="2" covered="0"/><counter type="COMPLEXITY" missed="1" covered="0"/><counter type="METHOD" missed="1" covered="0"/></method><method name="profileSubListClearArrayList" desc="()V" line="1218"><counter type="INSTRUCTION" missed="10" covered="0"/><counter type="LINE" missed="2" covered="0"/><counter type="COMPLEXITY" missed="1" covered="0"/><counter type="METHOD" missed="1" covered="0"/></method><method name="profileSubListClearTreeList" desc="()V" line="1222"><counter type="INSTRUCTION" missed="10" covered="0"/><counter type="LINE" missed="2" covered="0"/><counter type="COMPLEXITY" missed="1" covered="0"/><counter type="METHOD" missed="1" covered="0"/></method><method name="printTitle" desc="(Lcom/github/coderodde/util/benchmark/LinkedListBenchmark$BenchmarkChoice;)V" line="1226"><counter type="INSTRUCTION" missed="13" covered="0"/><counter type="BRANCH" missed="3" covered="0"/><counter type="LINE" missed="5" covered="0"/><counter type="COMPLEXITY" missed="3" covered="0"/><counter type="METHOD" missed="1" covered="0"/></method><method name="clearGetLists" desc="()V" line="1238"><counter type="INSTRUCTION" missed="20" covered="0"/><counter type="BRANCH" missed="2" covered="0"/><counter type="LINE" missed="3" covered="0"/><counter type="COMPLEXITY" missed="2" covered="0"/><counter type="METHOD" missed="1" covered="0"/></method><method name="lambda$profileParallelStream$1" desc="(Ljava/lang/Integer;)Ljava/lang/Integer;" line="752"><counter type="INSTRUCTION" missed="6" covered="0"/><counter type="LINE" missed="1" covered="0"/><counter type="COMPLEXITY" missed="1" covered="0"/><counter type="METHOD" missed="1" covered="0"/></method><method name="lambda$profileStream$0" desc="(Ljava/lang/Integer;)Ljava/lang/Integer;" line="732"><counter type="INSTRUCTION" missed="6" covered="0"/><counter type="LINE" missed="1" covered="0"/><counter type="COMPLEXITY" missed="1" covered="0"/><counter type="METHOD" missed="1" covered="0"/></method><counter type="INSTRUCTION" missed="2170" covered="0"/><counter type="BRANCH" missed="79" covered="0"/><counter type="LINE" missed="598" covered="0"/><counter type="COMPLEXITY" missed="154" covered="0"/><counter type="METHOD" missed="114" covered="0"/><counter type="CLASS" missed="1" covered="0"/></class><class name="com/github/coderodde/util/benchmark/LinkedListBenchmarkRunner" sourcefilename="LinkedListBenchmarkRunner.java"><method name="main" desc="([Ljava/lang/String;)V" line="31"><counter type="INSTRUCTION" missed="91" covered="0"/><counter type="BRANCH" missed="10" covered="0"/><counter type="LINE" missed="27" covered="0"/><counter type="COMPLEXITY" missed="6" covered="0"/><counter type="METHOD" missed="1" covered="0"/></method><method name="printHelp" desc="()V" line="79"><counter type="INSTRUCTION" missed="15" covered="0"/><counter type="BRANCH" missed="2" covered="0"/><counter type="LINE" missed="7" covered="0"/><counter type="COMPLEXITY" missed="2" covered="0"/><counter type="METHOD" missed="1" covered="0"/></method><method name="getJarFileName" desc="()Ljava/lang/String;" line="103"><counter type="INSTRUCTION" missed="18" covered="0"/><counter type="LINE" missed="9" covered="0"/><counter type="COMPLEXITY" missed="1" covered="0"/><counter type="METHOD" missed="1" covered="0"/></method><counter type="INSTRUCTION" missed="124" covered="0"/><counter type="BRANCH" missed="12" covered="0"/><counter type="LINE" missed="43" covered="0"/><counter type="COMPLEXITY" missed="9" covered="0"/><counter type="METHOD" missed="3" covered="0"/><counter type="CLASS" missed="1" covered="0"/></class><sourcefile name="LinkedListBenchmarkRunner.java"><line nr="31" mi="2" ci="0" mb="0" cb="0"/><line nr="32" mi="2" ci="0" mb="0" cb="0"/><line nr="34" mi="5" ci="0" mb="0" cb="0"/><line nr="36" mi="16" ci="0" mb="2" cb="0"/><line nr="37" mi="4" ci="0" mb="0" cb="0"/><line nr="40" mi="4" ci="0" mb="2" cb="0"/><line nr="41" mi="1" ci="0" mb="0" cb="0"/><line nr="42" mi="1" ci="0" mb="0" cb="0"/><line nr="45" mi="4" ci="0" mb="2" cb="0"/><line nr="46" mi="2" ci="0" mb="0" cb="0"/><line nr="47" mi="3" ci="0" mb="0" cb="0"/><line nr="49" mi="4" ci="0" mb="2" cb="0"/><line nr="50" mi="2" ci="0" mb="0" cb="0"/><line nr="53" mi="4" ci="0" mb="2" cb="0"/><line nr="54" mi="2" ci="0" mb="0" cb="0"/><line nr="58" mi="2" ci="0" mb="0" cb="0"/><line nr="60" mi="4" ci="0" mb="0" cb="0"/><line nr="61" mi="2" ci="0" mb="0" cb="0"/><line nr="63" mi="3" ci="0" mb="0" cb="0"/><line nr="64" mi="4" ci="0" mb="0" cb="0"/><line nr="65" mi="4" ci="0" mb="0" cb="0"/><line nr="66" mi="2" ci="0" mb="0" cb="0"/><line nr="68" mi="7" ci="0" mb="0" cb="0"/><line nr="73" mi="2" ci="0" mb="0" cb="0"/><line nr="74" mi="2" ci="0" mb="0" cb="0"/><line nr="75" mi="2" ci="0" mb="0" cb="0"/><line nr="76" mi="1" ci="0" mb="0" cb="0"/><line nr="79" mi="2" ci="0" mb="0" cb="0"/><line nr="81" mi="2" ci="0" mb="2" cb="0"/><line nr="82" mi="3" ci="0" mb="0" cb="0"/><line nr="83" mi="1" ci="0" mb="0" cb="0"/><line nr="86" mi="3" ci="0" mb="0" cb="0"/><line nr="98" mi="3" ci="0" mb="0" cb="0"/><line nr="99" mi="1" ci="0" mb="0" cb="0"/><line nr="103" mi="1" ci="0" mb="0" cb="0"/><line nr="106" mi="1" ci="0" mb="0" cb="0"/><line nr="107" mi="1" ci="0" mb="0" cb="0"/><line nr="108" mi="1" ci="0" mb="0" cb="0"/><line nr="109" mi="1" ci="0" mb="0" cb="0"/><line nr="110" mi="2" ci="0" mb="0" cb="0"/><line nr="112" mi="8" ci="0" mb="0" cb="0"/><line nr="113" mi="1" ci="0" mb="0" cb="0"/><line nr="114" mi="2" ci="0" mb="0" cb="0"/><counter type="INSTRUCTION" missed="124" covered="0"/><counter type="BRANCH" missed="12" covered="0"/><counter type="LINE" missed="43" covered="0"/><counter type="COMPLEXITY" missed="9" covered="0"/><counter type="METHOD" missed="3" covered="0"/><counter type="CLASS" missed="1" covered="0"/></sourcefile><sourcefile name="LinkedListBenchmark.java"><line nr="40" mi="5" ci="0" mb="0" cb="0"/><line nr="41" mi="5" ci="0" mb="0" cb="0"/><line nr="42" mi="5" ci="0" mb="0" cb="0"/><line nr="43" mi="5" ci="0" mb="0" cb="0"/><line nr="45" mi="3" ci="0" mb="0" cb="0"/><line nr="46" mi="3" ci="0" mb="0" cb="0"/><line nr="47" mi="3" ci="0" mb="0" cb="0"/><line nr="48" mi="3" ci="0" mb="0" cb="0"/><line nr="53" mi="4" ci="0" mb="0" cb="0"/><line nr="57" mi="2" ci="0" mb="0" cb="0"/><line nr="59" mi="3" ci="0" mb="0" cb="0"/><line nr="60" mi="3" ci="0" mb="0" cb="0"/><line nr="61" mi="3" ci="0" mb="0" cb="0"/><line nr="63" mi="9" ci="0" mb="2" cb="0"/><line nr="64" mi="8" ci="0" mb="0" cb="0"/><line nr="66" mi="1" ci="0" mb="0" cb="0"/><line nr="69" mi="3" ci="0" mb="0" cb="0"/><line nr="70" mi="1" ci="0" mb="0" cb="0"/><line nr="73" mi="3" ci="0" mb="0" cb="0"/><line nr="74" mi="1" ci="0" mb="0" cb="0"/><line nr="79" mi="7" ci="0" mb="2" cb="0"/><line nr="80" mi="4" ci="0" mb="0" cb="0"/><line nr="82" mi="1" ci="0" mb="0" cb="0"/><line nr="85" mi="5" ci="0" mb="0" cb="0"/><line nr="89" mi="6" ci="0" mb="0" cb="0"/><line nr="91" mi="5" ci="0" mb="0" cb="0"/><line nr="93" mi="7" ci="0" mb="2" cb="0"/><line nr="94" mi="5" ci="0" mb="0" cb="0"/><line nr="97" mi="2" ci="0" mb="0" cb="0"/><line nr="100" mi="15" ci="0" mb="0" cb="0"/><line nr="103" mi="7" ci="0" mb="0" cb="0"/><line nr="104" mi="7" ci="0" mb="0" cb="0"/><line nr="105" mi="7" ci="0" mb="0" cb="0"/><line nr="106" mi="7" ci="0" mb="0" cb="0"/><line nr="107" mi="1" ci="0" mb="0" cb="0"/><line nr="110" mi="23" ci="0" mb="0" cb="0"/><line nr="114" mi="1" ci="0" mb="0" cb="0"/><line nr="117" mi="4" ci="0" mb="2" cb="0"/><line nr="118" mi="5" ci="0" mb="0" cb="0"/><line nr="121" mi="10" ci="0" mb="2" cb="0"/><line nr="122" mi="12" ci="0" mb="2" cb="0"/><line nr="123" mi="5" ci="0" mb="0" cb="0"/><line nr="126" mi="5" ci="0" mb="0" cb="0"/><line nr="127" mi="8" ci="0" mb="0" cb="0"/><line nr="129" mi="2" ci="0" mb="0" cb="0"/><line nr="131" mi="6" ci="0" mb="4" cb="0"/><line nr="132" mi="4" ci="0" mb="0" cb="0"/><line nr="133" mi="4" ci="0" mb="0" cb="0"/><line nr="135" mi="4" ci="0" mb="2" cb="0"/><line nr="136" mi="9" ci="0" mb="0" cb="0"/><line nr="142" mi="1" ci="0" mb="0" cb="0"/><line nr="143" mi="1" ci="0" mb="0" cb="0"/><line nr="145" mi="6" ci="0" mb="4" cb="0"/><line nr="146" mi="5" ci="0" mb="0" cb="0"/><line nr="149" mi="1" ci="0" mb="0" cb="0"/><line nr="153" mi="3" ci="0" mb="0" cb="0"/><line nr="154" mi="2" ci="0" mb="0" cb="0"/><line nr="156" mi="2" ci="0" mb="0" cb="0"/><line nr="157" mi="2" ci="0" mb="0" cb="0"/><line nr="158" mi="2" ci="0" mb="0" cb="0"/><line nr="159" mi="2" ci="0" mb="0" cb="0"/><line nr="160" mi="2" ci="0" mb="0" cb="0"/><line nr="161" mi="2" ci="0" mb="0" cb="0"/><line nr="162" mi="2" ci="0" mb="0" cb="0"/><line nr="163" mi="2" ci="0" mb="0" cb="0"/><line nr="164" mi="2" ci="0" mb="0" cb="0"/><line nr="165" mi="2" ci="0" mb="0" cb="0"/><line nr="166" mi="2" ci="0" mb="0" cb="0"/><line nr="167" mi="2" ci="0" mb="0" cb="0"/><line nr="168" mi="2" ci="0" mb="0" cb="0"/><line nr="169" mi="2" ci="0" mb="0" cb="0"/><line nr="171" mi="3" ci="0" mb="2" cb="0"/><line nr="172" mi="2" ci="0" mb="0" cb="0"/><line nr="175" mi="3" ci="0" mb="2" cb="0"/><line nr="176" mi="2" ci="0" mb="0" cb="0"/><line nr="179" mi="2" ci="0" mb="0" cb="0"/><line nr="181" mi="2" ci="0" mb="0" cb="0"/><line nr="182" mi="2" ci="0" mb="0" cb="0"/><line nr="183" mi="1" ci="0" mb="0" cb="0"/><line nr="186" mi="3" ci="0" mb="0" cb="0"/><line nr="187" mi="3" ci="0" mb="0" cb="0"/><line nr="188" mi="3" ci="0" mb="0" cb="0"/><line nr="189" mi="3" ci="0" mb="0" cb="0"/><line nr="190" mi="3" ci="0" mb="0" cb="0"/><line nr="191" mi="1" ci="0" mb="0" cb="0"/><line nr="194" mi="5" ci="0" mb="0" cb="0"/><line nr="195" mi="5" ci="0" mb="0" cb="0"/><line nr="196" mi="5" ci="0" mb="0" cb="0"/><line nr="197" mi="5" ci="0" mb="0" cb="0"/><line nr="198" mi="1" ci="0" mb="0" cb="0"/><line nr="201" mi="2" ci="0" mb="0" cb="0"/><line nr="202" mi="2" ci="0" mb="0" cb="0"/><line nr="203" mi="2" ci="0" mb="0" cb="0"/><line nr="204" mi="2" ci="0" mb="0" cb="0"/><line nr="206" mi="2" ci="0" mb="0" cb="0"/><line nr="207" mi="2" ci="0" mb="0" cb="0"/><line nr="208" mi="1" ci="0" mb="0" cb="0"/><line nr="211" mi="2" ci="0" mb="0" cb="0"/><line nr="212" mi="2" ci="0" mb="0" cb="0"/><line nr="213" mi="2" ci="0" mb="0" cb="0"/><line nr="214" mi="2" ci="0" mb="0" cb="0"/><line nr="216" mi="2" ci="0" mb="0" cb="0"/><line nr="217" mi="2" ci="0" mb="0" cb="0"/><line nr="218" mi="1" ci="0" mb="0" cb="0"/><line nr="221" mi="2" ci="0" mb="0" cb="0"/><line nr="222" mi="2" ci="0" mb="0" cb="0"/><line nr="223" mi="2" ci="0" mb="0" cb="0"/><line nr="224" mi="2" ci="0" mb="0" cb="0"/><line nr="226" mi="2" ci="0" mb="0" cb="0"/><line nr="227" mi="2" ci="0" mb="0" cb="0"/><line nr="228" mi="1" ci="0" mb="0" cb="0"/><line nr="231" mi="2" ci="0" mb="0" cb="0"/><line nr="232" mi="2" ci="0" mb="0" cb="0"/><line nr="233" mi="2" ci="0" mb="0" cb="0"/><line nr="234" mi="2" ci="0" mb="0" cb="0"/><line nr="236" mi="2" ci="0" mb="0" cb="0"/><line nr="237" mi="2" ci="0" mb="0" cb="0"/><line nr="238" mi="1" ci="0" mb="0" cb="0"/><line nr="241" mi="2" ci="0" mb="0" cb="0"/><line nr="242" mi="2" ci="0" mb="0" cb="0"/><line nr="243" mi="2" ci="0" mb="0" cb="0"/><line nr="244" mi="2" ci="0" mb="0" cb="0"/><line nr="246" mi="2" ci="0" mb="0" cb="0"/><line nr="248" mi="2" ci="0" mb="0" cb="0"/><line nr="249" mi="1" ci="0" mb="0" cb="0"/><line nr="252" mi="2" ci="0" mb="0" cb="0"/><line nr="253" mi="2" ci="0" mb="0" cb="0"/><line nr="254" mi="2" ci="0" mb="0" cb="0"/><line nr="255" mi="2" ci="0" mb="0" cb="0"/><line nr="257" mi="2" ci="0" mb="0" cb="0"/><line nr="258" mi="2" ci="0" mb="0" cb="0"/><line nr="259" mi="1" ci="0" mb="0" cb="0"/><line nr="262" mi="2" ci="0" mb="0" cb="0"/><line nr="263" mi="2" ci="0" mb="0" cb="0"/><line nr="264" mi="2" ci="0" mb="0" cb="0"/><line nr="265" mi="2" ci="0" mb="0" cb="0"/><line nr="267" mi="2" ci="0" mb="0" cb="0"/><line nr="268" mi="2" ci="0" mb="0" cb="0"/><line nr="269" mi="1" ci="0" mb="0" cb="0"/><line nr="272" mi="2" ci="0" mb="0" cb="0"/><line nr="273" mi="2" ci="0" mb="0" cb="0"/><line nr="274" mi="2" ci="0" mb="0" cb="0"/><line nr="275" mi="2" ci="0" mb="0" cb="0"/><line nr="277" mi="2" ci="0" mb="0" cb="0"/><line nr="278" mi="2" ci="0" mb="0" cb="0"/><line nr="279" mi="1" ci="0" mb="0" cb="0"/><line nr="282" mi="2" ci="0" mb="0" cb="0"/><line nr="283" mi="2" ci="0" mb="0" cb="0"/><line nr="284" mi="2" ci="0" mb="0" cb="0"/><line nr="285" mi="2" ci="0" mb="0" cb="0"/><line nr="287" mi="2" ci="0" mb="0" cb="0"/><line nr="288" mi="2" ci="0" mb="0" cb="0"/><line nr="289" mi="1" ci="0" mb="0" cb="0"/><line nr="292" mi="2" ci="0" mb="0" cb="0"/><line nr="293" mi="2" ci="0" mb="0" cb="0"/><line nr="294" mi="2" ci="0" mb="0" cb="0"/><line nr="295" mi="2" ci="0" mb="0" cb="0"/><line nr="297" mi="2" ci="0" mb="0" cb="0"/><line nr="298" mi="2" ci="0" mb="0" cb="0"/><line nr="299" mi="1" ci="0" mb="0" cb="0"/><line nr="302" mi="2" ci="0" mb="0" cb="0"/><line nr="303" mi="2" ci="0" mb="0" cb="0"/><line nr="304" mi="2" ci="0" mb="0" cb="0"/><line nr="305" mi="2" ci="0" mb="0" cb="0"/><line nr="307" mi="2" ci="0" mb="0" cb="0"/><line nr="308" mi="2" ci="0" mb="0" cb="0"/><line nr="309" mi="1" ci="0" mb="0" cb="0"/><line nr="312" mi="2" ci="0" mb="0" cb="0"/><line nr="313" mi="2" ci="0" mb="0" cb="0"/><line nr="314" mi="2" ci="0" mb="0" cb="0"/><line nr="315" mi="2" ci="0" mb="0" cb="0"/><line nr="317" mi="2" ci="0" mb="0" cb="0"/><line nr="318" mi="2" ci="0" mb="0" cb="0"/><line nr="319" mi="1" ci="0" mb="0" cb="0"/><line nr="322" mi="2" ci="0" mb="0" cb="0"/><line nr="323" mi="2" ci="0" mb="0" cb="0"/><line nr="324" mi="2" ci="0" mb="0" cb="0"/><line nr="325" mi="2" ci="0" mb="0" cb="0"/><line nr="327" mi="2" ci="0" mb="0" cb="0"/><line nr="328" mi="2" ci="0" mb="0" cb="0"/><line nr="329" mi="1" ci="0" mb="0" cb="0"/><line nr="332" mi="2" ci="0" mb="0" cb="0"/><line nr="333" mi="2" ci="0" mb="0" cb="0"/><line nr="334" mi="2" ci="0" mb="0" cb="0"/><line nr="335" mi="2" ci="0" mb="0" cb="0"/><line nr="337" mi="3" ci="0" mb="0" cb="0"/><line nr="338" mi="3" ci="0" mb="0" cb="0"/><line nr="339" mi="3" ci="0" mb="0" cb="0"/><line nr="340" mi="3" ci="0" mb="0" cb="0"/><line nr="342" mi="2" ci="0" mb="0" cb="0"/><line nr="343" mi="2" ci="0" mb="0" cb="0"/><line nr="344" mi="1" ci="0" mb="0" cb="0"/><line nr="347" mi="3" ci="0" mb="0" cb="0"/><line nr="348" mi="3" ci="0" mb="0" cb="0"/><line nr="349" mi="3" ci="0" mb="0" cb="0"/><line nr="350" mi="3" ci="0" mb="0" cb="0"/><line nr="352" mi="6" ci="0" mb="0" cb="0"/><line nr="353" mi="6" ci="0" mb="0" cb="0"/><line nr="354" mi="6" ci="0" mb="0" cb="0"/><line nr="355" mi="6" ci="0" mb="0" cb="0"/><line nr="357" mi="4" ci="0" mb="0" cb="0"/><line nr="358" mi="8" ci="0" mb="0" cb="0"/><line nr="360" mi="7" ci="0" mb="2" cb="0"/><line nr="361" mi="4" ci="0" mb="0" cb="0"/><line nr="362" mi="5" ci="0" mb="0" cb="0"/><line nr="365" mi="3" ci="0" mb="0" cb="0"/><line nr="366" mi="3" ci="0" mb="0" cb="0"/><line nr="367" mi="3" ci="0" mb="0" cb="0"/><line nr="368" mi="3" ci="0" mb="0" cb="0"/><line nr="370" mi="2" ci="0" mb="0" cb="0"/><line nr="371" mi="2" ci="0" mb="0" cb="0"/><line nr="372" mi="1" ci="0" mb="0" cb="0"/><line nr="375" mi="5" ci="0" mb="0" cb="0"/><line nr="377" mi="7" ci="0" mb="2" cb="0"/><line nr="378" mi="7" ci="0" mb="0" cb="0"/><line nr="381" mi="2" ci="0" mb="0" cb="0"/><line nr="382" mi="2" ci="0" mb="0" cb="0"/><line nr="386" mi="3" ci="0" mb="0" cb="0"/><line nr="387" mi="3" ci="0" mb="0" cb="0"/><line nr="388" mi="3" ci="0" mb="0" cb="0"/><line nr="389" mi="3" ci="0" mb="0" cb="0"/><line nr="391" mi="6" ci="0" mb="0" cb="0"/><line nr="392" mi="6" ci="0" mb="0" cb="0"/><line nr="393" mi="6" ci="0" mb="0" cb="0"/><line nr="394" mi="6" ci="0" mb="0" cb="0"/><line nr="396" mi="2" ci="0" mb="0" cb="0"/><line nr="397" mi="2" ci="0" mb="0" cb="0"/><line nr="398" mi="2" ci="0" mb="0" cb="0"/><line nr="399" mi="2" ci="0" mb="0" cb="0"/><line nr="401" mi="2" ci="0" mb="0" cb="0"/><line nr="402" mi="2" ci="0" mb="0" cb="0"/><line nr="403" mi="1" ci="0" mb="0" cb="0"/><line nr="406" mi="3" ci="0" mb="0" cb="0"/><line nr="408" mi="4" ci="0" mb="0" cb="0"/><line nr="409" mi="5" ci="0" mb="0" cb="0"/><line nr="413" mi="4" ci="0" mb="0" cb="0"/><line nr="414" mi="5" ci="0" mb="0" cb="0"/><line nr="418" mi="4" ci="0" mb="0" cb="0"/><line nr="419" mi="5" ci="0" mb="0" cb="0"/><line nr="423" mi="4" ci="0" mb="0" cb="0"/><line nr="424" mi="5" ci="0" mb="0" cb="0"/><line nr="427" mi="1" ci="0" mb="0" cb="0"/><line nr="434" mi="2" ci="0" mb="0" cb="0"/><line nr="436" mi="7" ci="0" mb="2" cb="0"/><line nr="437" mi="5" ci="0" mb="0" cb="0"/><line nr="440" mi="2" ci="0" mb="0" cb="0"/><line nr="441" mi="4" ci="0" mb="0" cb="0"/><line nr="443" mi="3" ci="0" mb="0" cb="0"/><line nr="444" mi="4" ci="0" mb="0" cb="0"/><line nr="448" mi="2" ci="0" mb="0" cb="0"/><line nr="456" mi="2" ci="0" mb="0" cb="0"/><line nr="458" mi="7" ci="0" mb="2" cb="0"/><line nr="459" mi="6" ci="0" mb="0" cb="0"/><line nr="462" mi="2" ci="0" mb="0" cb="0"/><line nr="463" mi="4" ci="0" mb="0" cb="0"/><line nr="465" mi="3" ci="0" mb="0" cb="0"/><line nr="466" mi="4" ci="0" mb="0" cb="0"/><line nr="470" mi="2" ci="0" mb="0" cb="0"/><line nr="478" mi="2" ci="0" mb="0" cb="0"/><line nr="480" mi="7" ci="0" mb="2" cb="0"/><line nr="481" mi="5" ci="0" mb="0" cb="0"/><line nr="482" mi="3" ci="0" mb="0" cb="0"/><line nr="483" mi="4" ci="0" mb="0" cb="0"/><line nr="486" mi="2" ci="0" mb="0" cb="0"/><line nr="487" mi="4" ci="0" mb="0" cb="0"/><line nr="489" mi="3" ci="0" mb="0" cb="0"/><line nr="490" mi="4" ci="0" mb="0" cb="0"/><line nr="494" mi="2" ci="0" mb="0" cb="0"/><line nr="502" mi="2" ci="0" mb="0" cb="0"/><line nr="504" mi="7" ci="0" mb="2" cb="0"/><line nr="505" mi="3" ci="0" mb="0" cb="0"/><line nr="507" mi="5" ci="0" mb="0" cb="0"/><line nr="508" mi="5" ci="0" mb="0" cb="0"/><line nr="511" mi="2" ci="0" mb="0" cb="0"/><line nr="512" mi="4" ci="0" mb="0" cb="0"/><line nr="514" mi="3" ci="0" mb="0" cb="0"/><line nr="515" mi="4" ci="0" mb="0" cb="0"/><line nr="519" mi="2" ci="0" mb="0" cb="0"/><line nr="527" mi="2" ci="0" mb="0" cb="0"/><line nr="529" mi="7" ci="0" mb="2" cb="0"/><line nr="530" mi="3" ci="0" mb="0" cb="0"/><line nr="531" mi="4" ci="0" mb="0" cb="0"/><line nr="534" mi="2" ci="0" mb="0" cb="0"/><line nr="535" mi="4" ci="0" mb="0" cb="0"/><line nr="537" mi="3" ci="0" mb="0" cb="0"/><line nr="538" mi="4" ci="0" mb="0" cb="0"/><line nr="542" mi="2" ci="0" mb="0" cb="0"/><line nr="546" mi="2" ci="0" mb="0" cb="0"/><line nr="548" mi="7" ci="0" mb="2" cb="0"/><line nr="549" mi="7" ci="0" mb="0" cb="0"/><line nr="552" mi="2" ci="0" mb="0" cb="0"/><line nr="553" mi="4" ci="0" mb="0" cb="0"/><line nr="555" mi="3" ci="0" mb="0" cb="0"/><line nr="556" mi="4" ci="0" mb="0" cb="0"/><line nr="559" mi="2" ci="0" mb="0" cb="0"/><line nr="563" mi="2" ci="0" mb="0" cb="0"/><line nr="565" mi="5" ci="0" mb="2" cb="0"/><line nr="566" mi="8" ci="0" mb="2" cb="0"/><line nr="567" mi="4" ci="0" mb="0" cb="0"/><line nr="570" mi="7" ci="0" mb="2" cb="0"/><line nr="571" mi="4" ci="0" mb="0" cb="0"/><line nr="576" mi="2" ci="0" mb="0" cb="0"/><line nr="577" mi="4" ci="0" mb="0" cb="0"/><line nr="579" mi="3" ci="0" mb="0" cb="0"/><line nr="580" mi="4" ci="0" mb="0" cb="0"/><line nr="583" mi="2" ci="0" mb="0" cb="0"/><line nr="590" mi="3" ci="0" mb="2" cb="0"/><line nr="591" mi="2" ci="0" mb="0" cb="0"/><line nr="593" mi="7" ci="0" mb="2" cb="0"/><line nr="594" mi="4" ci="0" mb="0" cb="0"/><line nr="597" mi="3" ci="0" mb="0" cb="0"/><line nr="599" mi="2" ci="0" mb="0" cb="0"/><line nr="601" mi="7" ci="0" mb="2" cb="0"/><line nr="602" mi="7" ci="0" mb="0" cb="0"/><line nr="605" mi="2" ci="0" mb="0" cb="0"/><line nr="608" mi="4" ci="0" mb="0" cb="0"/><line nr="610" mi="3" ci="0" mb="0" cb="0"/><line nr="611" mi="4" ci="0" mb="0" cb="0"/><line nr="614" mi="2" ci="0" mb="0" cb="0"/><line nr="622" mi="2" ci="0" mb="0" cb="0"/><line nr="624" mi="7" ci="0" mb="2" cb="0"/><line nr="625" mi="7" ci="0" mb="0" cb="0"/><line nr="628" mi="2" ci="0" mb="0" cb="0"/><line nr="629" mi="4" ci="0" mb="0" cb="0"/><line nr="631" mi="3" ci="0" mb="0" cb="0"/><line nr="632" mi="4" ci="0" mb="0" cb="0"/><line nr="636" mi="2" ci="0" mb="0" cb="0"/><line nr="644" mi="2" ci="0" mb="0" cb="0"/><line nr="646" mi="7" ci="0" mb="2" cb="0"/><line nr="647" mi="7" ci="0" mb="0" cb="0"/><line nr="650" mi="2" ci="0" mb="0" cb="0"/><line nr="651" mi="4" ci="0" mb="0" cb="0"/><line nr="653" mi="3" ci="0" mb="0" cb="0"/><line nr="654" mi="4" ci="0" mb="0" cb="0"/><line nr="658" mi="2" ci="0" mb="0" cb="0"/><line nr="662" mi="2" ci="0" mb="0" cb="0"/><line nr="663" mi="3" ci="0" mb="0" cb="0"/><line nr="664" mi="2" ci="0" mb="0" cb="0"/><line nr="666" mi="3" ci="0" mb="2" cb="0"/><line nr="667" mi="3" ci="0" mb="0" cb="0"/><line nr="670" mi="4" ci="0" mb="2" cb="0"/><line nr="672" mi="2" ci="0" mb="0" cb="0"/><line nr="673" mi="1" ci="0" mb="0" cb="0"/><line nr="674" mi="4" ci="0" mb="0" cb="0"/><line nr="675" mi="2" ci="0" mb="0" cb="0"/><line nr="676" mi="1" ci="0" mb="0" cb="0"/><line nr="679" mi="2" ci="0" mb="0" cb="0"/><line nr="682" mi="2" ci="0" mb="0" cb="0"/><line nr="683" mi="4" ci="0" mb="0" cb="0"/><line nr="685" mi="3" ci="0" mb="0" cb="0"/><line nr="686" mi="4" ci="0" mb="0" cb="0"/><line nr="690" mi="2" ci="0" mb="0" cb="0"/><line nr="696" mi="2" ci="0" mb="0" cb="0"/><line nr="697" mi="4" ci="0" mb="0" cb="0"/><line nr="698" mi="2" ci="0" mb="0" cb="0"/><line nr="700" mi="3" ci="0" mb="2" cb="0"/><line nr="701" mi="3" ci="0" mb="0" cb="0"/><line nr="704" mi="4" ci="0" mb="2" cb="0"/><line nr="706" mi="5" ci="0" mb="0" cb="0"/><line nr="707" mi="3" ci="0" mb="0" cb="0"/><line nr="708" mi="1" ci="0" mb="0" cb="0"/><line nr="709" mi="4" ci="0" mb="0" cb="0"/><line nr="710" mi="2" ci="0" mb="0" cb="0"/><line nr="711" mi="1" ci="0" mb="0" cb="0"/><line nr="714" mi="2" ci="0" mb="0" cb="0"/><line nr="717" mi="2" ci="0" mb="0" cb="0"/><line nr="718" mi="4" ci="0" mb="0" cb="0"/><line nr="720" mi="3" ci="0" mb="0" cb="0"/><line nr="721" mi="4" ci="0" mb="0" cb="0"/><line nr="725" mi="2" ci="0" mb="0" cb="0"/><line nr="729" mi="2" ci="0" mb="0" cb="0"/><line nr="731" mi="1" ci="0" mb="0" cb="0"/><line nr="732" mi="13" ci="0" mb="0" cb="0"/><line nr="734" mi="2" ci="0" mb="0" cb="0"/><line nr="735" mi="4" ci="0" mb="0" cb="0"/><line nr="737" mi="2" ci="0" mb="0" cb="0"/><line nr="738" mi="4" ci="0" mb="0" cb="0"/><line nr="740" mi="3" ci="0" mb="0" cb="0"/><line nr="741" mi="4" ci="0" mb="0" cb="0"/><line nr="744" mi="2" ci="0" mb="0" cb="0"/><line nr="748" mi="2" ci="0" mb="0" cb="0"/><line nr="750" mi="2" ci="0" mb="0" cb="0"/><line nr="751" mi="3" ci="0" mb="0" cb="0"/><line nr="752" mi="7" ci="0" mb="0" cb="0"/><line nr="753" mi="4" ci="0" mb="0" cb="0"/><line nr="755" mi="2" ci="0" mb="0" cb="0"/><line nr="756" mi="4" ci="0" mb="0" cb="0"/><line nr="758" mi="2" ci="0" mb="0" cb="0"/><line nr="759" mi="4" ci="0" mb="0" cb="0"/><line nr="761" mi="3" ci="0" mb="0" cb="0"/><line nr="762" mi="4" ci="0" mb="0" cb="0"/><line nr="765" mi="2" ci="0" mb="0" cb="0"/><line nr="773" mi="6" ci="0" mb="4" cb="0"/><line nr="774" mi="2" ci="0" mb="0" cb="0"/><line nr="776" mi="10" ci="0" mb="2" cb="0"/><line nr="777" mi="4" ci="0" mb="0" cb="0"/><line nr="778" mi="1" ci="0" mb="0" cb="0"/><line nr="780" mi="3" ci="0" mb="0" cb="0"/><line nr="782" mi="2" ci="0" mb="0" cb="0"/><line nr="783" mi="4" ci="0" mb="0" cb="0"/><line nr="784" mi="2" ci="0" mb="0" cb="0"/><line nr="787" mi="4" ci="0" mb="0" cb="0"/><line nr="789" mi="3" ci="0" mb="0" cb="0"/><line nr="790" mi="4" ci="0" mb="0" cb="0"/><line nr="793" mi="2" ci="0" mb="0" cb="0"/><line nr="797" mi="3" ci="0" mb="0" cb="0"/><line nr="806" mi="5" ci="0" mb="2" cb="0"/><line nr="807" mi="5" ci="0" mb="0" cb="0"/><line nr="808" mi="7" ci="0" mb="0" cb="0"/><line nr="810" mi="2" ci="0" mb="0" cb="0"/><line nr="813" mi="4" ci="0" mb="0" cb="0"/><line nr="815" mi="2" ci="0" mb="0" cb="0"/><line nr="816" mi="5" ci="0" mb="0" cb="0"/><line nr="819" mi="4" ci="0" mb="0" cb="0"/><line nr="821" mi="3" ci="0" mb="0" cb="0"/><line nr="823" mi="5" ci="0" mb="0" cb="0"/><line nr="824" mi="7" ci="0" mb="0" cb="0"/><line nr="826" mi="2" ci="0" mb="0" cb="0"/><line nr="829" mi="5" ci="0" mb="0" cb="0"/><line nr="831" mi="2" ci="0" mb="0" cb="0"/><line nr="832" mi="5" ci="0" mb="0" cb="0"/><line nr="835" mi="5" ci="0" mb="0" cb="0"/><line nr="837" mi="2" ci="0" mb="0" cb="0"/><line nr="840" mi="4" ci="0" mb="0" cb="0"/><line nr="842" mi="3" ci="0" mb="0" cb="0"/><line nr="843" mi="4" ci="0" mb="0" cb="0"/><line nr="847" mi="2" ci="0" mb="0" cb="0"/><line nr="851" mi="9" ci="0" mb="0" cb="0"/><line nr="852" mi="3" ci="0" mb="0" cb="0"/><line nr="856" mi="1" ci="0" mb="0" cb="0"/><line nr="859" mi="9" ci="0" mb="0" cb="0"/><line nr="860" mi="3" ci="0" mb="0" cb="0"/><line nr="863" mi="1" ci="0" mb="0" cb="0"/><line nr="866" mi="9" ci="0" mb="0" cb="0"/><line nr="867" mi="3" ci="0" mb="0" cb="0"/><line nr="870" mi="1" ci="0" mb="0" cb="0"/><line nr="873" mi="9" ci="0" mb="0" cb="0"/><line nr="874" mi="3" ci="0" mb="0" cb="0"/><line nr="877" mi="1" ci="0" mb="0" cb="0"/><line nr="880" mi="9" ci="0" mb="0" cb="0"/><line nr="881" mi="3" ci="0" mb="0" cb="0"/><line nr="882" mi="1" ci="0" mb="0" cb="0"/><line nr="885" mi="9" ci="0" mb="0" cb="0"/><line nr="886" mi="3" ci="0" mb="0" cb="0"/><line nr="890" mi="1" ci="0" mb="0" cb="0"/><line nr="893" mi="9" ci="0" mb="0" cb="0"/><line nr="894" mi="3" ci="0" mb="0" cb="0"/><line nr="897" mi="1" ci="0" mb="0" cb="0"/><line nr="900" mi="9" ci="0" mb="0" cb="0"/><line nr="901" mi="3" ci="0" mb="0" cb="0"/><line nr="904" mi="1" ci="0" mb="0" cb="0"/><line nr="907" mi="9" ci="0" mb="0" cb="0"/><line nr="908" mi="3" ci="0" mb="0" cb="0"/><line nr="911" mi="1" ci="0" mb="0" cb="0"/><line nr="914" mi="9" ci="0" mb="0" cb="0"/><line nr="915" mi="3" ci="0" mb="0" cb="0"/><line nr="919" mi="1" ci="0" mb="0" cb="0"/><line nr="922" mi="9" ci="0" mb="0" cb="0"/><line nr="923" mi="3" ci="0" mb="0" cb="0"/><line nr="927" mi="1" ci="0" mb="0" cb="0"/><line nr="930" mi="9" ci="0" mb="0" cb="0"/><line nr="931" mi="3" ci="0" mb="0" cb="0"/><line nr="935" mi="1" ci="0" mb="0" cb="0"/><line nr="938" mi="9" ci="0" mb="0" cb="0"/><line nr="939" mi="3" ci="0" mb="0" cb="0"/><line nr="943" mi="1" ci="0" mb="0" cb="0"/><line nr="946" mi="9" ci="0" mb="0" cb="0"/><line nr="947" mi="3" ci="0" mb="0" cb="0"/><line nr="951" mi="1" ci="0" mb="0" cb="0"/><line nr="954" mi="9" ci="0" mb="0" cb="0"/><line nr="955" mi="3" ci="0" mb="0" cb="0"/><line nr="959" mi="1" ci="0" mb="0" cb="0"/><line nr="962" mi="9" ci="0" mb="0" cb="0"/><line nr="963" mi="3" ci="0" mb="0" cb="0"/><line nr="967" mi="1" ci="0" mb="0" cb="0"/><line nr="970" mi="9" ci="0" mb="0" cb="0"/><line nr="971" mi="3" ci="0" mb="0" cb="0"/><line nr="972" mi="1" ci="0" mb="0" cb="0"/><line nr="975" mi="9" ci="0" mb="0" cb="0"/><line nr="976" mi="3" ci="0" mb="0" cb="0"/><line nr="979" mi="1" ci="0" mb="0" cb="0"/><line nr="982" mi="9" ci="0" mb="0" cb="0"/><line nr="983" mi="3" ci="0" mb="0" cb="0"/><line nr="986" mi="1" ci="0" mb="0" cb="0"/><line nr="989" mi="9" ci="0" mb="0" cb="0"/><line nr="990" mi="3" ci="0" mb="0" cb="0"/><line nr="991" mi="1" ci="0" mb="0" cb="0"/><line nr="994" mi="9" ci="0" mb="0" cb="0"/><line nr="995" mi="1" ci="0" mb="0" cb="0"/><line nr="998" mi="9" ci="0" mb="0" cb="0"/><line nr="999" mi="1" ci="0" mb="0" cb="0"/><line nr="1002" mi="9" ci="0" mb="0" cb="0"/><line nr="1003" mi="1" ci="0" mb="0" cb="0"/><line nr="1006" mi="9" ci="0" mb="0" cb="0"/><line nr="1007" mi="1" ci="0" mb="0" cb="0"/><line nr="1010" mi="9" ci="0" mb="0" cb="0"/><line nr="1011" mi="1" ci="0" mb="0" cb="0"/><line nr="1014" mi="9" ci="0" mb="0" cb="0"/><line nr="1015" mi="1" ci="0" mb="0" cb="0"/><line nr="1018" mi="9" ci="0" mb="0" cb="0"/><line nr="1019" mi="1" ci="0" mb="0" cb="0"/><line nr="1022" mi="9" ci="0" mb="0" cb="0"/><line nr="1023" mi="1" ci="0" mb="0" cb="0"/><line nr="1026" mi="9" ci="0" mb="0" cb="0"/><line nr="1027" mi="3" ci="0" mb="0" cb="0"/><line nr="1031" mi="1" ci="0" mb="0" cb="0"/><line nr="1034" mi="9" ci="0" mb="0" cb="0"/><line nr="1035" mi="3" ci="0" mb="0" cb="0"/><line nr="1039" mi="1" ci="0" mb="0" cb="0"/><line nr="1042" mi="9" ci="0" mb="0" cb="0"/><line nr="1043" mi="3" ci="0" mb="0" cb="0"/><line nr="1047" mi="1" ci="0" mb="0" cb="0"/><line nr="1050" mi="9" ci="0" mb="0" cb="0"/><line nr="1051" mi="3" ci="0" mb="0" cb="0"/><line nr="1055" mi="1" ci="0" mb="0" cb="0"/><line nr="1058" mi="9" ci="0" mb="0" cb="0"/><line nr="1059" mi="3" ci="0" mb="0" cb="0"/><line nr="1063" mi="1" ci="0" mb="0" cb="0"/><line nr="1066" mi="9" ci="0" mb="0" cb="0"/><line nr="1067" mi="3" ci="0" mb="0" cb="0"/><line nr="1071" mi="1" ci="0" mb="0" cb="0"/><line nr="1074" mi="9" ci="0" mb="0" cb="0"/><line nr="1075" mi="3" ci="0" mb="0" cb="0"/><line nr="1079" mi="1" ci="0" mb="0" cb="0"/><line nr="1082" mi="9" ci="0" mb="0" cb="0"/><line nr="1083" mi="3" ci="0" mb="0" cb="0"/><line nr="1087" mi="1" ci="0" mb="0" cb="0"/><line nr="1090" mi="9" ci="0" mb="0" cb="0"/><line nr="1091" mi="3" ci="0" mb="0" cb="0"/><line nr="1095" mi="1" ci="0" mb="0" cb="0"/><line nr="1098" mi="9" ci="0" mb="0" cb="0"/><line nr="1099" mi="3" ci="0" mb="0" cb="0"/><line nr="1103" mi="1" ci="0" mb="0" cb="0"/><line nr="1106" mi="9" ci="0" mb="0" cb="0"/><line nr="1107" mi="3" ci="0" mb="0" cb="0"/><line nr="1111" mi="1" ci="0" mb="0" cb="0"/><line nr="1114" mi="9" ci="0" mb="0" cb="0"/><line nr="1115" mi="3" ci="0" mb="0" cb="0"/><line nr="1119" mi="1" ci="0" mb="0" cb="0"/><line nr="1122" mi="9" ci="0" mb="0" cb="0"/><line nr="1123" mi="1" ci="0" mb="0" cb="0"/><line nr="1126" mi="9" ci="0" mb="0" cb="0"/><line nr="1127" mi="1" ci="0" mb="0" cb="0"/><line nr="1130" mi="9" ci="0" mb="0" cb="0"/><line nr="1131" mi="1" ci="0" mb="0" cb="0"/><line nr="1134" mi="9" ci="0" mb="0" cb="0"/><line nr="1135" mi="1" ci="0" mb="0" cb="0"/><line nr="1138" mi="8" ci="0" mb="0" cb="0"/><line nr="1139" mi="3" ci="0" mb="0" cb="0"/><line nr="1140" mi="1" ci="0" mb="0" cb="0"/><line nr="1143" mi="8" ci="0" mb="0" cb="0"/><line nr="1144" mi="3" ci="0" mb="0" cb="0"/><line nr="1147" mi="1" ci="0" mb="0" cb="0"/><line nr="1150" mi="8" ci="0" mb="0" cb="0"/><line nr="1151" mi="3" ci="0" mb="0" cb="0"/><line nr="1154" mi="1" ci="0" mb="0" cb="0"/><line nr="1157" mi="8" ci="0" mb="0" cb="0"/><line nr="1158" mi="3" ci="0" mb="0" cb="0"/><line nr="1159" mi="1" ci="0" mb="0" cb="0"/><line nr="1162" mi="9" ci="0" mb="0" cb="0"/><line nr="1163" mi="1" ci="0" mb="0" cb="0"/><line nr="1166" mi="9" ci="0" mb="0" cb="0"/><line nr="1167" mi="1" ci="0" mb="0" cb="0"/><line nr="1170" mi="9" ci="0" mb="0" cb="0"/><line nr="1171" mi="1" ci="0" mb="0" cb="0"/><line nr="1174" mi="9" ci="0" mb="0" cb="0"/><line nr="1175" mi="1" ci="0" mb="0" cb="0"/><line nr="1178" mi="9" ci="0" mb="0" cb="0"/><line nr="1179" mi="1" ci="0" mb="0" cb="0"/><line nr="1182" mi="9" ci="0" mb="0" cb="0"/><line nr="1183" mi="1" ci="0" mb="0" cb="0"/><line nr="1186" mi="9" ci="0" mb="0" cb="0"/><line nr="1187" mi="1" ci="0" mb="0" cb="0"/><line nr="1190" mi="9" ci="0" mb="0" cb="0"/><line nr="1191" mi="1" ci="0" mb="0" cb="0"/><line nr="1194" mi="10" ci="0" mb="0" cb="0"/><line nr="1195" mi="1" ci="0" mb="0" cb="0"/><line nr="1198" mi="10" ci="0" mb="0" cb="0"/><line nr="1199" mi="1" ci="0" mb="0" cb="0"/><line nr="1202" mi="10" ci="0" mb="0" cb="0"/><line nr="1203" mi="1" ci="0" mb="0" cb="0"/><line nr="1206" mi="10" ci="0" mb="0" cb="0"/><line nr="1207" mi="1" ci="0" mb="0" cb="0"/><line nr="1210" mi="9" ci="0" mb="0" cb="0"/><line nr="1211" mi="1" ci="0" mb="0" cb="0"/><line nr="1214" mi="9" ci="0" mb="0" cb="0"/><line nr="1215" mi="1" ci="0" mb="0" cb="0"/><line nr="1218" mi="9" ci="0" mb="0" cb="0"/><line nr="1219" mi="1" ci="0" mb="0" cb="0"/><line nr="1222" mi="9" ci="0" mb="0" cb="0"/><line nr="1223" mi="1" ci="0" mb="0" cb="0"/><line nr="1226" mi="5" ci="0" mb="3" cb="0"/><line nr="1228" mi="3" ci="0" mb="0" cb="0"/><line nr="1229" mi="1" ci="0" mb="0" cb="0"/><line nr="1232" mi="3" ci="0" mb="0" cb="0"/><line nr="1235" mi="1" ci="0" mb="0" cb="0"/><line nr="1238" mi="17" ci="0" mb="2" cb="0"/><line nr="1239" mi="2" ci="0" mb="0" cb="0"/><line nr="1241" mi="1" ci="0" mb="0" cb="0"/><counter type="INSTRUCTION" missed="2185" covered="0"/><counter type="BRANCH" missed="79" covered="0"/><counter type="LINE" missed="599" covered="0"/><counter type="COMPLEXITY" missed="155" covered="0"/><counter type="METHOD" missed="115" covered="0"/><counter type="CLASS" missed="2" covered="0"/></sourcefile><counter type="INSTRUCTION" missed="2309" covered="0"/><counter type="BRANCH" missed="91" covered="0"/><counter type="LINE" missed="642" covered="0"/><counter type="COMPLEXITY" missed="164" covered="0"/><counter type="METHOD" missed="118" covered="0"/><counter type="CLASS" missed="3" covered="0"/></package><package name="com/github/coderodde/util"><class name="com/github/coderodde/util/Finger" sourcefilename="Finger.java"><method name="&lt;init&gt;" desc="(Lcom/github/coderodde/util/Node;I)V" line="11"><counter type="INSTRUCTION" missed="0" covered="9"/><counter type="LINE" missed="0" covered="4"/><counter type="COMPLEXITY" missed="0" covered="1"/><counter type="METHOD" missed="0" covered="1"/></method><method name="toString" desc="()Ljava/lang/String;" line="18"><counter type="INSTRUCTION" missed="12" covered="0"/><counter type="BRANCH" missed="2" covered="0"/><counter type="LINE" missed="2" covered="0"/><counter type="COMPLEXITY" missed="2" covered="0"/><counter type="METHOD" missed="1" covered="0"/></method><method name="rewindLeft" desc="(I)V" line="25"><counter type="INSTRUCTION" missed="0" covered="19"/><counter type="BRANCH" missed="0" covered="2"/><counter type="LINE" missed="0" covered="4"/><counter type="COMPLEXITY" missed="0" covered="2"/><counter type="METHOD" missed="0" covered="1"/></method><method name="rewindRight" desc="(I)V" line="34"><counter type="INSTRUCTION" missed="0" covered="19"/><counter type="BRANCH" missed="0" covered="2"/><counter type="LINE" missed="0" covered="4"/><counter type="COMPLEXITY" missed="0" covered="2"/><counter type="METHOD" missed="0" covered="1"/></method><counter type="INSTRUCTION" missed="12" covered="47"/><counter type="BRANCH" missed="2" covered="4"/><counter type="LINE" missed="2" covered="12"/><counter type="COMPLEXITY" missed="2" covered="5"/><counter type="METHOD" missed="1" covered="3"/><counter type="CLASS" missed="0" covered="1"/></class><class name="com/github/coderodde/util/IndexedLinkedList$DescendingIterator" sourcefilename="IndexedLinkedList.java"><method name="&lt;init&gt;" desc="(Lcom/github/coderodde/util/IndexedLinkedList;)V" line="1459"><counter type="INSTRUCTION" missed="0" covered="23"/><counter type="LINE" missed="0" covered="4"/><counter type="COMPLEXITY" missed="0" covered="1"/><counter type="METHOD" missed="0" covered="1"/></method><method name="hasNext" desc="()Z" line="1468"><counter type="INSTRUCTION" missed="0" covered="8"/><counter type="BRANCH" missed="0" covered="2"/><counter type="LINE" missed="0" covered="1"/><counter type="COMPLEXITY" missed="0" covered="2"/><counter type="METHOD" missed="0" covered="1"/></method><method name="next" desc="()Ljava/lang/Object;" line="1473"><counter type="INSTRUCTION" missed="4" covered="24"/><counter type="BRANCH" missed="1" covered="1"/><counter type="LINE" missed="1" covered="6"/><counter type="COMPLEXITY" missed="1" covered="1"/><counter type="METHOD" missed="0" covered="1"/></method><method name="remove" desc="()V" line="1487"><counter type="INSTRUCTION" missed="4" covered="24"/><counter type="BRANCH" missed="1" covered="1"/><counter type="LINE" missed="1" covered="6"/><counter type="COMPLEXITY" missed="1" covered="1"/><counter type="METHOD" missed="0" covered="1"/></method><method name="forEachRemaining" desc="(Ljava/util/function/Consumer;)V" line="1500"><counter type="INSTRUCTION" missed="0" covered="32"/><counter type="BRANCH" missed="1" covered="3"/><counter type="LINE" missed="0" covered="7"/><counter type="COMPLEXITY" missed="1" covered="2"/><counter type="METHOD" missed="0" covered="1"/></method><method name="checkForComodification" desc="()V" line="1512"><counter type="INSTRUCTION" missed="4" covered="7"/><counter type="BRANCH" missed="1" covered="1"/><counter type="LINE" missed="1" covered="2"/><counter type="COMPLEXITY" missed="1" covered="1"/><counter type="METHOD" missed="0" covered="1"/></method><counter type="INSTRUCTION" missed="12" covered="118"/><counter type="BRANCH" missed="4" covered="8"/><counter type="LINE" missed="3" covered="26"/><counter type="COMPLEXITY" missed="4" covered="8"/><counter type="METHOD" missed="0" covered="6"/><counter type="CLASS" missed="0" covered="1"/></class><class name="com/github/coderodde/util/IndexedLinkedList$LinkedListSpliterator" sourcefilename="IndexedLinkedList.java"><method name="&lt;init&gt;" desc="(Lcom/github/coderodde/util/IndexedLinkedList;Lcom/github/coderodde/util/Node;JJI)V" line="2575"><counter type="INSTRUCTION" missed="0" covered="18"/><counter type="LINE" missed="0" covered="7"/><counter type="COMPLEXITY" missed="0" covered="1"/><counter type="METHOD" missed="0" covered="1"/></method><method name="tryAdvance" desc="(Ljava/util/function/Consumer;)Z" line="2585"><counter type="INSTRUCTION" missed="0" covered="44"/><counter type="BRANCH" missed="0" covered="6"/><counter type="LINE" missed="0" covered="11"/><counter type="COMPLEXITY" missed="0" covered="4"/><counter type="METHOD" missed="0" covered="1"/></method><method name="forEachRemaining" desc="(Ljava/util/function/Consumer;)V" line="2607"><counter type="INSTRUCTION" missed="0" covered="43"/><counter type="BRANCH" missed="0" covered="4"/><counter type="LINE" missed="0" covered="11"/><counter type="COMPLEXITY" missed="0" covered="3"/><counter type="METHOD" missed="0" covered="1"/></method><method name="trySplit" desc="()Ljava/util/Spliterator;" line="2626"><counter type="INSTRUCTION" missed="0" covered="60"/><counter type="BRANCH" missed="0" covered="4"/><counter type="LINE" missed="0" covered="13"/><counter type="COMPLEXITY" missed="0" covered="3"/><counter type="METHOD" missed="0" covered="1"/></method><method name="estimateSize" desc="()J" line="2658"><counter type="INSTRUCTION" missed="0" covered="6"/><counter type="LINE" missed="0" covered="1"/><counter type="COMPLEXITY" missed="0" covered="1"/><counter type="METHOD" missed="0" covered="1"/></method><method name="getExactSizeIfKnown" desc="()J" line="2663"><counter type="INSTRUCTION" missed="0" covered="3"/><counter type="LINE" missed="0" covered="1"/><counter type="COMPLEXITY" missed="0" covered="1"/><counter type="METHOD" missed="0" covered="1"/></method><method name="characteristics" desc="()I" line="2668"><counter type="INSTRUCTION" missed="0" covered="2"/><counter type="LINE" missed="0" covered="1"/><counter type="COMPLEXITY" missed="0" covered="1"/><counter type="METHOD" missed="0" covered="1"/></method><method name="hasCharacteristics" desc="(I)Z" line="2675"><counter type="INSTRUCTION" missed="0" covered="6"/><counter type="BRANCH" missed="0" covered="2"/><counter type="LINE" missed="0" covered="3"/><counter type="COMPLEXITY" missed="0" covered="2"/><counter type="METHOD" missed="0" covered="1"/></method><counter type="INSTRUCTION" missed="0" covered="182"/><counter type="BRANCH" missed="0" covered="16"/><counter type="LINE" missed="0" covered="48"/><counter type="COMPLEXITY" missed="0" covered="16"/><counter type="METHOD" missed="0" covered="8"/><counter type="CLASS" missed="0" covered="1"/></class><class name="com/github/coderodde/util/IndexedLinkedList$EnhancedSubList$1" sourcefilename="IndexedLinkedList.java"><method name="&lt;init&gt;" desc="(Lcom/github/coderodde/util/IndexedLinkedList$EnhancedSubList;I)V" line="2833"><counter type="INSTRUCTION" missed="0" covered="21"/><counter type="LINE" missed="0" covered="3"/><counter type="COMPLEXITY" missed="0" covered="1"/><counter type="METHOD" missed="0" covered="1"/></method><method name="hasNext" desc="()Z" line="2838"><counter type="INSTRUCTION" missed="0" covered="10"/><counter type="BRANCH" missed="0" covered="2"/><counter type="LINE" missed="0" covered="1"/><counter type="COMPLEXITY" missed="0" covered="2"/><counter type="METHOD" missed="0" covered="1"/></method><method name="next" desc="()Ljava/lang/Object;" line="2842"><counter type="INSTRUCTION" missed="4" covered="7"/><counter type="BRANCH" missed="1" covered="1"/><counter type="LINE" missed="1" covered="2"/><counter type="COMPLEXITY" missed="1" covered="1"/><counter type="METHOD" missed="0" covered="1"/></method><method name="hasPrevious" desc="()Z" line="2850"><counter type="INSTRUCTION" missed="7" covered="0"/><counter type="BRANCH" missed="2" covered="0"/><counter type="LINE" missed="1" covered="0"/><counter type="COMPLEXITY" missed="2" covered="0"/><counter type="METHOD" missed="1" covered="0"/></method><method name="previous" desc="()Ljava/lang/Object;" line="2854"><counter type="INSTRUCTION" missed="11" covered="0"/><counter type="BRANCH" missed="2" covered="0"/><counter type="LINE" missed="3" covered="0"/><counter type="COMPLEXITY" missed="2" covered="0"/><counter type="METHOD" missed="1" covered="0"/></method><method name="nextIndex" desc="()I" line="2862"><counter type="INSTRUCTION" missed="0" covered="8"/><counter type="LINE" missed="0" covered="1"/><counter type="COMPLEXITY" missed="0" covered="1"/><counter type="METHOD" missed="0" covered="1"/></method><method name="previousIndex" desc="()I" line="2866"><counter type="INSTRUCTION" missed="8" covered="0"/><counter type="LINE" missed="1" covered="0"/><counter type="COMPLEXITY" missed="1" covered="0"/><counter type="METHOD" missed="1" covered="0"/></method><method name="remove" desc="()V" line="2870"><counter type="INSTRUCTION" missed="0" covered="8"/><counter type="LINE" missed="0" covered="3"/><counter type="COMPLEXITY" missed="0" covered="1"/><counter type="METHOD" missed="0" covered="1"/></method><method name="set" desc="(Ljava/lang/Object;)V" line="2875"><counter type="INSTRUCTION" missed="5" covered="0"/><counter type="LINE" missed="2" covered="0"/><counter type="COMPLEXITY" missed="1" covered="0"/><counter type="METHOD" missed="1" covered="0"/></method><method name="add" desc="(Ljava/lang/Object;)V" line="2879"><counter type="INSTRUCTION" missed="9" covered="0"/><counter type="LINE" missed="3" covered="0"/><counter type="COMPLEXITY" missed="1" covered="0"/><counter type="METHOD" missed="1" covered="0"/></method><counter type="INSTRUCTION" missed="44" covered="54"/><counter type="BRANCH" missed="5" covered="3"/><counter type="LINE" missed="11" covered="10"/><counter type="COMPLEXITY" missed="8" covered="6"/><counter type="METHOD" missed="5" covered="5"/><counter type="CLASS" missed="0" covered="1"/></class><class name="com/github/coderodde/util/IndexedLinkedList" sourcefilename="IndexedLinkedList.java"><method name="&lt;init&gt;" desc="()V" line="472"><counter type="INSTRUCTION" missed="0" covered="9"/><counter type="LINE" missed="0" covered="3"/><counter type="COMPLEXITY" missed="0" covered="1"/><counter type="METHOD" missed="0" covered="1"/></method><method name="&lt;init&gt;" desc="(Ljava/util/Collection;)V" line="487"><counter type="INSTRUCTION" missed="0" covered="7"/><counter type="LINE" missed="0" covered="3"/><counter type="COMPLEXITY" missed="0" covered="1"/><counter type="METHOD" missed="0" covered="1"/></method><method name="add" desc="(Ljava/lang/Object;)Z" line="501"><counter type="INSTRUCTION" missed="0" covered="5"/><counter type="LINE" missed="0" covered="2"/><counter type="COMPLEXITY" missed="0" covered="1"/><counter type="METHOD" missed="0" covered="1"/></method><method name="add" desc="(ILjava/lang/Object;)V" line="516"><counter type="INSTRUCTION" missed="0" covered="19"/><counter type="BRANCH" missed="0" covered="2"/><counter type="LINE" missed="0" covered="5"/><counter type="COMPLEXITY" missed="0" covered="2"/><counter type="METHOD" missed="0" covered="1"/></method><method name="addAll" desc="(Ljava/util/Collection;)Z" line="539"><counter type="INSTRUCTION" missed="0" covered="6"/><counter type="LINE" missed="0" covered="1"/><counter type="COMPLEXITY" missed="0" covered="1"/><counter type="METHOD" missed="0" covered="1"/></method><method name="addAll" desc="(ILjava/util/Collection;)Z" line="556"><counter type="INSTRUCTION" missed="0" covered="38"/><counter type="BRANCH" missed="0" covered="8"/><counter type="LINE" missed="0" covered="11"/><counter type="COMPLEXITY" missed="0" covered="5"/><counter type="METHOD" missed="0" covered="1"/></method><method name="addFirst" desc="(Ljava/lang/Object;)V" line="579"><counter type="INSTRUCTION" missed="0" covered="4"/><counter type="LINE" missed="0" covered="2"/><counter type="COMPLEXITY" missed="0" covered="1"/><counter type="METHOD" missed="0" covered="1"/></method><method name="addLast" desc="(Ljava/lang/Object;)V" line="586"><counter type="INSTRUCTION" missed="0" covered="4"/><counter type="LINE" missed="0" covered="2"/><counter type="COMPLEXITY" missed="0" covered="1"/><counter type="METHOD" missed="0" covered="1"/></method><method name="checkInvarant" desc="()V" line="606"><counter type="INSTRUCTION" missed="36" covered="82"/><counter type="BRANCH" missed="5" covered="11"/><counter type="LINE" missed="5" covered="18"/><counter type="COMPLEXITY" missed="5" covered="4"/><counter type="METHOD" missed="0" covered="1"/></method><method name="clear" desc="()V" line="668"><counter type="INSTRUCTION" missed="0" covered="39"/><counter type="BRANCH" missed="0" covered="2"/><counter type="LINE" missed="0" covered="12"/><counter type="COMPLEXITY" missed="0" covered="2"/><counter type="METHOD" missed="0" covered="1"/></method><method name="clone" desc="()Ljava/lang/Object;" line="686"><counter type="INSTRUCTION" missed="5" covered="0"/><counter type="LINE" missed="1" covered="0"/><counter type="COMPLEXITY" missed="1" covered="0"/><counter type="METHOD" missed="1" covered="0"/></method><method name="contains" desc="(Ljava/lang/Object;)Z" line="694"><counter type="INSTRUCTION" missed="0" covered="8"/><counter type="BRANCH" missed="0" covered="2"/><counter type="LINE" missed="0" covered="1"/><counter type="COMPLEXITY" missed="0" covered="2"/><counter type="METHOD" missed="0" covered="1"/></method><method name="containsAll" desc="(Ljava/util/Collection;)Z" line="699"><counter type="INSTRUCTION" missed="18" covered="0"/><counter type="BRANCH" missed="4" covered="0"/><counter type="LINE" missed="5" covered="0"/><counter type="COMPLEXITY" missed="3" covered="0"/><counter type="METHOD" missed="1" covered="0"/></method><method name="descendingIterator" desc="()Ljava/util/Iterator;" line="713"><counter type="INSTRUCTION" missed="0" covered="5"/><counter type="LINE" missed="0" covered="1"/><counter type="COMPLEXITY" missed="0" covered="1"/><counter type="METHOD" missed="0" covered="1"/></method><method name="element" desc="()Ljava/lang/Object;" line="721"><counter type="INSTRUCTION" missed="0" covered="3"/><counter type="LINE" missed="0" covered="1"/><counter type="COMPLEXITY" missed="0" covered="1"/><counter type="METHOD" missed="0" covered="1"/></method><method name="equals" desc="(Ljava/lang/Object;)Z" line="729"><counter type="INSTRUCTION" missed="0" covered="28"/><counter type="BRANCH" missed="0" covered="4"/><counter type="LINE" missed="0" covered="9"/><counter type="COMPLEXITY" missed="0" covered="3"/><counter type="METHOD" missed="0" covered="1"/></method><method name="get" desc="(I)Ljava/lang/Object;" line="751"><counter type="INSTRUCTION" missed="0" covered="8"/><counter type="LINE" missed="0" covered="2"/><counter type="COMPLEXITY" missed="0" covered="1"/><counter type="METHOD" missed="0" covered="1"/></method><method name="getFirst" desc="()Ljava/lang/Object;" line="760"><counter type="INSTRUCTION" missed="0" covered="12"/><counter type="BRANCH" missed="0" covered="2"/><counter type="LINE" missed="0" covered="3"/><counter type="COMPLEXITY" missed="0" covered="2"/><counter type="METHOD" missed="0" covered="1"/></method><method name="getLast" desc="()Ljava/lang/Object;" line="773"><counter type="INSTRUCTION" missed="0" covered="12"/><counter type="BRANCH" missed="0" covered="2"/><counter type="LINE" missed="0" covered="3"/><counter type="COMPLEXITY" missed="0" covered="2"/><counter type="METHOD" missed="0" covered="1"/></method><method name="hashCode" desc="()I" line="782"><counter type="INSTRUCTION" missed="14" covered="0"/><counter type="LINE" missed="4" cover
[...]
="0" ci="6" mb="0" cb="0"/><line nr="2204" mi="0" ci="5" mb="0" cb="0"/><line nr="2205" mi="0" ci="2" mb="0" cb="0"/><line nr="2207" mi="0" ci="5" mb="0" cb="0"/><line nr="2208" mi="0" ci="7" mb="0" cb="0"/><line nr="2209" mi="0" ci="3" mb="0" cb="0"/><line nr="2210" mi="0" ci="2" mb="0" cb="0"/><line nr="2212" mi="0" ci="9" mb="0" cb="2"/><line nr="2213" mi="0" ci="7" mb="0" cb="0"/><line nr="2215" mi="0" ci="3" mb="0" cb="2"/><line nr="2216" mi="0" ci="2" mb="0" cb="2"/><line nr="2217" mi="0" ci="1" mb="0" cb="0"/><line nr="2218" mi="0" ci="1" mb="0" cb="0"/><line nr="2219" mi="0" ci="2" mb="0" cb="0"/><line nr="2220" mi="0" ci="7" mb="0" cb="0"/><line nr="2224" mi="0" ci="3" mb="0" cb="0"/><line nr="2225" mi="0" ci="3" mb="0" cb="0"/><line nr="2226" mi="0" ci="3" mb="0" cb="0"/><line nr="2227" mi="0" ci="3" mb="0" cb="0"/><line nr="2228" mi="0" ci="2" mb="0" cb="0"/><line nr="2231" mi="0" ci="3" mb="0" cb="0"/><line nr="2232" mi="0" ci="3" mb="0" cb="0"/><line nr="2233" mi="0" ci="3" mb="0" cb="0"/><line nr="2234" mi="0" ci="3" mb="0" cb="0"/><line nr="2236" mi="0" ci="2" mb="0" cb="2"/><line nr="2238" mi="0" ci="1" mb="0" cb="0"/><line nr="2241" mi="0" ci="2" mb="0" cb="2"/><line nr="2242" mi="0" ci="2" mb="1" cb="1"/><line nr="2243" mi="0" ci="3" mb="0" cb="0"/><line nr="2244" mi="0" ci="4" mb="0" cb="0"/><line nr="2246" mi="3" ci="0" mb="0" cb="0"/><line nr="2247" mi="4" ci="0" mb="0" cb="0"/><line nr="2250" mi="0" ci="3" mb="0" cb="0"/><line nr="2251" mi="0" ci="3" mb="0" cb="0"/><line nr="2254" mi="0" ci="6" mb="0" cb="0"/><line nr="2256" mi="0" ci="6" mb="0" cb="0"/><line nr="2258" mi="0" ci="1" mb="0" cb="0"/><line nr="2263" mi="0" ci="3" mb="0" cb="0"/><line nr="2264" mi="0" ci="2" mb="0" cb="0"/><line nr="2266" mi="0" ci="9" mb="0" cb="2"/><line nr="2267" mi="0" ci="3" mb="0" cb="0"/><line nr="2268" mi="0" ci="3" mb="0" cb="0"/><line nr="2269" mi="0" ci="3" mb="0" cb="0"/><line nr="2270" mi="0" ci="3" mb="0" cb="0"/><line nr="2271" mi="0" ci="2" mb="0" cb="0"/><line nr="2274" mi="0" ci="3" mb="0" cb="0"/><line nr="2275" mi="0" ci="3" mb="0" cb="0"/><line nr="2276" mi="0" ci="3" mb="0" cb="0"/><line nr="2277" mi="0" ci="3" mb="0" cb="0"/><line nr="2279" mi="0" ci="2" mb="0" cb="2"/><line nr="2280" mi="0" ci="2" mb="0" cb="2"/><line nr="2281" mi="0" ci="3" mb="0" cb="0"/><line nr="2282" mi="0" ci="4" mb="0" cb="0"/><line nr="2284" mi="0" ci="3" mb="0" cb="0"/><line nr="2285" mi="0" ci="4" mb="0" cb="0"/><line nr="2288" mi="0" ci="3" mb="0" cb="0"/><line nr="2289" mi="0" ci="3" mb="0" cb="0"/><line nr="2291" mi="0" ci="1" mb="0" cb="0"/><line nr="2295" mi="3" ci="0" mb="0" cb="0"/><line nr="2296" mi="3" ci="0" mb="0" cb="0"/><line nr="2297" mi="4" ci="0" mb="0" cb="0"/><line nr="2299" mi="7" ci="0" mb="4" cb="0"/><line nr="2300" mi="6" ci="0" mb="0" cb="0"/><line nr="2301" mi="2" ci="0" mb="0" cb="0"/><line nr="2304" mi="4" ci="0" mb="2" cb="0"/><line nr="2305" mi="4" ci="0" mb="0" cb="0"/><line nr="2307" mi="1" ci="0" mb="0" cb="0"/><line nr="2314" mi="0" ci="1" mb="0" cb="0"/><line nr="2315" mi="0" ci="6" mb="0" cb="0"/><line nr="2317" mi="0" ci="2" mb="1" cb="1"/><line nr="2318" mi="11" ci="0" mb="0" cb="0"/><line nr="2319" mi="1" ci="0" mb="0" cb="0"/><line nr="2322" mi="0" ci="4" mb="0" cb="0"/><line nr="2323" mi="0" ci="4" mb="0" cb="0"/><line nr="2324" mi="0" ci="4" mb="0" cb="0"/><line nr="2325" mi="0" ci="2" mb="0" cb="0"/><line nr="2327" mi="0" ci="7" mb="0" cb="2"/><line nr="2328" mi="0" ci="3" mb="0" cb="0"/><line nr="2331" mi="0" ci="4" mb="0" cb="0"/><line nr="2333" mi="0" ci="6" mb="0" cb="0"/><line nr="2337" mi="0" ci="10" mb="0" cb="0"/><line nr="2339" mi="0" ci="7" mb="0" cb="2"/><line nr="2340" mi="0" ci="4" mb="0" cb="0"/><line nr="2342" mi="0" ci="7" mb="0" cb="2"/><line nr="2343" mi="0" ci="3" mb="0" cb="0"/><line nr="2346" mi="0" ci="10" mb="0" cb="0"/><line nr="2348" mi="0" ci="1" mb="0" cb="0"/><line nr="2354" mi="0" ci="1" mb="0" cb="0"/><line nr="2355" mi="0" ci="6" mb="0" cb="0"/><line nr="2357" mi="0" ci="2" mb="0" cb="2"/><line nr="2358" mi="0" ci="3" mb="0" cb="0"/><line nr="2359" mi="0" ci="2" mb="0" cb="0"/><line nr="2361" mi="0" ci="5" mb="0" cb="0"/><line nr="2362" mi="0" ci="1" mb="0" cb="0"/><line nr="2365" mi="0" ci="4" mb="0" cb="0"/><line nr="2366" mi="0" ci="4" mb="0" cb="0"/><line nr="2367" mi="0" ci="4" mb="0" cb="0"/><line nr="2368" mi="0" ci="2" mb="0" cb="0"/><line nr="2370" mi="0" ci="7" mb="0" cb="2"/><line nr="2371" mi="0" ci="3" mb="0" cb="0"/><line nr="2374" mi="0" ci="3" mb="0" cb="0"/><line nr="2375" mi="0" ci="2" mb="0" cb="0"/><line nr="2377" mi="0" ci="6" mb="0" cb="0"/><line nr="2381" mi="0" ci="9" mb="0" cb="0"/><line nr="2383" mi="0" ci="7" mb="0" cb="2"/><line nr="2384" mi="0" ci="4" mb="0" cb="0"/><line nr="2386" mi="0" ci="7" mb="0" cb="2"/><line nr="2387" mi="0" ci="3" mb="0" cb="0"/><line nr="2390" mi="0" ci="11" mb="0" cb="0"/><line nr="2393" mi="0" ci="1" mb="0" cb="0"/><line nr="2397" mi="0" ci="1" mb="0" cb="0"/><line nr="2398" mi="0" ci="6" mb="0" cb="0"/><line nr="2400" mi="0" ci="2" mb="0" cb="2"/><line nr="2401" mi="0" ci="5" mb="0" cb="0"/><line nr="2402" mi="0" ci="1" mb="0" cb="0"/><line nr="2405" mi="0" ci="6" mb="0" cb="0"/><line nr="2407" mi="0" ci="4" mb="0" cb="0"/><line nr="2408" mi="0" ci="4" mb="0" cb="0"/><line nr="2409" mi="0" ci="2" mb="0" cb="0"/><line nr="2410" mi="0" ci="2" mb="0" cb="0"/><line nr="2412" mi="0" ci="7" mb="0" cb="2"/><line nr="2413" mi="0" ci="3" mb="0" cb="0"/><line nr="2416" mi="0" ci="2" mb="0" cb="0"/><line nr="2418" mi="0" ci="10" mb="0" cb="0"/><line nr="2420" mi="0" ci="7" mb="0" cb="2"/><line nr="2421" mi="0" ci="4" mb="0" cb="0"/><line nr="2423" mi="0" ci="7" mb="0" cb="2"/><line nr="2424" mi="0" ci="3" mb="0" cb="0"/><line nr="2427" mi="0" ci="10" mb="0" cb="0"/><line nr="2429" mi="0" ci="1" mb="0" cb="0"/><line nr="2433" mi="0" ci="3" mb="0" cb="0"/><line nr="2435" mi="0" ci="2" mb="1" cb="1"/><line nr="2436" mi="1" ci="0" mb="0" cb="0"/><line nr="2439" mi="0" ci="5" mb="0" cb="0"/><line nr="2440" mi="0" ci="4" mb="0" cb="0"/><line nr="2441" mi="0" ci="2" mb="0" cb="0"/><line nr="2442" mi="0" ci="6" mb="0" cb="0"/><line nr="2446" mi="0" ci="3" mb="0" cb="0"/><line nr="2448" mi="0" ci="7" mb="0" cb="2"/><line nr="2449" mi="0" ci="3" mb="0" cb="0"/><line nr="2452" mi="0" ci="9" mb="0" cb="0"/><line nr="2454" mi="0" ci="7" mb="0" cb="2"/><line nr="2455" mi="0" ci="4" mb="0" cb="0"/><line nr="2457" mi="0" ci="7" mb="0" cb="2"/><line nr="2458" mi="0" ci="3" mb="0" cb="0"/><line nr="2461" mi="0" ci="9" mb="0" cb="0"/><line nr="2463" mi="0" ci="1" mb="0" cb="0"/><line nr="2467" mi="0" ci="3" mb="0" cb="0"/><line nr="2468" mi="0" ci="3" mb="0" cb="0"/><line nr="2469" mi="0" ci="7" mb="0" cb="0"/><line nr="2471" mi="0" ci="3" mb="0" cb="0"/><line nr="2473" mi="0" ci="10" mb="0" cb="2"/><line nr="2474" mi="0" ci="6" mb="0" cb="0"/><line nr="2475" mi="0" ci="3" mb="0" cb="0"/><line nr="2476" mi="0" ci="3" mb="0" cb="0"/><line nr="2477" mi="0" ci="2" mb="0" cb="0"/><line nr="2480" mi="0" ci="3" mb="0" cb="0"/><line nr="2481" mi="0" ci="3" mb="0" cb="0"/><line nr="2483" mi="0" ci="3" mb="0" cb="0"/><line nr="2484" mi="0" ci="6" mb="0" cb="0"/><line nr="2485" mi="0" ci="6" mb="0" cb="0"/><line nr="2488" mi="0" ci="5" mb="0" cb="0"/><line nr="2489" mi="0" ci="1" mb="0" cb="0"/><line nr="2493" mi="0" ci="3" mb="0" cb="0"/><line nr="2495" mi="0" ci="2" mb="0" cb="2"/><line nr="2496" mi="0" ci="8" mb="0" cb="2"/><line nr="2497" mi="0" ci="3" mb="0" cb="0"/><line nr="2500" mi="0" ci="3" mb="0" cb="0"/><line nr="2502" mi="0" ci="7" mb="0" cb="2"/><line nr="2503" mi="0" ci="3" mb="0" cb="0"/><line nr="2507" mi="0" ci="2" mb="0" cb="0"/><line nr="2515" mi="0" ci="6" mb="0" cb="0"/><line nr="2516" mi="0" ci="4" mb="0" cb="0"/><line nr="2517" mi="0" ci="1" mb="0" cb="0"/><line nr="2521" mi="0" ci="3" mb="0" cb="0"/><line nr="2523" mi="0" ci="7" mb="0" cb="0"/><line nr="2524" mi="0" ci="3" mb="0" cb="0"/><line nr="2526" mi="0" ci="10" mb="0" cb="2"/><line nr="2527" mi="0" ci="6" mb="0" cb="0"/><line nr="2528" mi="0" ci="3" mb="0" cb="0"/><line nr="2529" mi="0" ci="3" mb="0" cb="0"/><line nr="2530" mi="0" ci="2" mb="0" cb="0"/><line nr="2533" mi="0" ci="3" mb="0" cb="0"/><line nr="2534" mi="0" ci="4" mb="0" cb="0"/><line nr="2535" mi="0" ci="6" mb="0" cb="0"/><line nr="2537" mi="0" ci="4" mb="0" cb="0"/><line nr="2538" mi="0" ci="1" mb="0" cb="0"/><line nr="2542" mi="0" ci="3" mb="0" cb="0"/><line nr="2543" mi="0" ci="3" mb="0" cb="0"/><line nr="2545" mi="0" ci="2" mb="0" cb="2"/><line nr="2546" mi="0" ci="4" mb="0" cb="0"/><line nr="2548" mi="0" ci="3" mb="0" cb="0"/><line nr="2549" mi="0" ci="3" mb="0" cb="0"/><line nr="2552" mi="0" ci="2" mb="0" cb="2"/><line nr="2553" mi="0" ci="4" mb="0" cb="0"/><line nr="2555" mi="0" ci="3" mb="0" cb="0"/><line nr="2556" mi="0" ci="3" mb="0" cb="0"/><line nr="2558" mi="0" ci="1" mb="0" cb="0"/><line nr="2575" mi="0" ci="2" mb="0" cb="0"/><line nr="2576" mi="0" ci="3" mb="0" cb="0"/><line nr="2577" mi="0" ci="3" mb="0" cb="0"/><line nr="2578" mi="0" ci="3" mb="0" cb="0"/><line nr="2579" mi="0" ci="3" mb="0" cb="0"/><line nr="2580" mi="0" ci="3" mb="0" cb="0"/><line nr="2581" mi="0" ci="1" mb="0" cb="0"/><line nr="2585" mi="0" ci="2" mb="0" cb="2"/><line nr="2586" mi="0" ci="4" mb="0" cb="0"/><line nr="2589" mi="0" ci="6" mb="0" cb="2"/><line nr="2590" mi="0" ci="2" mb="0" cb="0"/><line nr="2593" mi="0" ci="6" mb="0" cb="0"/><line nr="2594" mi="0" ci="4" mb="0" cb="0"/><line nr="2595" mi="0" ci="3" mb="0" cb="0"/><line nr="2596" mi="0" ci="5" mb="0" cb="0"/><line nr="2598" mi="0" ci="6" mb="0" cb="2"/><line nr="2599" mi="0" ci="4" mb="0" cb="0"/><line nr="2602" mi="0" ci="2" mb="0" cb="0"/><line nr="2607" mi="0" ci="3" mb="0" cb="0"/><line nr="2609" mi="0" ci="3" mb="0" cb="0"/><line nr="2610" mi="0" ci="5" mb="0" cb="2"/><line nr="2611" mi="0" ci="5" mb="0" cb="0"/><line nr="2612" mi="0" ci="4" mb="0" cb="0"/><line nr="2613" mi="0" ci="3" mb="0" cb="0"/><line nr="2614" mi="0" ci="5" mb="0" cb="0"/><line nr="2617" mi="0" ci="4" mb="0" cb="0"/><line nr="2619" mi="0" ci="6" mb="0" cb="2"/><line nr="2620" mi="0" ci="4" mb="0" cb="0"/><line nr="2622" mi="0" ci="1" mb="0" cb="0"/><line nr="2626" mi="0" ci="3" mb="0" cb="0"/><line nr="2628" mi="0" ci="4" mb="0" cb="2"/><line nr="2629" mi="0" ci="2" mb="0" cb="0"/><line nr="2632" mi="0" ci="4" mb="0" cb="0"/><line nr="2634" mi="0" ci="4" mb="0" cb="2"/><line nr="2635" mi="0" ci="2" mb="0" cb="0"/><line nr="2638" mi="0" ci="4" mb="0" cb="0"/><line nr="2639" mi="0" ci="3" mb="0" cb="0"/><line nr="2641" mi="0" ci="6" mb="0" cb="0"/><line nr="2642" mi="0" ci="6" mb="0" cb="0"/><line nr="2644" mi="0" ci="3" mb="0" cb="0"/><line nr="2646" mi="0" ci="8" mb="0" cb="0"/><line nr="2648" mi="0" ci="11" mb="0" cb="0"/><line nr="2658" mi="0" ci="6" mb="0" cb="0"/><line nr="2663" mi="0" ci="3" mb="0" cb="0"/><line nr="2668" mi="0" ci="2" mb="0" cb="0"/><line nr="2675" mi="0" ci="3" mb="0" cb="2"/><line nr="2678" mi="0" ci="2" mb="0" cb="0"/><line nr="2680" mi="0" ci="1" mb="0" cb="0"/><line nr="2695" mi="0" ci="5" mb="0" cb="0"/><line nr="2697" mi="0" ci="3" mb="0" cb="0"/><line nr="2698" mi="0" ci="3" mb="0" cb="0"/><line nr="2699" mi="0" ci="3" mb="0" cb="0"/><line nr="2700" mi="0" ci="5" mb="0" cb="0"/><line nr="2701" mi="0" ci="4" mb="0" cb="0"/><line nr="2702" mi="0" ci="1" mb="0" cb="0"/><line nr="2706" mi="0" ci="5" mb="0" cb="0"/><line nr="2708" mi="0" ci="4" mb="0" cb="0"/><line nr="2709" mi="0" ci="3" mb="0" cb="0"/><line nr="2710" mi="0" ci="6" mb="0" cb="0"/><line nr="2711" mi="0" ci="5" mb="0" cb="0"/><line nr="2712" mi="0" ci="5" mb="0" cb="0"/><line nr="2713" mi="0" ci="1" mb="0" cb="0"/><line nr="2717" mi="4" ci="0" mb="0" cb="0"/><line nr="2718" mi="2" ci="0" mb="0" cb="0"/><line nr="2719" mi="9" ci="0" mb="0" cb="0"/><line nr="2720" mi="3" ci="0" mb="0" cb="0"/><line nr="2721" mi="2" ci="0" mb="0" cb="0"/><line nr="2726" mi="0" ci="3" mb="0" cb="0"/><line nr="2727" mi="0" ci="2" mb="0" cb="0"/><line nr="2728" mi="0" ci="8" mb="0" cb="0"/><line nr="2729" mi="0" ci="3" mb="0" cb="0"/><line nr="2730" mi="0" ci="1" mb="0" cb="0"/><line nr="2734" mi="6" ci="0" mb="0" cb="0"/><line nr="2739" mi="3" ci="0" mb="0" cb="0"/><line nr="2740" mi="3" ci="0" mb="0" cb="0"/><line nr="2742" mi="2" ci="0" mb="2" cb="0"/><line nr="2743" mi="2" ci="0" mb="0" cb="0"/><line nr="2746" mi="2" ci="0" mb="0" cb="0"/><line nr="2747" mi="9" ci="0" mb="0" cb="0"/><line nr="2748" mi="3" ci="0" mb="0" cb="0"/><line nr="2749" mi="2" ci="0" mb="0" cb="0"/><line nr="2754" mi="0" ci="2" mb="0" cb="0"/><line nr="2755" mi="0" ci="10" mb="0" cb="0"/><line nr="2756" mi="0" ci="5" mb="0" cb="0"/><line nr="2757" mi="0" ci="1" mb="0" cb="0"/><line nr="2761" mi="8" ci="0" mb="2" cb="0"/><line nr="2766" mi="9" ci="0" mb="2" cb="0"/><line nr="2767" mi="4" ci="0" mb="2" cb="0"/><line nr="2768" mi="2" ci="0" mb="0" cb="0"/><line nr="2770" mi="1" ci="0" mb="0" cb="0"/><line nr="2772" mi="2" ci="0" mb="0" cb="0"/><line nr="2777" mi="3" ci="0" mb="0" cb="0"/><line nr="2778" mi="3" ci="0" mb="0" cb="0"/><line nr="2780" mi="4" ci="0" mb="0" cb="0"/><line nr="2781" mi="6" ci="0" mb="4" cb="0"/><line nr="2782" mi="4" ci="0" mb="0" cb="0"/><line nr="2784" mi="4" ci="0" mb="0" cb="0"/><line nr="2787" mi="4" ci="0" mb="2" cb="0"/><line nr="2788" mi="4" ci="0" mb="0" cb="0"/><line nr="2790" mi="1" ci="0" mb="0" cb="0"/><line nr="2794" mi="5" ci="0" mb="0" cb="0"/><line nr="2795" mi="2" ci="0" mb="0" cb="0"/><line nr="2796" mi="8" ci="0" mb="0" cb="0"/><line nr="2801" mi="12" ci="0" mb="0" cb="0"/><line nr="2802" mi="2" ci="0" mb="0" cb="0"/><line nr="2803" mi="9" ci="0" mb="2" cb="0"/><line nr="2808" mi="7" ci="0" mb="2" cb="0"/><line nr="2813" mi="0" ci="3" mb="0" cb="0"/><line nr="2818" mi="12" ci="0" mb="0" cb="0"/><line nr="2819" mi="2" ci="0" mb="0" cb="0"/><line nr="2820" mi="9" ci="0" mb="2" cb="0"/><line nr="2825" mi="0" ci="4" mb="0" cb="0"/><line nr="2830" mi="0" ci="2" mb="0" cb="0"/><line nr="2831" mi="0" ci="3" mb="0" cb="0"/><line nr="2833" mi="0" ci="14" mb="0" cb="0"/><line nr="2834" mi="0" ci="11" mb="0" cb="0"/><line nr="2835" mi="0" ci="2" mb="0" cb="0"/><line nr="2838" mi="0" ci="10" mb="0" cb="2"/><line nr="2842" mi="0" ci="3" mb="1" cb="1"/><line nr="2843" mi="0" ci="4" mb="0" cb="0"/><line nr="2846" mi="4" ci="0" mb="0" cb="0"/><line nr="2850" mi="7" ci="0" mb="2" cb="0"/><line nr="2854" mi="3" ci="0" mb="2" cb="0"/><line nr="2855" mi="4" ci="0" mb="0" cb="0"/><line nr="2858" mi="4" ci="0" mb="0" cb="0"/><line nr="2862" mi="0" ci="8" mb="0" cb="0"/><line nr="2866" mi="8" ci="0" mb="0" cb="0"/><line nr="2870" mi="0" ci="3" mb="0" cb="0"/><line nr="2871" mi="0" ci="4" mb="0" cb="0"/><line nr="2872" mi="0" ci="1" mb="0" cb="0"/><line nr="2875" mi="4" ci="0" mb="0" cb="0"/><line nr="2876" mi="1" ci="0" mb="0" cb="0"/><line nr="2879" mi="4" ci="0" mb="0" cb="0"/><line nr="2880" mi="4" ci="0" mb="0" cb="0"/><line nr="2881" mi="1" ci="0" mb="0" cb="0"/><line nr="2887" mi="0" ci="3" mb="0" cb="0"/><line nr="2889" mi="0" ci="2" mb="1" cb="1"/><line nr="2890" mi="3" ci="0" mb="2" cb="0"/><line nr="2891" mi="3" ci="0" mb="2" cb="0"/><line nr="2892" mi="2" ci="0" mb="0" cb="0"/><line nr="2893" mi="2" ci="0" mb="0" cb="0"/><line nr="2897" mi="0" ci="3" mb="0" cb="2"/><line nr="2898" mi="0" ci="5" mb="0" cb="2"/><line nr="2899" mi="0" ci="2" mb="0" cb="0"/><line nr="2900" mi="0" ci="2" mb="0" cb="0"/><line nr="2905" mi="0" ci="2" mb="0" cb="0"/><line nr="2910" mi="5" ci="0" mb="0" cb="0"/><line nr="2911" mi="2" ci="0" mb="0" cb="0"/><line nr="2912" mi="8" ci="0" mb="0" cb="0"/><line nr="2913" mi="3" ci="0" mb="0" cb="0"/><line nr="2914" mi="2" ci="0" mb="0" cb="0"/><line nr="2919" mi="5" ci="0" mb="0" cb="0"/><line nr="2924" mi="2" ci="0" mb="0" cb="0"/><line nr="2925" mi="4" ci="0" mb="0" cb="0"/><line nr="2926" mi="12" ci="0" mb="0" cb="0"/><line nr="2928" mi="2" ci="0" mb="2" cb="0"/><line nr="2929" mi="7" ci="0" mb="0" cb="0"/><line nr="2932" mi="2" ci="0" mb="0" cb="0"/><line nr="2937" mi="11" ci="0" mb="0" cb="0"/><line nr="2938" mi="1" ci="0" mb="0" cb="0"/><line nr="2942" mi="5" ci="0" mb="0" cb="0"/><line nr="2947" mi="5" ci="0" mb="0" cb="0"/><line nr="2948" mi="2" ci="0" mb="0" cb="0"/><line nr="2949" mi="9" ci="0" mb="0" cb="0"/><line nr="2954" mi="0" ci="2" mb="0" cb="0"/><line nr="2955" mi="0" ci="3" mb="0" cb="0"/><line nr="2961" mi="3" ci="0" mb="2" cb="0"/><line nr="2962" mi="1" ci="0" mb="0" cb="0"/><line nr="2965" mi="3" ci="0" mb="0" cb="0"/><line nr="2966" mi="3" ci="0" mb="0" cb="0"/><line nr="2967" mi="4" ci="0" mb="0" cb="0"/><line nr="2969" mi="3" ci="0" mb="0" cb="0"/><line nr="2972" mi="11" ci="0" mb="2" cb="0"/><line nr="2973" mi="4" ci="0" mb="0" cb="0"/><line nr="2974" mi="3" ci="0" mb="0" cb="0"/><line nr="2977" mi="10" ci="0" mb="0" cb="0"/><line nr="2979" mi="6" ci="0" mb="0" cb="0"/><line nr="2980" mi="1" ci="0" mb="0" cb="0"/><line nr="2984" mi="0" ci="5" mb="0" cb="0"/><line nr="2985" mi="0" ci="9" mb="0" cb="0"/><line nr="2990" mi="2" ci="0" mb="0" cb="0"/><line nr="2991" mi="4" ci="0" mb="0" cb="0"/><line nr="2992" mi="4" ci="0" mb="0" cb="0"/><line nr="2993" mi="6" ci="0" mb="0" cb="0"/><line nr="2995" mi="2" ci="0" mb="0" cb="0"/><line nr="2996" mi="9" ci="0" mb="4" cb="0"/><line nr="2997" mi="5" ci="0" mb="0" cb="0"/><line nr="2998" mi="5" ci="0" mb="0" cb="0"/><line nr="3001" mi="5" ci="0" mb="2" cb="0"/><line nr="3002" mi="4" ci="0" mb="0" cb="0"/><line nr="3005" mi="2" ci="0" mb="0" cb="0"/><line nr="3010" mi="7" ci="0" mb="0" cb="0"/><line nr="3015" mi="2" ci="0" mb="0" cb="0"/><line nr="3017" mi="4" ci="0" mb="0" cb="0"/><line nr="3019" mi="5" ci="0" mb="2" cb="0"/><line nr="3020" mi="4" ci="0" mb="0" cb="0"/><line nr="3021" mi="4" ci="0" mb="0" cb="0"/><line nr="3025" mi="2" ci="0" mb="0" cb="0"/><line nr="3027" mi="6" ci="0" mb="0" cb="0"/><line nr="3028" mi="9" ci="0" mb="4" cb="0"/><line nr="3029" mi="5" ci="0" mb="0" cb="0"/><line nr="3031" mi="5" ci="0" mb="0" cb="0"/><line nr="3034" mi="5" ci="0" mb="2" cb="0"/><line nr="3035" mi="5" ci="0" mb="0" cb="0"/><line nr="3038" mi="2" ci="0" mb="0" cb="0"/><line nr="3042" mi="2" ci="0" mb="0" cb="0"/><line nr="3043" mi="4" ci="0" mb="0" cb="0"/><line nr="3044" mi="13" ci="0" mb="0" cb="0"/><line nr="3049" mi="2" ci="0" mb="2" cb="0"/><line nr="3050" mi="7" ci="0" mb="0" cb="0"/><line nr="3053" mi="2" ci="0" mb="0" cb="0"/><line nr="3057" mi="0" ci="6" mb="0" cb="2"/><line nr="3058" mi="0" ci="4" mb="0" cb="0"/><line nr="3059" mi="0" ci="1" mb="0" cb="0"/><line nr="3062" mi="0" ci="2" mb="1" cb="1"/><line nr="3063" mi="6" ci="0" mb="0" cb="0"/><line nr="3066" mi="0" ci="4" mb="1" cb="1"/><line nr="3067" mi="8" ci="0" mb="0" cb="0"/><line nr="3070" mi="0" ci="1" mb="0" cb="0"/><line nr="3073" mi="0" ci="2" mb="0" cb="0"/><line nr="3076" mi="0" ci="6" mb="0" cb="0"/><line nr="3077" mi="0" ci="5" mb="0" cb="0"/><line nr="3078" mi="0" ci="3" mb="0" cb="0"/><line nr="3079" mi="0" ci="2" mb="1" cb="1"/><line nr="3080" mi="0" ci="1" mb="0" cb="0"/><counter type="INSTRUCTION" missed="968" covered="4542"/><counter type="BRANCH" missed="120" covered="404"/><counter type="LINE" missed="218" covered="1057"/><counter type="COMPLEXITY" missed="115" covered="351"/><counter type="METHOD" missed="38" covered="165"/><counter type="CLASS" missed="0" covered="8"/></sourcefile><counter type="INSTRUCTION" missed="984" covered="4595"/><counter type="BRANCH" missed="122" covered="408"/><counter type="LINE" missed="221" covered="1072"/><counter type="COMPLEXITY" missed="118" covered="357"/><counter type="METHOD" missed="40" covered="169"/><counter type="CLASS" missed="0" covered="10"/></package><counter type="INSTRUCTION" missed="3293" covered="4595"/><counter type="BRANCH" missed="213" covered="408"/><counter type="LINE" missed="863" covered="1072"/><counter type="COMPLEXITY" missed="282" covered="357"/><counter type="METHOD" missed="158" covered="169"/><counter type="CLASS" missed="3" covered="10"/></report>